info it worked if it ends with ok
verbose cli [ 'node', '/usr/local/bin/npm', 'install', 'librsvg' ]
info using npm@1.0.106
info using node@v0.6.6
verbose config file /Users/sarajchipps/.npmrc
verbose config file /usr/local/etc/npmrc
verbose config file /usr/local/lib/node_modules/npm/npmrc
silly testEngine { name: 'OctocatMe',
silly testEngine   version: '0.0.1-18',
silly testEngine   private: true,
silly testEngine   dependencies: 
silly testEngine    { express: '2.5.2',
silly testEngine      jade: '~0.19.0',
silly testEngine      mongoose: '2.4.x',
silly testEngine      stylus: '~0.21.1',
silly testEngine      'express-resource': '~0.2.3',
silly testEngine      underscore: '~1.2.3',
silly testEngine      natural: '0.0.x',
silly testEngine      everyauth: '0.2.x',
silly testEngine      nconf: '0.5.x',
silly testEngine      'socket.io': '0.8.x',
silly testEngine      bcrypt: '0.4.x' },
silly testEngine   engines: { node: '0.6.x' },
silly testEngine   subdomain: 'octocatme',
silly testEngine   scripts: { start: 'server.js' },
silly testEngine   _id: 'OctocatMe@0.0.1-18',
silly testEngine   devDependencies: {},
silly testEngine   _engineSupported: true,
silly testEngine   _npmVersion: '1.0.106',
silly testEngine   _nodeVersion: 'v0.6.6',
silly testEngine   _defaultsLoaded: true }
verbose caching /Users/sarajchipps/Development/OctocatMe/backend/package.json
verbose loadDefaults OctocatMe@0.0.1-18
silly testEngine { name: 'async',
silly testEngine   description: 'Higher-order functions and common patterns for asynchronous code',
silly testEngine   main: './index',
silly testEngine   author: { name: 'Caolan McMahon' },
silly testEngine   version: '0.1.16',
silly testEngine   repository: { type: 'git', url: 'git://github.com/caolan/async.git' },
silly testEngine   bugs: { url: 'http://github.com/caolan/async/issues' },
silly testEngine   licenses: 
silly testEngine    [ { type: 'MIT',
silly testEngine        url: 'http://github.com/caolan/async/raw/master/LICENSE' } ],
silly testEngine   _id: 'async@0.1.16',
silly testEngine   dependencies: {},
silly testEngine   devDependencies: {},
silly testEngine   engines: { node: '*' },
silly testEngine   _engineSupported: true,
silly testEngine   _npmVersion: '1.0.106',
silly testEngine   _nodeVersion: 'v0.6.6',
silly testEngine   _defaultsLoaded: true }
verbose caching /Users/sarajchipps/Development/OctocatMe/backend/node_modules/async/package.json
verbose loadDefaults async@0.1.16
silly testEngine { name: 'db',
silly testEngine   version: '1.0.2',
silly testEngine   description: 'Easy access to mongodb, redis, or ds',
silly testEngine   author: 
silly testEngine    { name: 'Joe Hitchens',
silly testEngine      email: 'joe@sleepless.com',
silly testEngine      url: 'sleepless.com' },
silly testEngine   license: 
silly testEngine    { type: 'MIT',
silly testEngine      url: 'https://github.com/sleeplessinc/db/raw/master/LICENSE' },
silly testEngine   repository: { type: 'git', url: 'git://github.com/sleeplessinc/db.git' },
silly testEngine   dependencies: { mysql: '0.9.4', redis: '0.6.7', ds: '1.2.0' },
silly testEngine   _id: 'db@1.0.2',
silly testEngine   devDependencies: {},
silly testEngine   engines: { node: '*' },
silly testEngine   _engineSupported: true,
silly testEngine   _npmVersion: '1.0.106',
silly testEngine   _nodeVersion: 'v0.6.6',
silly testEngine   _defaultsLoaded: true }
verbose caching /Users/sarajchipps/Development/OctocatMe/backend/node_modules/db/package.json
verbose loadDefaults db@1.0.2
silly testEngine { name: 'dnode',
silly testEngine   version: '0.9.3',
silly testEngine   description: 'freestyle RPC',
silly testEngine   main: './index.js',
silly testEngine   keywords: 
silly testEngine    [ 'message passing',
silly testEngine      'rpc',
silly testEngine      'rmi',
silly testEngine      'drb',
silly testEngine      'remote',
silly testEngine      'communication',
silly testEngine      'websockets',
silly testEngine      'socket.io' ],
silly testEngine   repository: { type: 'git', url: 'git://github.com/substack/dnode.git' },
silly testEngine   directories: { lib: '.', examples: './examples' },
silly testEngine   dependencies: 
silly testEngine    { 'socket.io': '0.8.6',
silly testEngine      'socket.io-client': 'https://github.com/substack/socket.io-client/tarball/master',
silly testEngine      lazy: '>=1.0.5 <1.1',
silly testEngine      traverse: '0.4.x',
silly testEngine      'dnode-protocol': '0.1.x',
silly testEngine      jsonify: '0.0.x' },
silly testEngine   devDependencies: { tap: '0.0.x', browserify: '1.4.x', 'uglify-js': '1.0.6' },
silly testEngine   scripts: { test: 'tap test/*.js' },
silly testEngine   browserify: 'browser/index.js',
silly testEngine   engine: { node: '>=0.4.0' },
silly testEngine   author: 
silly testEngine    { name: 'James Halliday',
silly testEngine      email: 'mail@substack.net',
silly testEngine      url: 'http://substack.net' },
silly testEngine   _id: 'dnode@0.9.3',
silly testEngine   engines: { node: '*' },
silly testEngine   _engineSupported: true,
silly testEngine   _npmVersion: '1.0.106',
silly testEngine   _nodeVersion: 'v0.6.6',
silly testEngine   _defaultsLoaded: true }
verbose caching /Users/sarajchipps/Development/OctocatMe/backend/node_modules/dnode/package.json
verbose loadDefaults dnode@0.9.3
silly testEngine { name: 'everyauth',
silly testEngine   description: 'Auth solution (password, facebook, & more) for your node.js Connect & Express apps',
silly testEngine   version: '0.2.30',
silly testEngine   homepage: 'https://github.com/bnoguchi/everyauth/',
silly testEngine   repository: { type: 'git', url: 'git://github.com/bnoguchi/everyauth.git' },
silly testEngine   author: 
silly testEngine    { name: 'Brian Noguchi',
silly testEngine      email: 'brian.noguchi@gmail.com',
silly testEngine      url: 'https://github.com/bnoguchi/' },
silly testEngine   keywords: 
silly testEngine    [ 'auth',
silly testEngine      'oauth',
silly testEngine      'password',
silly testEngine      'facebook',
silly testEngine      'openid',
silly testEngine      'twitter',
silly testEngine      'dropbox',
silly testEngine      'authorization',
silly testEngine      'authentication',
silly testEngine      'connect',
silly testEngine      'express' ],
silly testEngine   main: './index.js',
silly testEngine   directories: { lib: 'lib' },
silly testEngine   dependencies: 
silly testEngine    { oauth: '>=0.9.0',
silly testEngine      restler: '>=0.2.1',
silly testEngine      request: '>=2.2.0',
silly testEngine      connect: '>=1 <2',
silly testEngine      openid: '>=0.2.0',
silly testEngine      xml2js: '>=0.1.7',
silly testEngine      'node-swt': '>=0.1.1',
silly testEngine      'node-wsfederation': '>=0.1.1' },
silly testEngine   devDependencies: 
silly testEngine    { express: '>=2.3.10',
silly testEngine      jade: '>=0.12.1',
silly testEngine      tobi: '>=0.2.2',
silly testEngine      expresso: '>=0.8.1',
silly testEngine      should: '>=0.2.1' },
silly testEngine   engines: { node: '>=0.4' },
silly testEngine   _id: 'everyauth@0.2.30',
silly testEngine   _engineSupported: true,
silly testEngine   _npmVersion: '1.0.106',
silly testEngine   _nodeVersion: 'v0.6.6',
silly testEngine   _defaultsLoaded: true }
verbose caching /Users/sarajchipps/Development/OctocatMe/backend/node_modules/everyauth/package.json
verbose loadDefaults everyauth@0.2.30
silly testEngine { name: 'express',
silly testEngine   description: 'Sinatra inspired web development framework',
silly testEngine   version: '2.5.2',
silly testEngine   author: { name: 'TJ Holowaychuk', email: 'tj@vision-media.ca' },
silly testEngine   contributors: 
silly testEngine    [ { name: 'TJ Holowaychuk', email: 'tj@vision-media.ca' },
silly testEngine      { name: 'Aaron Heckmann',
silly testEngine        email: 'aaron.heckmann+github@gmail.com' },
silly testEngine      { name: 'Ciaran Jessup', email: 'ciaranj@gmail.com' },
silly testEngine      { name: 'Guillermo Rauch', email: 'rauchg@gmail.com' } ],
silly testEngine   dependencies: 
silly testEngine    { connect: '1.8.x',
silly testEngine      mime: '>= 0.0.1',
silly testEngine      qs: '>= 0.3.1',
silly testEngine      mkdirp: '0.0.7' },
silly testEngine   devDependencies: 
silly testEngine    { 'connect-form': '0.2.1',
silly testEngine      ejs: '0.4.2',
silly testEngine      expresso: '0.9.2',
silly testEngine      hamljs: '0.5.1',
silly testEngine      jade: '0.16.2',
silly testEngine      stylus: '0.13.0',
silly testEngine      should: '0.3.2',
silly testEngine      'express-messages': '0.0.2',
silly testEngine      'node-markdown': '>= 0.0.1',
silly testEngine      'connect-redis': '>= 0.0.1' },
silly testEngine   keywords: [ 'framework', 'sinatra', 'web', 'rest', 'restful' ],
silly testEngine   repository: { type: 'git', url: 'git://github.com/visionmedia/express.git' },
silly testEngine   main: 'index',
silly testEngine   bin: { express: './bin/express' },
silly testEngine   scripts: { test: 'make test', prepublish: 'npm prune' },
silly testEngine   engines: { node: '>= 0.4.1 < 0.7.0' },
silly testEngine   _id: 'express@2.5.2',
silly testEngine   _engineSupported: true,
silly testEngine   _npmVersion: '1.0.106',
silly testEngine   _nodeVersion: 'v0.6.6',
silly testEngine   _defaultsLoaded: true }
verbose caching /Users/sarajchipps/Development/OctocatMe/backend/node_modules/express/package.json
verbose loadDefaults express@2.5.2
silly testEngine { name: 'express-resource',
silly testEngine   description: 'Resourceful routing for express',
silly testEngine   version: '0.2.3',
silly testEngine   author: { name: 'TJ Holowaychuk', email: 'tj@vision-media.ca' },
silly testEngine   contributors: [ { name: 'Daniel Gasienica', email: 'daniel@gasienica.ch' } ],
silly testEngine   dependencies: { lingo: '>= 0.0.4' },
silly testEngine   devDependencies: 
silly testEngine    { connect: '1.4.x',
silly testEngine      express: '2.3.x',
silly testEngine      ejs: '0.4.x',
silly testEngine      expresso: '0.7.x',
silly testEngine      lingo: '0.0.4',
silly testEngine      qs: '0.1.x',
silly testEngine      should: '>= 0.0.1' },
silly testEngine   keywords: [ 'express', 'rest', 'resource' ],
silly testEngine   main: 'index',
silly testEngine   engines: { node: '>= 0.2.0' },
silly testEngine   _id: 'express-resource@0.2.3',
silly testEngine   _engineSupported: true,
silly testEngine   _npmVersion: '1.0.106',
silly testEngine   _nodeVersion: 'v0.6.6',
silly testEngine   _defaultsLoaded: true }
verbose caching /Users/sarajchipps/Development/OctocatMe/backend/node_modules/express-resource/package.json
verbose loadDefaults express-resource@0.2.3
silly testEngine { name: 'hooks',
silly testEngine   description: 'Adds pre and post hook functionality to your JavaScript methods.',
silly testEngine   version: '0.2.0',
silly testEngine   keywords: [ 'node', 'hooks', 'middleware', 'pre', 'post' ],
silly testEngine   homepage: 'https://github.com/bnoguchi/hooks-js/',
silly testEngine   repository: { type: 'git', url: 'git://github.com/bnoguchi/hooks-js.git' },
silly testEngine   author: 
silly testEngine    { name: 'Brian Noguchi',
silly testEngine      email: 'brian.noguchi@gmail.com',
silly testEngine      url: 'https://github.com/bnoguchi/' },
silly testEngine   main: './hooks.js',
silly testEngine   directories: { lib: '.' },
silly testEngine   scripts: { test: 'make test' },
silly testEngine   dependencies: {},
silly testEngine   devDependencies: { expresso: '>=0.7.6', should: '>=0.2.1', underscore: '>=1.1.4' },
silly testEngine   engines: { node: '>=0.4.0' },
silly testEngine   licenses: [ 'MIT' ],
silly testEngine   optionalDependencies: {},
silly testEngine   _id: 'hooks@0.2.0',
silly testEngine   _engineSupported: true,
silly testEngine   _npmVersion: '1.0.106',
silly testEngine   _nodeVersion: 'v0.6.6',
silly testEngine   _defaultsLoaded: true }
verbose caching /Users/sarajchipps/Development/OctocatMe/backend/node_modules/hooks/package.json
verbose loadDefaults hooks@0.2.0
silly testEngine { author: 
silly testEngine    { name: 'Isaac Z. Schlueter',
silly testEngine      email: 'i@izs.me',
silly testEngine      url: 'http://blog.izs.me/' },
silly testEngine   name: 'ini',
silly testEngine   description: 'An ini encoder/decoder for node',
silly testEngine   version: '1.0.2',
silly testEngine   repository: { type: 'git', url: 'git://github.com/isaacs/ini.git' },
silly testEngine   main: 'ini.js',
silly testEngine   scripts: { test: 'tap test/*.js' },
silly testEngine   engines: { node: '*' },
silly testEngine   dependencies: {},
silly testEngine   devDependencies: { tap: '~0.0.9' },
silly testEngine   _id: 'ini@1.0.2',
silly testEngine   _engineSupported: true,
silly testEngine   _npmVersion: '1.0.106',
silly testEngine   _nodeVersion: 'v0.6.6',
silly testEngine   _defaultsLoaded: true }
verbose caching /Users/sarajchipps/Development/OctocatMe/backend/node_modules/ini/package.json
verbose loadDefaults ini@1.0.2
silly testEngine { name: 'jade',
silly testEngine   description: 'Jade template engine',
silly testEngine   version: '0.19.0',
silly testEngine   author: { name: 'TJ Holowaychuk', email: 'tj@vision-media.ca' },
silly testEngine   repository: { type: 'git', url: 'git://github.com/visionmedia/jade.git' },
silly testEngine   main: './index.js',
silly testEngine   bin: { jade: './bin/jade' },
silly testEngine   dependencies: { commander: '0.2.x', mkdirp: '>= 0.0.7' },
silly testEngine   devDependencies: 
silly testEngine    { mocha: '*',
silly testEngine      'coffee-script': '>= 0.0.1',
silly testEngine      markdown: '>= 0.0.1',
silly testEngine      stylus: '>= 0.0.1',
silly testEngine      uubench: '0.0.1',
silly testEngine      'uglify-js': '>= 1.0.7' },
silly testEngine   scripts: { prepublish: 'npm prune' },
silly testEngine   engines: { node: '>= 0.1.98' },
silly testEngine   _id: 'jade@0.19.0',
silly testEngine   _engineSupported: true,
silly testEngine   _npmVersion: '1.0.106',
silly testEngine   _nodeVersion: 'v0.6.6',
silly testEngine   _defaultsLoaded: true }
verbose caching /Users/sarajchipps/Development/OctocatMe/backend/node_modules/jade/package.json
verbose loadDefaults jade@0.19.0
silly testEngine { name: 'jitsu',
silly testEngine   description: 'Flawless command line deployment of your Node.js apps to the cloud',
silly testEngine   keywords: 
silly testEngine    [ 'cli',
silly testEngine      'nodejitsu',
silly testEngine      'cloud hosting',
silly testEngine      'platform-as-a-service',
silly testEngine      'deployment' ],
silly testEngine   version: '0.7.4-1',
silly testEngine   author: { name: 'Nodejitsu Inc.', email: 'support@nodejitsu.com' },
silly testEngine   repository: { type: 'git', url: 'git://github.com/nodejitsu/jitsu.git' },
silly testEngine   preferGlobal: true,
silly testEngine   dependencies: 
silly testEngine    { async: '0.1.x',
silly testEngine      cliff: '0.1.x',
silly testEngine      colors: '0.x.x',
silly testEngine      eyes: '0.1.x',
silly testEngine      nconf: '0.2.x',
silly testEngine      npm: '>= 1.0.100 < 1.1.0',
silly testEngine      ncp: '0.2.x',
silly testEngine      optimist: '0.2.x',
silly testEngine      'nodejitsu-api': '0.2.x',
silly testEngine      pkginfo: '0.2.x',
silly testEngine      prompt: '0.1.x >=0.1.7',
silly testEngine      request: '2.2.x',
silly testEngine      'require-analyzer': '0.4.x',
silly testEngine      rimraf: '1.0.x',
silly testEngine      winston: '0.5.x',
silly testEngine      semver: '1.0.x' },
silly testEngine   devDependencies: 
silly testEngine    { 'it-is': '0.x.x',
silly testEngine      nodemock: '0.2.9beta',
silly testEngine      'mock-request': '0.1.x >=0.1.2',
silly testEngine      vows: '0.5.x' },
silly testEngine   bin: { jitsu: './bin/jitsu' },
silly testEngine   main: './lib/jitsu',
silly testEngine   scripts: { test: 'vows test/commands/*-test.js test/*-test.js --isolate --spec' },
silly testEngine   engines: { node: '>= 0.4.0' },
silly testEngine   _id: 'jitsu@0.7.4-1',
silly testEngine   _engineSupported: true,
silly testEngine   _npmVersion: '1.0.106',
silly testEngine   _nodeVersion: 'v0.6.6',
silly testEngine   _defaultsLoaded: true }
verbose caching /Users/sarajchipps/Development/OctocatMe/backend/node_modules/jitsu/package.json
verbose loadDefaults jitsu@0.7.4-1
silly testEngine { name: 'lingo',
silly testEngine   description: 'linguistics module sporting inflection and more',
silly testEngine   version: '0.0.4',
silly testEngine   author: { name: 'TJ Holowaychuk', email: 'tj@vision-media.ca' },
silly testEngine   keywords: [ 'language', 'linguistics', 'inflection' ],
silly testEngine   main: './index.js',
silly testEngine   engines: { node: '>= 0.2.0' },
silly testEngine   _id: 'lingo@0.0.4',
silly testEngine   dependencies: {},
silly testEngine   devDependencies: {},
silly testEngine   _engineSupported: true,
silly testEngine   _npmVersion: '1.0.106',
silly testEngine   _nodeVersion: 'v0.6.6',
silly testEngine   _defaultsLoaded: true }
verbose caching /Users/sarajchipps/Development/OctocatMe/backend/node_modules/lingo/package.json
verbose loadDefaults lingo@0.0.4
silly testEngine { name: 'mkdirp',
silly testEngine   description: 'Recursively mkdir, like `mkdir -p`',
silly testEngine   version: '0.3.0',
silly testEngine   author: 
silly testEngine    { name: 'James Halliday',
silly testEngine      email: 'mail@substack.net',
silly testEngine      url: 'http://substack.net' },
silly testEngine   main: './index',
silly testEngine   keywords: [ 'mkdir', 'directory' ],
silly testEngine   repository: 
silly testEngine    { type: 'git',
silly testEngine      url: 'git://github.com/substack/node-mkdirp.git' },
silly testEngine   scripts: { test: 'tap test/*.js' },
silly testEngine   devDependencies: { tap: '0.0.x' },
silly testEngine   license: 'MIT/X11',
silly testEngine   engines: { node: '*' },
silly testEngine   _id: 'mkdirp@0.3.0',
silly testEngine   dependencies: {},
silly testEngine   _engineSupported: true,
silly testEngine   _npmVersion: '1.0.106',
silly testEngine   _nodeVersion: 'v0.6.6',
silly testEngine   _defaultsLoaded: true }
verbose caching /Users/sarajchipps/Development/OctocatMe/backend/node_modules/mkdirp/package.json
verbose loadDefaults mkdirp@0.3.0
silly testEngine { name: 'mocha',
silly testEngine   version: '0.7.0',
silly testEngine   description: 'simple, flexible, fun test framework',
silly testEngine   keywords: [ 'test', 'bdd', 'tdd', 'tap' ],
silly testEngine   bin: { mocha: './bin/mocha', 'mocha-debug': './bin/mocha-debug' },
silly testEngine   author: { name: 'TJ Holowaychuk', email: 'tj@vision-media.ca' },
silly testEngine   main: 'index',
silly testEngine   engines: { node: '>= 0.4.x < 0.7.0' },
silly testEngine   scripts: { test: 'make test' },
silly testEngine   dependencies: { commander: '0.3.2', growl: '1.4.x', debug: '*' },
silly testEngine   devDependencies: { should: '0.3.x' },
silly testEngine   _id: 'mocha@0.7.0',
silly testEngine   _engineSupported: true,
silly testEngine   _npmVersion: '1.0.106',
silly testEngine   _nodeVersion: 'v0.6.6',
silly testEngine   _defaultsLoaded: true }
verbose caching /Users/sarajchipps/Development/OctocatMe/backend/node_modules/mocha/package.json
verbose loadDefaults mocha@0.7.0
silly testEngine { name: 'mongo',
silly testEngine   description: 'A thin wrapper for the mongodb library',
silly testEngine   version: '0.1.0',
silly testEngine   author: { name: 'Chris O\'Hara', email: 'cohara87@gmail.com' },
silly testEngine   main: 'index',
silly testEngine   dependencies: { mongodb: '*' },
silly testEngine   engines: { node: '>= 0.4.0' },
silly testEngine   licenses: [ { type: 'MIT' } ],
silly testEngine   _id: 'mongo@0.1.0',
silly testEngine   devDependencies: {},
silly testEngine   _engineSupported: true,
silly testEngine   _npmVersion: '1.0.106',
silly testEngine   _nodeVersion: 'v0.6.6',
silly testEngine   _defaultsLoaded: true }
verbose caching /Users/sarajchipps/Development/OctocatMe/backend/node_modules/mongo/package.json
verbose loadDefaults mongo@0.1.0
silly testEngine { name: 'mongodb',
silly testEngine   description: 'A node.js driver for MongoDB',
silly testEngine   keywords: [ 'mongodb', 'mongo', 'driver', 'db' ],
silly testEngine   version: '0.9.9-3',
silly testEngine   author: { name: 'Christian Amor Kvalheim', email: 'christkv@gmail.com' },
silly testEngine   contributors: 
silly testEngine    [ { name: 'Aaron Heckmann' },
silly testEngine      { name: 'Christoph Pojer' },
silly testEngine      { name: 'Pau Ramon Revilla' },
silly testEngine      { name: 'Nathan White' },
silly testEngine      { name: 'Emmerman' },
silly testEngine      { name: 'Seth LaForge' },
silly testEngine      { name: 'Boris Filipov' },
silly testEngine      { name: 'Stefan Schärmeli' },
silly testEngine      { name: 'Tedde Lundgren' },
silly testEngine      { name: 'renctan' },
silly testEngine      { name: 'Sergey Ukustov' },
silly testEngine      { name: 'Ciaran Jessup' },
silly testEngine      { name: 'kuno' },
silly testEngine      { name: 'srimonti' },
silly testEngine      { name: 'Erik Abele' },
silly testEngine      { name: 'Pratik Daga' },
silly testEngine      { name: 'Slobodan Utvic' },
silly testEngine      { name: 'Kristina Chodorow' },
silly testEngine      { name: 'Yonathan Randolph' },
silly testEngine      { name: 'Brian Noguchi' },
silly testEngine      { name: 'Sam Epstein' },
silly testEngine      { name: 'James Harrison Fisher' },
silly testEngine      { name: 'Vladimir Dronnikov' },
silly testEngine      { name: 'Ben Hockey' },
silly testEngine      { name: 'Henrik Johansson' },
silly testEngine      { name: 'Simon Weare' },
silly testEngine      { name: 'Alex Gorbatchev' },
silly testEngine      { name: 'Shimon Doodkin' },
silly testEngine      { name: 'Kyle Mueller' },
silly testEngine      { name: 'Eran Hammer-Lahav' },
silly testEngine      { name: 'Marcin Ciszak' },
silly testEngine      { name: 'François de Metz' },
silly testEngine      { name: 'Vinay Pulim' },
silly testEngine      { name: 'nstielau' },
silly testEngine      { name: 'Adam Wiggins' },
silly testEngine      { name: 'entrinzikyl' },
silly testEngine      { name: 'Jeremy Selier' },
silly testEngine      { name: 'Ian Millington' },
silly testEngine      { name: 'Public Keating' },
silly testEngine      { name: 'andrewjstone' },
silly testEngine      { name: 'Christopher Stott' },
silly testEngine      { name: 'Corey Jewett' },
silly testEngine      { name: 'brettkiefer' },
silly testEngine      { name: 'Rob Holland' },
silly testEngine      { name: 'Senmiao Liu' },
silly testEngine      { name: 'heroic' },
silly testEngine      { name: 'gitfy' },
silly testEngine      { name: 'Andrew Stone' },
silly testEngine      { name: 'John Le Drew' } ],
silly testEngine   repository: 
silly testEngine    { type: 'git',
silly testEngine      url: 'git://github.com/christkv/node-mongodb-native.git' },
silly testEngine   bugs: 
silly testEngine    { email: 'node-mongodb-native@googlegroups.com',
silly testEngine      url: 'http://github.com/christkv/node-mongodb-native/issues' },
silly testEngine   os: [ 'linux', 'darwin', 'freebsd' ],
silly testEngine   devDependencies: 
silly testEngine    { dox: '0.1.3',
silly testEngine      'uglify-js': '1.2.5',
silly testEngine      ejs: '0.6.1',
silly testEngine      nodeunit: '0.7.3',
silly testEngine      github3: '>=0.3.0',
silly testEngine      markdown: '0.3.1',
silly testEngine      gleak: '0.2.3',
silly testEngine      step: '0.0.5' },
silly testEngine   config: { native: false },
silly testEngine   main: './lib/mongodb/index',
silly testEngine   directories: { lib: './lib/mongodb' },
silly testEngine   engines: { node: '>=0.4.0' },
silly testEngine   scripts: { install: 'node install.js' },
silly testEngine   licenses: 
silly testEngine    [ { type: 'Apache License, Version 2.0',
silly testEngine        url: 'http://www.apache.org/licenses/LICENSE-2.0' } ],
silly testEngine   _id: 'mongodb@0.9.9-3',
silly testEngine   dependencies: {},
silly testEngine   _engineSupported: true,
silly testEngine   _npmVersion: '1.0.106',
silly testEngine   _nodeVersion: 'v0.6.6',
silly testEngine   _defaultsLoaded: true }
verbose caching /Users/sarajchipps/Development/OctocatMe/backend/node_modules/mongodb/package.json
verbose loadDefaults mongodb@0.9.9-3
silly testEngine { name: 'mongoose',
silly testEngine   description: 'Mongoose MongoDB ODM',
silly testEngine   version: '2.4.7',
silly testEngine   author: { name: 'Guillermo Rauch', email: 'guillermo@learnboost.com' },
silly testEngine   keywords: [ 'mongodb', 'mongoose', 'orm', 'data', 'datastore', 'nosql' ],
silly testEngine   dependencies: { hooks: '0.1.9', mongodb: '0.9.7-2-1', colors: '0.5.1' },
silly testEngine   devDependencies: { should: '0.2.1', gleak: '0.2.1' },
silly testEngine   directories: { lib: './lib/mongoose' },
silly testEngine   scripts: { test: 'make test' },
silly testEngine   main: './index.js',
silly testEngine   engines: { node: '>= 0.4.0' },
silly testEngine   repository: { type: 'git', url: 'git://github.com/LearnBoost/mongoose.git' },
silly testEngine   _id: 'mongoose@2.4.7',
silly testEngine   _engineSupported: true,
silly testEngine   _npmVersion: '1.0.106',
silly testEngine   _nodeVersion: 'v0.6.6',
silly testEngine   _defaultsLoaded: true }
verbose caching /Users/sarajchipps/Development/OctocatMe/backend/node_modules/mongoose/package.json
verbose loadDefaults mongoose@2.4.7
silly testEngine { name: 'mongoose-auth',
silly testEngine   description: 'User authentication plugin for mongoose node.js orm',
silly testEngine   version: '0.0.12',
silly testEngine   homepage: 'https://github.com/bnoguchi/mongoose-auth/',
silly testEngine   repository: 
silly testEngine    { type: 'git',
silly testEngine      url: 'git://github.com/bnoguchi/mongoose-auth.git' },
silly testEngine   author: 
silly testEngine    { name: 'Brian Noguchi',
silly testEngine      email: 'brian.noguchi@gmail.com',
silly testEngine      url: 'https://github.com/bnoguchi/' },
silly testEngine   main: './index.js',
silly testEngine   directories: { lib: '.' },
silly testEngine   dependencies: 
silly testEngine    { bcrypt: '>=0.5.0',
silly testEngine      mongoose: '>=2.4.8',
silly testEngine      everyauth: '>=0.2.28',
silly testEngine      'mongoose-types': '>=1.0.3' },
silly testEngine   devDependencies: 
silly testEngine    { express: '>=2.3.2',
silly testEngine      jade: '>=0.12.1',
silly testEngine      mocha: '>=0.10.1',
silly testEngine      should: '>=0.5.1' },
silly testEngine   scripts: { test: 'make' },
silly testEngine   engines: { node: '>=0.4.0' },
silly testEngine   _id: 'mongoose-auth@0.0.12',
silly testEngine   _engineSupported: true,
silly testEngine   _npmVersion: '1.0.106',
silly testEngine   _nodeVersion: 'v0.6.6',
silly testEngine   _defaultsLoaded: true }
verbose caching /Users/sarajchipps/Development/OctocatMe/backend/node_modules/mongoose-auth/package.json
verbose loadDefaults mongoose-auth@0.0.12
silly testEngine { name: 'natural',
silly testEngine   description: 'General natural language (tokenizing, stemming, classification, inflection, phonetics, tfidf, WordNet) facilities for node.',
silly testEngine   version: '0.0.63',
silly testEngine   homepage: 'https://github.com/NaturalNode/natural',
silly testEngine   engines: { node: '>=0.2.6' },
silly testEngine   dependencies: 
silly testEngine    { sylvester: '>= 0.0.12',
silly testEngine      apparatus: '>= 0.0.4',
silly testEngine      underscore: '*' },
silly testEngine   devDependencies: { uubench: '0.0.x' },
silly testEngine   author: { name: 'Chris Umbel', email: 'chris@chrisumbel.com' },
silly testEngine   keywords: 
silly testEngine    [ 'natural',
silly testEngine      'language',
silly testEngine      'porter',
silly testEngine      'lancaster',
silly testEngine      'stemmer',
silly testEngine      'bayes',
silly testEngine      'classifier',
silly testEngine      'phonetic',
silly testEngine      'metaphone',
silly testEngine      'inflector',
silly testEngine      'wordnet',
silly testEngine      'tf-idf',
silly testEngine      'logistic',
silly testEngine      'regression' ],
silly testEngine   main: './lib/natural/index.js',
silly testEngine   maintainers: 
silly testEngine    [ { name: 'Chris Umbel',
silly testEngine        email: 'chris@chrisumbel.com',
silly testEngine        url: 'http://www.chrisumbel.com' },
silly testEngine      { name: 'Rob Ellis', email: 'rob@silentrob.me' } ],
silly testEngine   _id: 'natural@0.0.63',
silly testEngine   _engineSupported: true,
silly testEngine   _npmVersion: '1.0.106',
silly testEngine   _nodeVersion: 'v0.6.6',
silly testEngine   _defaultsLoaded: true }
verbose caching /Users/sarajchipps/Development/OctocatMe/backend/node_modules/natural/package.json
verbose loadDefaults natural@0.0.63
silly testEngine { name: 'nconf',
silly testEngine   description: 'Hierarchical node.js configuration with files, environment variables, command-line arguments, and atomic object merging.',
silly testEngine   version: '0.5.1',
silly testEngine   author: { name: 'Nodejitsu Inc.', email: 'info@nodejitsu.com' },
silly testEngine   contributors: [ { name: 'Charlie Robbins', email: 'charlie@nodejitsu.com' } ],
silly testEngine   repository: { type: 'git', url: 'git://github.com/flatiron/nconf.git' },
silly testEngine   keywords: [ 'configuration', 'key value store', 'plugabble' ],
silly testEngine   dependencies: 
silly testEngine    { async: '0.1.x',
silly testEngine      ini: '1.x.x',
silly testEngine      optimist: '0.3.x',
silly testEngine      pkginfo: '0.2.x' },
silly testEngine   devDependencies: { vows: '0.6.x' },
silly testEngine   main: './lib/nconf',
silly testEngine   scripts: { test: 'vows test/*-test.js test/**/*-test.js --spec' },
silly testEngine   engines: { node: '>= 0.4.0' },
silly testEngine   _id: 'nconf@0.5.1',
silly testEngine   _engineSupported: true,
silly testEngine   _npmVersion: '1.0.106',
silly testEngine   _nodeVersion: 'v0.6.6',
silly testEngine   _defaultsLoaded: true }
verbose caching /Users/sarajchipps/Development/OctocatMe/backend/node_modules/nconf/package.json
verbose loadDefaults nconf@0.5.1
silly testEngine { name: 'node-inspector',
silly testEngine   version: '0.1.10',
silly testEngine   description: 'Web Inspector based nodeJS debugger',
silly testEngine   homepage: 'http://github.com/dannycoates/node-inspector',
silly testEngine   author: { name: 'Danny Coates', email: 'dannycoates@gmail.com' },
silly testEngine   keywords: [ 'debug', 'debugger', 'inspector', 'profiler' ],
silly testEngine   repository: 
silly testEngine    { type: 'git',
silly testEngine      url: 'git://github.com/dannycoates/node-inspector.git' },
silly testEngine   engines: { node: '>=0.3.0' },
silly testEngine   bin: { 'node-inspector': './bin/inspector.js' },
silly testEngine   dependencies: { 'socket.io': '~0.8.2', paperboy: '~0.0.2' },
silly testEngine   _id: 'node-inspector@0.1.10',
silly testEngine   devDependencies: {},
silly testEngine   _engineSupported: true,
silly testEngine   _npmVersion: '1.0.106',
silly testEngine   _nodeVersion: 'v0.6.6',
silly testEngine   _defaultsLoaded: true }
verbose caching /Users/sarajchipps/Development/OctocatMe/backend/node_modules/node-inspector/package.json
verbose loadDefaults node-inspector@0.1.10
silly testEngine { name: 'passport-local',
silly testEngine   version: '0.1.0',
silly testEngine   description: 'Local username and password authentication strategy for Passport.',
silly testEngine   author: 
silly testEngine    { name: 'Jared Hanson',
silly testEngine      email: 'jaredhanson@gmail.com',
silly testEngine      url: 'http://www.jaredhanson.net/' },
silly testEngine   repository: 
silly testEngine    { type: 'git',
silly testEngine      url: 'git://github.com/jaredhanson/passport-local.git' },
silly testEngine   main: './lib/passport-local',
silly testEngine   dependencies: { passport: '>= 0.1.1' },
silly testEngine   engines: { node: '>= 0.4.0' },
silly testEngine   keywords: [ 'passport', 'local', 'auth', 'authn', 'authentication' ],
silly testEngine   _id: 'passport-local@0.1.0',
silly testEngine   devDependencies: {},
silly testEngine   _engineSupported: true,
silly testEngine   _npmVersion: '1.0.106',
silly testEngine   _nodeVersion: 'v0.6.6',
silly testEngine   _defaultsLoaded: true }
verbose caching /Users/sarajchipps/Development/OctocatMe/backend/node_modules/passport-local/package.json
verbose loadDefaults passport-local@0.1.0
silly testEngine { name: 'pkginfo',
silly testEngine   version: '0.2.3',
silly testEngine   description: 'An easy way to expose properties on a module from a package.json',
silly testEngine   author: { name: 'Charlie Robbins', email: 'charlie.robbins@gmail.com' },
silly testEngine   repository: 
silly testEngine    { type: 'git',
silly testEngine      url: 'git://github.com/indexzero/node-pkginfo.git' },
silly testEngine   keywords: [ 'info', 'tools', 'package.json' ],
silly testEngine   devDependencies: { vows: '0.6.x' },
silly testEngine   main: './lib/pkginfo',
silly testEngine   scripts: { test: 'vows test/*-test.js --spec' },
silly testEngine   engines: { node: '>= 0.4.0' },
silly testEngine   _id: 'pkginfo@0.2.3',
silly testEngine   dependencies: {},
silly testEngine   _engineSupported: true,
silly testEngine   _npmVersion: '1.0.106',
silly testEngine   _nodeVersion: 'v0.6.6',
silly testEngine   _defaultsLoaded: true }
verbose caching /Users/sarajchipps/Development/OctocatMe/backend/node_modules/pkginfo/package.json
verbose loadDefaults pkginfo@0.2.3
silly testEngine { name: 'restler',
silly testEngine   version: '2.0.0',
silly testEngine   description: 'An HTTP client library for node.js',
silly testEngine   contributors: [ { name: 'Dan Webb', email: 'dan@danwebb.net' } ],
silly testEngine   homepage: 'https://github.com/danwrong/restler',
silly testEngine   directories: { lib: './lib' },
silly testEngine   main: './lib/restler',
silly testEngine   engines: { node: '>= 0.6.x' },
silly testEngine   dependencies: {},
silly testEngine   devDependencies: 
silly testEngine    { nodeunit: '>=0.5.0',
silly testEngine      xml2js: '>=0.1.0',
silly testEngine      yaml: '>=0.2.0',
silly testEngine      iconv: '>=1.0.0' },
silly testEngine   _id: 'restler@2.0.0',
silly testEngine   _engineSupported: true,
silly testEngine   _npmVersion: '1.0.106',
silly testEngine   _nodeVersion: 'v0.6.6',
silly testEngine   _defaultsLoaded: true }
verbose caching /Users/sarajchipps/Development/OctocatMe/backend/node_modules/restler/package.json
verbose loadDefaults restler@2.0.0
silly testEngine { name: 'socket.io',
silly testEngine   version: '0.8.7',
silly testEngine   description: 'Real-time apps made cross-browser & easy with a WebSocket-like API',
silly testEngine   homepage: 'http://socket.io',
silly testEngine   keywords: [ 'websocket', 'socket', 'realtime', 'socket.io', 'comet', 'ajax' ],
silly testEngine   author: { name: 'Guillermo Rauch', email: 'guillermo@learnboost.com' },
silly testEngine   contributors: 
silly testEngine    [ { name: 'Guillermo Rauch', email: 'rauchg@gmail.com' },
silly testEngine      { name: 'Arnout Kazemier', email: 'info@3rd-eden.com' },
silly testEngine      { name: 'Vladimir Dronnikov', email: 'dronnikov@gmail.com' },
silly testEngine      { name: 'Einar Otto Stangvik', email: 'einaros@gmail.com' } ],
silly testEngine   repository: 
silly testEngine    { type: 'git',
silly testEngine      url: 'git://github.com/LearnBoost/socket.io.git' },
silly testEngine   dependencies: 
silly testEngine    { 'socket.io-client': '0.8.7',
silly testEngine      policyfile: '0.0.4',
silly testEngine      redis: '0.6.7' },
silly testEngine   devDependencies: 
silly testEngine    { expresso: '0.9.2',
silly testEngine      should: '0.0.4',
silly testEngine      assertvanish: '0.0.3-1',
silly testEngine      benchmark: '0.2.2',
silly testEngine      microtime: '0.1.3-1',
silly testEngine      colors: '0.5.1' },
silly testEngine   main: 'index',
silly testEngine   engines: { node: '>= 0.4.0' },
silly testEngine   _id: 'socket.io@0.8.7',
silly testEngine   _engineSupported: true,
silly testEngine   _npmVersion: '1.0.106',
silly testEngine   _nodeVersion: 'v0.6.6',
silly testEngine   _defaultsLoaded: true }
verbose caching /Users/sarajchipps/Development/OctocatMe/backend/node_modules/socket.io/package.json
verbose loadDefaults socket.io@0.8.7
silly testEngine { name: 'socket.io-client',
silly testEngine   description: 'Socket.IO client for the browser and node.js',
silly testEngine   version: '0.8.7',
silly testEngine   main: './lib/io.js',
silly testEngine   browserify: './dist/socket.io.js',
silly testEngine   homepage: 'http://socket.io',
silly testEngine   keywords: [ 'websocket', 'socket', 'realtime', 'socket.io', 'comet', 'ajax' ],
silly testEngine   author: { name: 'Guillermo Rauch', email: 'guillermo@learnboost.com' },
silly testEngine   contributors: 
silly testEngine    [ { name: 'Guillermo Rauch', email: 'rauchg@gmail.com' },
silly testEngine      { name: 'Arnout Kazemier', email: 'info@3rd-eden.com' },
silly testEngine      { name: 'Vladimir Dronnikov', email: 'dronnikov@gmail.com' },
silly testEngine      { name: 'Einar Otto Stangvik', email: 'einaros@gmail.com' } ],
silly testEngine   repository: 
silly testEngine    { type: 'git',
silly testEngine      url: 'git://github.com/LearnBoost/socket.io-client.git' },
silly testEngine   dependencies: 
silly testEngine    { 'uglify-js': '1.0.6',
silly testEngine      'websocket-client': '1.0.0',
silly testEngine      xmlhttprequest: '1.2.2' },
silly testEngine   devDependencies: 
silly testEngine    { expresso: '0.7.7',
silly testEngine      express: '2.3.11',
silly testEngine      jade: '0.12.1',
silly testEngine      stylus: '0.13.3',
silly testEngine      'socket.io': '0.8.7',
silly testEngine      'socket.io-client': '0.8.7' },
silly testEngine   engines: { node: '>= 0.4.0' },
silly testEngine   _id: 'socket.io-client@0.8.7',
silly testEngine   _engineSupported: true,
silly testEngine   _npmVersion: '1.0.106',
silly testEngine   _nodeVersion: 'v0.6.6',
silly testEngine   _defaultsLoaded: true }
verbose caching /Users/sarajchipps/Development/OctocatMe/backend/node_modules/socket.io-client/package.json
verbose loadDefaults socket.io-client@0.8.7
silly testEngine { name: 'stylus',
silly testEngine   description: 'Robust, expressive, and feature-rich CSS superset',
silly testEngine   version: '0.21.1',
silly testEngine   author: { name: 'TJ Holowaychuk', email: 'tj@vision-media.ca' },
silly testEngine   keywords: [ 'css', 'parser', 'style', 'stylesheets', 'jade', 'language' ],
silly testEngine   repository: { type: 'git', url: 'git://github.com/learnboost/stylus.git' },
silly testEngine   main: './index.js',
silly testEngine   engines: { node: '> 0.4.x < 0.7.0' },
silly testEngine   bin: { stylus: './bin/stylus' },
silly testEngine   scripts: { prepublish: 'npm prune' },
silly testEngine   dependencies: { cssom: '0.2.0', growl: '1.1.0', mkdirp: '0.0.7' },
silly testEngine   _id: 'stylus@0.21.1',
silly testEngine   devDependencies: {},
silly testEngine   _engineSupported: true,
silly testEngine   _npmVersion: '1.0.106',
silly testEngine   _nodeVersion: 'v0.6.6',
silly testEngine   _defaultsLoaded: true }
verbose caching /Users/sarajchipps/Development/OctocatMe/backend/node_modules/stylus/package.json
verbose loadDefaults stylus@0.21.1
silly testEngine { name: 'underscore',
silly testEngine   description: 'JavaScript\'s functional programming helper library.',
silly testEngine   homepage: 'http://documentcloud.github.com/underscore/',
silly testEngine   keywords: [ 'util', 'functional', 'server', 'client', 'browser' ],
silly testEngine   author: { name: 'Jeremy Ashkenas', email: 'jeremy@documentcloud.org' },
silly testEngine   contributors: [],
silly testEngine   dependencies: {},
silly testEngine   repository: 
silly testEngine    { type: 'git',
silly testEngine      url: 'git://github.com/documentcloud/underscore.git' },
silly testEngine   main: 'underscore.js',
silly testEngine   version: '1.2.3',
silly testEngine   _id: 'underscore@1.2.3',
silly testEngine   devDependencies: {},
silly testEngine   engines: { node: '*' },
silly testEngine   _engineSupported: true,
silly testEngine   _npmVersion: '1.0.106',
silly testEngine   _nodeVersion: 'v0.6.6',
silly testEngine   _defaultsLoaded: true }
verbose caching /Users/sarajchipps/Development/OctocatMe/backend/node_modules/underscore/package.json
verbose loadDefaults underscore@1.2.3
verbose has wscript [ undefined,
verbose has wscript   { file: '/Users/sarajchipps/Development/OctocatMe/backend/node_modules/bcrypt/package.json',
verbose has wscript     contributors: false,
verbose has wscript     serverjs: false,
verbose has wscript     wscript: true } ]
silly testEngine { name: 'bcrypt',
silly testEngine   description: 'A bcrypt library for NodeJS.',
silly testEngine   keywords: 
silly testEngine    [ 'bcrypt',
silly testEngine      'password',
silly testEngine      'auth',
silly testEngine      'authentication',
silly testEngine      'encryption',
silly testEngine      'crypt',
silly testEngine      'crypto' ],
silly testEngine   main: './bcrypt',
silly testEngine   version: '0.4.1',
silly testEngine   author: { name: 'Nick Campbell', url: 'http://github.com/ncb000gt' },
silly testEngine   engines: { node: '>= 0.4.0' },
silly testEngine   repository: 
silly testEngine    { type: 'git',
silly testEngine      url: 'git://github.com/ncb000gt/node.bcrypt.js.git' },
silly testEngine   licenses: [ { type: 'MIT' } ],
silly testEngine   bugs: { url: 'http://github.com/ncb000gt/node.bcrypt.js/issues' },
silly testEngine   scripts: { install: 'make build', test: 'make test' },
silly testEngine   devDependencies: { nodeunit: '>=0.5.4' },
silly testEngine   contributors: 
silly testEngine    [ { name: 'Antonio Salazar Cardozo',
silly testEngine        email: 'savedfastcool@gmail.com',
silly testEngine        url: 'https://github.com/Shadowfiend' },
silly testEngine      { name: 'Van Nguyen',
silly testEngine        email: 'the.gol.effect@gmail.com',
silly testEngine        url: 'https://github.com/thegoleffect' },
silly testEngine      { name: 'David Trejo',
silly testEngine        email: 'david@dtrejo.com',
silly testEngine        url: 'https://github.com/dtrejo' },
silly testEngine      { name: 'Ben Glow',
silly testEngine        email: 'glen.low@pixelglow.com',
silly testEngine        url: 'https://github.com/pixelglow' },
silly testEngine      { name: 'NewITFarmer.com',
silly testEngine        url: 'https://github.com/newitfarmer' },
silly testEngine      { name: 'Alfred Westerveld',
silly testEngine        email: 'alfredwesterveld@gmail.com',
silly testEngine        url: 'https://github.com/alfredwesterveld' },
silly testEngine      { name: 'Vincent Côté-Roy',
silly testEngine        email: 'vincentcr@gmail.com',
silly testEngine        url: 'https://github.com/vincentcr' },
silly testEngine      { name: 'Lloyd Hilaiel',
silly testEngine        email: 'lloyd@hilaiel.com',
silly testEngine        url: 'https://github.com/lloyd' },
silly testEngine      { name: 'Roman Shtylman',
silly testEngine        email: 'shtylman@gmail.com',
silly testEngine        url: 'https://github.com/shtylman' },
silly testEngine      { name: 'Vadim Graboys',
silly testEngine        email: 'dimva13@gmail.com',
silly testEngine        url: 'https://github.com/vadimg' },
silly testEngine      { name: 'Ben Noorduis', url: 'https://github.com/bnoordhuis' } ],
silly testEngine   _id: 'bcrypt@0.4.1',
silly testEngine   dependencies: {},
silly testEngine   _engineSupported: true,
silly testEngine   _npmVersion: '1.0.106',
silly testEngine   _nodeVersion: 'v0.6.6',
silly testEngine   _defaultsLoaded: true }
verbose caching /Users/sarajchipps/Development/OctocatMe/backend/node_modules/bcrypt/package.json
verbose loadDefaults bcrypt@0.4.1
verbose has wscript [ undefined,
verbose has wscript   { file: '/Users/sarajchipps/Development/OctocatMe/backend/node_modules/canvas/package.json',
verbose has wscript     contributors: false,
verbose has wscript     serverjs: false,
verbose has wscript     wscript: true } ]
silly testEngine { name: 'canvas',
silly testEngine   description: 'Canvas graphics API backed by Cairo',
silly testEngine   version: '0.10.2',
silly testEngine   author: { name: 'TJ Holowaychuk', email: 'tj@learnboost.com' },
silly testEngine   keywords: 
silly testEngine    [ 'canvas',
silly testEngine      'graphic',
silly testEngine      'graphics',
silly testEngine      'pixman',
silly testEngine      'cairo',
silly testEngine      'image',
silly testEngine      'images' ],
silly testEngine   homepage: 'https://github.com/learnboost/node-canvas',
silly testEngine   repository: 
silly testEngine    { type: 'git',
silly testEngine      url: 'git://github.com/learnboost/node-canvas.git' },
silly testEngine   scripts: { preinstall: 'node-waf configure build' },
silly testEngine   devDependencies: 
silly testEngine    { express: '>= 2.3.7 && < 3.0.0',
silly testEngine      jade: '0.11.0',
silly testEngine      mocha: '*',
silly testEngine      should: '*' },
silly testEngine   engines: { node: '>= 0.4.0 && < 0.7.0' },
silly testEngine   main: './lib/canvas.js',
silly testEngine   _id: 'canvas@0.10.2',
silly testEngine   dependencies: {},
silly testEngine   _engineSupported: true,
silly testEngine   _npmVersion: '1.0.106',
silly testEngine   _nodeVersion: 'v0.6.6',
silly testEngine   _defaultsLoaded: true }
verbose caching /Users/sarajchipps/Development/OctocatMe/backend/node_modules/canvas/package.json
verbose loadDefaults canvas@0.10.2
verbose from cache /Users/sarajchipps/Development/OctocatMe/backend/package.json
verbose into /Users/sarajchipps/Development/OctocatMe/backend [ 'librsvg' ]
verbose cache add librsvg
verbose cache add [ 'librsvg', null ]
silly cache add: name, spec, args [ undefined, 'librsvg', [ 'librsvg', null ] ]
verbose parsed url { pathname: 'librsvg', path: 'librsvg', href: 'librsvg' }
info addNamed [ 'librsvg', '' ]
verbose addNamed [ null, '' ]
verbose GET librsvg
verbose raw, before any munging librsvg
verbose url resolving [ 'https://registry.npmjs.org/', './librsvg' ]
verbose url resolved https://registry.npmjs.org/librsvg
silly get cb [ 404,
silly get cb   { server: 'CouchDB/1.1.0 (Erlang OTP/R14B04)',
silly get cb     date: 'Mon, 27 Feb 2012 02:51:33 GMT',
silly get cb     'content-type': 'application/json',
silly get cb     'content-length': '52',
silly get cb     'cache-control': 'must-revalidate' } ]
ERR! 404 'librsvg' is not in the npm registry.
ERR! 404 You could maybe bug the author to publish it
ERR! 404 Note that you can also install from a tarball or folder.
ERR! 
ERR! System Darwin 10.8.0
ERR! command "node" "/usr/local/bin/npm" "install" "librsvg"
ERR! cwd /Users/sarajchipps/Development/OctocatMe/backend
ERR! node -v v0.6.6
ERR! npm -v 1.0.106
ERR! code E404
verbose exit [ 1, true ]
