This file contains any messages produced by compilers while
running configure, to aid debugging if configure makes a mistake.

It was created by pixman configure 0.20.0, which was
generated by GNU Autoconf 2.65.  Invocation command line was

  $ ./configure --prefix=/usr/local --disable-dependency-tracking

## --------- ##
## Platform. ##
## --------- ##

hostname = Sara-Chippss-MacBook-Pro.local
uname -m = i386
uname -r = 10.8.0
uname -s = Darwin
uname -v = Darwin Kernel Version 10.8.0: Tue Jun  7 16:33:36 PDT 2011; root:xnu-1504.15.3~1/RELEASE_I386

/usr/bin/uname -p = i386
/bin/uname -X     = unknown

/bin/arch              = unknown
/usr/bin/arch -k       = unknown
/usr/convex/getsysinfo = unknown
/usr/bin/hostinfo      = Mach kernel version:
	 Darwin Kernel Version 10.8.0: Tue Jun  7 16:33:36 PDT 2011; root:xnu-1504.15.3~1/RELEASE_I386
Kernel configured for up to 4 processors.
2 processors are physically available.
4 processors are logically available.
Processor type: i486 (Intel 80486)
Processors active: 0 1 2 3
Primary memory available: 4.00 gigabytes
Default processor set: 114 tasks, 696 threads, 4 processors
Load average: 0.99, Mach factor: 3.00
/bin/machine           = unknown
/usr/bin/oslevel       = unknown
/bin/universe          = unknown

PATH: /Library/PostgreSQL/9.0/bin
PATH: /Users/sarajchipps/bin
PATH: /usr/local/bin
PATH: /usr/local/sbin
PATH: /opt/local/lib/postgresql84/bin
PATH: /Library/PostgreSQL/9.0/bin
PATH: /Users/sarajchipps/bin
PATH: /usr/local/bin
PATH: /usr/local/sbin
PATH: /opt/local/lib/postgresql84/bin
PATH: /Users/sarajchipps/.rvm/gems/ruby-1.8.7-p352/bin
PATH: /Users/sarajchipps/.rvm/gems/ruby-1.8.7-p352@global/bin
PATH: /Users/sarajchipps/.rvm/rubies/ruby-1.8.7-p352/bin
PATH: /Users/sarajchipps/.rvm/bin
PATH: /usr/bin
PATH: /bin
PATH: /usr/sbin
PATH: /sbin
PATH: /usr/local/bin
PATH: /usr/local/mongodb/bin
PATH: /usr/X11/bin
PATH: /opt/local/bin
PATH: /usr/local/git/bin


## ----------- ##
## Core tests. ##
## ----------- ##

configure:2640: checking for a BSD-compatible install
configure:2708: result: /usr/bin/install -c
configure:2719: checking whether build environment is sane
configure:2769: result: yes
configure:2910: checking for a thread-safe mkdir -p
configure:2949: result: ./install-sh -c -d
configure:2962: checking for gawk
configure:2992: result: no
configure:2962: checking for mawk
configure:2992: result: no
configure:2962: checking for nawk
configure:2992: result: no
configure:2962: checking for awk
configure:2978: found /usr/bin/awk
configure:2989: result: awk
configure:3000: checking whether make sets $(MAKE)
configure:3022: result: yes
configure:3124: checking build system type
configure:3138: result: i386-apple-darwin10.8.0
configure:3158: checking host system type
configure:3171: result: i386-apple-darwin10.8.0
configure:3242: checking for gcc
configure:3258: found /usr/bin/gcc
configure:3269: result: gcc
configure:3498: checking for C compiler version
configure:3507: gcc --version >&5
i686-apple-darwin10-gcc-4.2.1 (GCC) 4.2.1 (Apple Inc. build 5664)
Copyright (C) 2007 Free Software Foundation, Inc.
This is free software; see the source for copying conditions.  There is NO
warranty; not even for MERCHANTABILITY or FITNESS FOR A PARTICULAR PURPOSE.

configure:3518: $? = 0
configure:3507: gcc -v >&5
Using built-in specs.
Target: i686-apple-darwin10
Configured with: /var/tmp/gcc/gcc-5664~89/src/configure --disable-checking --enable-werror --prefix=/usr --mandir=/share/man --enable-languages=c,objc,c++,obj-c++ --program-transform-name=/^[cg][^.-]*$/s/$/-4.2/ --with-slibdir=/usr/lib --build=i686-apple-darwin10 --program-prefix=i686-apple-darwin10- --host=x86_64-apple-darwin10 --target=i686-apple-darwin10 --with-gxx-include-dir=/include/c++/4.2.1
Thread model: posix
gcc version 4.2.1 (Apple Inc. build 5664)
configure:3518: $? = 0
configure:3507: gcc -V >&5
gcc-4.2: argument to `-V' is missing
configure:3518: $? = 1
configure:3507: gcc -qversion >&5
i686-apple-darwin10-gcc-4.2.1: no input files
configure:3518: $? = 1
configure:3538: checking whether the C compiler works
configure:3560: gcc    conftest.c  >&5
configure:3564: $? = 0
configure:3613: result: yes
configure:3616: checking for C compiler default output file name
configure:3618: result: a.out
configure:3624: checking for suffix of executables
configure:3631: gcc -o conftest    conftest.c  >&5
configure:3635: $? = 0
configure:3657: result: 
configure:3679: checking whether we are cross compiling
configure:3687: gcc -o conftest    conftest.c  >&5
configure:3691: $? = 0
configure:3698: ./conftest
configure:3702: $? = 0
configure:3717: result: no
configure:3722: checking for suffix of object files
configure:3744: gcc -c   conftest.c >&5
configure:3748: $? = 0
configure:3769: result: o
configure:3773: checking whether we are using the GNU C compiler
configure:3792: gcc -c   conftest.c >&5
configure:3792: $? = 0
configure:3801: result: yes
configure:3810: checking whether gcc accepts -g
configure:3830: gcc -c -g  conftest.c >&5
configure:3830: $? = 0
configure:3871: result: yes
configure:3888: checking for gcc option to accept ISO C89
configure:3952: gcc  -c -g -O2  conftest.c >&5
configure:3952: $? = 0
configure:3965: result: none needed
configure:3996: checking for style of include used by make
configure:4024: result: GNU
configure:4049: checking dependency style of gcc
configure:4159: result: none
configure:4183: checking dependency style of gcc
configure:4291: result: none
configure:4331: checking for a sed that does not truncate output
configure:4395: result: /usr/bin/sed
configure:4413: checking for grep that handles long lines and -e
configure:4471: result: /usr/bin/grep
configure:4476: checking for egrep
configure:4538: result: /usr/bin/grep -E
configure:4543: checking for fgrep
configure:4605: result: /usr/bin/grep -F
configure:4640: checking for ld used by gcc
configure:4707: result: /usr/libexec/gcc/i686-apple-darwin10/4.2.1/ld
configure:4714: checking if the linker (/usr/libexec/gcc/i686-apple-darwin10/4.2.1/ld) is GNU ld
configure:4729: result: no
configure:4741: checking for BSD- or MS-compatible name lister (nm)
configure:4790: result: /usr/bin/nm
configure:4908: checking the name lister (/usr/bin/nm) interface
configure:4915: gcc -c -g -O2  conftest.c >&5
configure:4918: /usr/bin/nm "conftest.o"
configure:4921: output
00000000000001ac D _some_variable
configure:4928: result: BSD nm
configure:4931: checking whether ln -s works
configure:4935: result: yes
configure:4943: checking the maximum length of command line arguments
configure:5063: result: 196608
configure:5080: checking whether the shell understands some XSI constructs
configure:5090: result: yes
configure:5094: checking whether the shell understands "+="
configure:5100: result: yes
configure:5135: checking for /usr/libexec/gcc/i686-apple-darwin10/4.2.1/ld option to reload object files
configure:5142: result: -r
configure:5211: checking for objdump
configure:5241: result: no
configure:5270: checking how to recognize dependent libraries
configure:5466: result: pass_all
configure:5526: checking for ar
configure:5542: found /usr/bin/ar
configure:5553: result: ar
configure:5631: checking for strip
configure:5647: found /usr/bin/strip
configure:5658: result: strip
configure:5730: checking for ranlib
configure:5746: found /usr/bin/ranlib
configure:5757: result: ranlib
configure:5847: checking command to parse /usr/bin/nm output from gcc object
configure:5965: gcc -c -g -O2  conftest.c >&5
configure:5968: $? = 0
configure:5972: /usr/bin/nm conftest.o \| sed -n -e 's/^.*[	 ]\([BCDEGRST][BCDEGRST]*\)[	 ][	 ]*\([_A-Za-z][_A-Za-z0-9]*\)$/\1 \2 \2/p' \> conftest.nm
configure:5975: $? = 0
cannot find nm_test_var in conftest.nm
configure:5965: gcc -c -g -O2  conftest.c >&5
configure:5968: $? = 0
configure:5972: /usr/bin/nm conftest.o \| sed -n -e 's/^.*[	 ]\([BCDEGRST][BCDEGRST]*\)[	 ][	 ]*_\([_A-Za-z][_A-Za-z0-9]*\)$/\1 _\2 \2/p' \> conftest.nm
configure:5975: $? = 0
configure:6029: gcc -o conftest -g -O2   conftest.c conftstm.o >&5
configure:6032: $? = 0
configure:6070: result: ok
configure:6335: checking for dsymutil
configure:6351: found /usr/bin/dsymutil
configure:6362: result: dsymutil
configure:6427: checking for nmedit
configure:6443: found /usr/bin/nmedit
configure:6454: result: nmedit
configure:6519: checking for lipo
configure:6535: found /usr/bin/lipo
configure:6546: result: lipo
configure:6611: checking for otool
configure:6627: found /usr/bin/otool
configure:6638: result: otool
configure:6703: checking for otool64
configure:6733: result: no
configure:6778: checking for -single_module linker flag
gcc -g -O2  -o libconftest.dylib -dynamiclib -Wl,-single_module conftest.c
configure:6805: result: yes
configure:6807: checking for -exported_symbols_list linker flag
configure:6827: gcc -o conftest -g -O2   -Wl,-exported_symbols_list,conftest.sym conftest.c  >&5
configure:6827: $? = 0
configure:6837: result: yes
configure:6879: checking how to run the C preprocessor
configure:6910: gcc -E  conftest.c
configure:6910: $? = 0
configure:6924: gcc -E  conftest.c
conftest.c:11:28: error: ac_nonexistent.h: No such file or directory
configure:6924: $? = 1
configure: failed program was:
| /* confdefs.h */
| #define PACKAGE_NAME "pixman"
| #define PACKAGE_TARNAME "pixman"
| #define PACKAGE_VERSION "0.20.0"
| #define PACKAGE_STRING "pixman 0.20.0"
| #define PACKAGE_BUGREPORT ""pixman@lists.freedesktop.org""
| #define PACKAGE_URL ""
| #define PACKAGE "pixman"
| #define VERSION "0.20.0"
| /* end confdefs.h.  */
| #include <ac_nonexistent.h>
configure:6949: result: gcc -E
configure:6969: gcc -E  conftest.c
configure:6969: $? = 0
configure:6983: gcc -E  conftest.c
conftest.c:11:28: error: ac_nonexistent.h: No such file or directory
configure:6983: $? = 1
configure: failed program was:
| /* confdefs.h */
| #define PACKAGE_NAME "pixman"
| #define PACKAGE_TARNAME "pixman"
| #define PACKAGE_VERSION "0.20.0"
| #define PACKAGE_STRING "pixman 0.20.0"
| #define PACKAGE_BUGREPORT ""pixman@lists.freedesktop.org""
| #define PACKAGE_URL ""
| #define PACKAGE "pixman"
| #define VERSION "0.20.0"
| /* end confdefs.h.  */
| #include <ac_nonexistent.h>
configure:7012: checking for ANSI C header files
configure:7032: gcc -c -g -O2  conftest.c >&5
configure:7032: $? = 0
configure:7105: gcc -o conftest -g -O2   conftest.c  >&5
configure:7105: $? = 0
configure:7105: ./conftest
configure:7105: $? = 0
configure:7116: result: yes
configure:7129: checking for sys/types.h
configure:7129: gcc -c -g -O2  conftest.c >&5
configure:7129: $? = 0
configure:7129: result: yes
configure:7129: checking for sys/stat.h
configure:7129: gcc -c -g -O2  conftest.c >&5
configure:7129: $? = 0
configure:7129: result: yes
configure:7129: checking for stdlib.h
configure:7129: gcc -c -g -O2  conftest.c >&5
configure:7129: $? = 0
configure:7129: result: yes
configure:7129: checking for string.h
configure:7129: gcc -c -g -O2  conftest.c >&5
configure:7129: $? = 0
configure:7129: result: yes
configure:7129: checking for memory.h
configure:7129: gcc -c -g -O2  conftest.c >&5
configure:7129: $? = 0
configure:7129: result: yes
configure:7129: checking for strings.h
configure:7129: gcc -c -g -O2  conftest.c >&5
configure:7129: $? = 0
configure:7129: result: yes
configure:7129: checking for inttypes.h
configure:7129: gcc -c -g -O2  conftest.c >&5
configure:7129: $? = 0
configure:7129: result: yes
configure:7129: checking for stdint.h
configure:7129: gcc -c -g -O2  conftest.c >&5
configure:7129: $? = 0
configure:7129: result: yes
configure:7129: checking for unistd.h
configure:7129: gcc -c -g -O2  conftest.c >&5
configure:7129: $? = 0
configure:7129: result: yes
configure:7144: checking for dlfcn.h
configure:7144: gcc -c -g -O2  conftest.c >&5
configure:7144: $? = 0
configure:7144: result: yes
configure:7328: checking for objdir
configure:7343: result: .libs
configure:7635: checking if gcc supports -fno-rtti -fno-exceptions
configure:7653: gcc -c -g -O2  -fno-rtti -fno-exceptions conftest.c >&5
cc1: warning: command line option "-fno-rtti" is valid for C++/ObjC++ but not for C
configure:7657: $? = 0
configure:7670: result: no
configure:7690: checking for gcc option to produce PIC
configure:7962: result: -fno-common -DPIC
configure:7974: checking if gcc PIC flag -fno-common -DPIC works
configure:7992: gcc -c -g -O2  -fno-common -DPIC -DPIC conftest.c >&5
configure:7996: $? = 0
configure:8009: result: yes
configure:8033: checking if gcc static flag -static works
configure:8061: result: no
configure:8076: checking if gcc supports -c -o file.o
configure:8097: gcc -c -g -O2  -o out/conftest2.o conftest.c >&5
configure:8101: $? = 0
configure:8123: result: yes
configure:8131: checking if gcc supports -c -o file.o
configure:8178: result: yes
configure:8211: checking whether the gcc linker (/usr/libexec/gcc/i686-apple-darwin10/4.2.1/ld) supports shared libraries
configure:9197: result: yes
configure:9436: checking dynamic linker characteristics
configure:10090: result: darwin10.8.0 dyld
configure:10192: checking how to hardcode library paths into programs
configure:10217: result: immediate
configure:10737: checking whether stripping libraries is possible
configure:10751: result: yes
configure:10777: checking if libtool supports shared libraries
configure:10779: result: yes
configure:10782: checking whether to build shared libraries
configure:10803: result: yes
configure:10806: checking whether to build static libraries
configure:10810: result: yes
configure:10847: checking for getisax
configure:10847: gcc -o conftest -g -O2   conftest.c  >&5
Undefined symbols:
  "_getisax", referenced from:
      _main in cclWWBsi.o
ld: symbol(s) not found
collect2: ld returned 1 exit status
configure:10847: $? = 1
configure: failed program was:
| /* confdefs.h */
| #define PACKAGE_NAME "pixman"
| #define PACKAGE_TARNAME "pixman"
| #define PACKAGE_VERSION "0.20.0"
| #define PACKAGE_STRING "pixman 0.20.0"
| #define PACKAGE_BUGREPORT ""pixman@lists.freedesktop.org""
| #define PACKAGE_URL ""
| #define PACKAGE "pixman"
| #define VERSION "0.20.0"
| #define STDC_HEADERS 1
| #define HAVE_SYS_TYPES_H 1
| #define HAVE_SYS_STAT_H 1
| #define HAVE_STDLIB_H 1
| #define HAVE_STRING_H 1
| #define HAVE_MEMORY_H 1
| #define HAVE_STRINGS_H 1
| #define HAVE_INTTYPES_H 1
| #define HAVE_STDINT_H 1
| #define HAVE_UNISTD_H 1
| #define HAVE_DLFCN_H 1
| #define LT_OBJDIR ".libs/"
| /* end confdefs.h.  */
| /* Define getisax to an innocuous variant, in case <limits.h> declares getisax.
|    For example, HP-UX 11i <limits.h> declares gettimeofday.  */
| #define getisax innocuous_getisax
| 
| /* System header to define __stub macros and hopefully few prototypes,
|     which can conflict with char getisax (); below.
|     Prefer <limits.h> to <assert.h> if __STDC__ is defined, since
|     <limits.h> exists even on freestanding compilers.  */
| 
| #ifdef __STDC__
| # include <limits.h>
| #else
| # include <assert.h>
| #endif
| 
| #undef getisax
| 
| /* Override any GCC internal prototype to avoid an error.
|    Use char because int might match the return type of a GCC
|    builtin and then its argument prototype would still apply.  */
| #ifdef __cplusplus
| extern "C"
| #endif
| char getisax ();
| /* The GNU C library defines this for functions which it implements
|     to always fail with ENOSYS.  Some functions are actually named
|     something starting with __ and the normal name is an alias.  */
| #if defined __stub_getisax || defined __stub___getisax
| choke me
| #endif
| 
| int
| main ()
| {
| return getisax ();
|   ;
|   return 0;
| }
configure:10847: result: no
configure:10856: checking whether byte ordering is bigendian
configure:10871: gcc -c -g -O2  conftest.c >&5
configure:10871: $? = 0
configure:10916: gcc -c -g -O2  conftest.c >&5
configure:10916: $? = 0
configure:10934: gcc -c -g -O2  conftest.c >&5
conftest.c: In function 'main':
conftest.c:30: error: 'not' undeclared (first use in this function)
conftest.c:30: error: (Each undeclared identifier is reported only once
conftest.c:30: error: for each function it appears in.)
conftest.c:30: error: expected ';' before 'big'
configure:10934: $? = 1
configure: failed program was:
| /* confdefs.h */
| #define PACKAGE_NAME "pixman"
| #define PACKAGE_TARNAME "pixman"
| #define PACKAGE_VERSION "0.20.0"
| #define PACKAGE_STRING "pixman 0.20.0"
| #define PACKAGE_BUGREPORT ""pixman@lists.freedesktop.org""
| #define PACKAGE_URL ""
| #define PACKAGE "pixman"
| #define VERSION "0.20.0"
| #define STDC_HEADERS 1
| #define HAVE_SYS_TYPES_H 1
| #define HAVE_SYS_STAT_H 1
| #define HAVE_STDLIB_H 1
| #define HAVE_STRING_H 1
| #define HAVE_MEMORY_H 1
| #define HAVE_STRINGS_H 1
| #define HAVE_INTTYPES_H 1
| #define HAVE_STDINT_H 1
| #define HAVE_UNISTD_H 1
| #define HAVE_DLFCN_H 1
| #define LT_OBJDIR ".libs/"
| /* end confdefs.h.  */
| #include <sys/types.h>
| 		#include <sys/param.h>
| 
| int
| main ()
| {
| #if BYTE_ORDER != BIG_ENDIAN
| 		 not big endian
| 		#endif
| 
|   ;
|   return 0;
| }
configure:11062: result: no
configure:11080: checking for inline
configure:11096: gcc -c -g -O2  conftest.c >&5
configure:11096: $? = 0
configure:11104: result: inline
configure:11128: checking whether the compiler supports -Werror
configure:11141: gcc -o conftest -Werror   conftest.c  >&5
configure:11141: $? = 0
configure:11164: result: 
configure:11175: checking size of long
configure:11180: gcc -o conftest -g -O2   conftest.c  >&5
configure:11180: $? = 0
configure:11180: ./conftest
configure:11180: $? = 0
configure:11195: result: 8
configure:11207: checking whether __SUNPRO_C is declared
configure:11207: gcc -c -g -O2  conftest.c >&5
conftest.c: In function 'main':
conftest.c:61: error: '__SUNPRO_C' undeclared (first use in this function)
conftest.c:61: error: (Each undeclared identifier is reported only once
conftest.c:61: error: for each function it appears in.)
configure:11207: $? = 1
configure: failed program was:
| /* confdefs.h */
| #define PACKAGE_NAME "pixman"
| #define PACKAGE_TARNAME "pixman"
| #define PACKAGE_VERSION "0.20.0"
| #define PACKAGE_STRING "pixman 0.20.0"
| #define PACKAGE_BUGREPORT ""pixman@lists.freedesktop.org""
| #define PACKAGE_URL ""
| #define PACKAGE "pixman"
| #define VERSION "0.20.0"
| #define STDC_HEADERS 1
| #define HAVE_SYS_TYPES_H 1
| #define HAVE_SYS_STAT_H 1
| #define HAVE_STDLIB_H 1
| #define HAVE_STRING_H 1
| #define HAVE_MEMORY_H 1
| #define HAVE_STRINGS_H 1
| #define HAVE_INTTYPES_H 1
| #define HAVE_STDINT_H 1
| #define HAVE_UNISTD_H 1
| #define HAVE_DLFCN_H 1
| #define LT_OBJDIR ".libs/"
| #define SIZEOF_LONG 8
| /* end confdefs.h.  */
| #include <stdio.h>
| #ifdef HAVE_SYS_TYPES_H
| # include <sys/types.h>
| #endif
| #ifdef HAVE_SYS_STAT_H
| # include <sys/stat.h>
| #endif
| #ifdef STDC_HEADERS
| # include <stdlib.h>
| # include <stddef.h>
| #else
| # ifdef HAVE_STDLIB_H
| #  include <stdlib.h>
| # endif
| #endif
| #ifdef HAVE_STRING_H
| # if !defined STDC_HEADERS && defined HAVE_MEMORY_H
| #  include <memory.h>
| # endif
| # include <string.h>
| #endif
| #ifdef HAVE_STRINGS_H
| # include <strings.h>
| #endif
| #ifdef HAVE_INTTYPES_H
| # include <inttypes.h>
| #endif
| #ifdef HAVE_STDINT_H
| # include <stdint.h>
| #endif
| #ifdef HAVE_UNISTD_H
| # include <unistd.h>
| #endif
| int
| main ()
| {
| #ifndef __SUNPRO_C
|   (void) __SUNPRO_C;
| #endif
| 
|   ;
|   return 0;
| }
configure:11207: result: no
configure:11214: checking whether __amd64 is declared
configure:11214: gcc -c -g -O2  conftest.c >&5
configure:11214: $? = 0
configure:11214: result: yes
configure:11255: checking whether the compiler supports -Wall
configure:11270: gcc -o conftest -Werror -Wall   conftest.c  >&5
configure:11270: $? = 0
configure:11296: result: yes
configure:11299: checking whether the compiler supports -fno-strict-aliasing
configure:11314: gcc -o conftest -Werror -fno-strict-aliasing   conftest.c  >&5
configure:11314: $? = 0
configure:11340: result: yes
configure:11346: checking for perl
configure:11364: found /usr/bin/perl
configure:11377: result: /usr/bin/perl
configure:11401: checking for gcc option to support OpenMP
configure:11416: gcc -o conftest -g -O2 -Wall -fno-strict-aliasing   conftest.c  >&5
conftest.c:26: error: expected '=', ',', ';', 'asm' or '__attribute__' before 'me'
In file included from conftest.c:28:
/usr/lib/gcc/i686-apple-darwin10/4.2.1/include/omp.h:68: error: expected ')' before '*' token
/usr/lib/gcc/i686-apple-darwin10/4.2.1/include/omp.h:69: error: expected ')' before '*' token
/usr/lib/gcc/i686-apple-darwin10/4.2.1/include/omp.h:70: error: expected ')' before '*' token
/usr/lib/gcc/i686-apple-darwin10/4.2.1/include/omp.h:71: error: expected ')' before '*' token
/usr/lib/gcc/i686-apple-darwin10/4.2.1/include/omp.h:72: error: expected ')' before '*' token
configure:11416: $? = 1
configure: failed program was:
| /* confdefs.h */
| #define PACKAGE_NAME "pixman"
| #define PACKAGE_TARNAME "pixman"
| #define PACKAGE_VERSION "0.20.0"
| #define PACKAGE_STRING "pixman 0.20.0"
| #define PACKAGE_BUGREPORT ""pixman@lists.freedesktop.org""
| #define PACKAGE_URL ""
| #define PACKAGE "pixman"
| #define VERSION "0.20.0"
| #define STDC_HEADERS 1
| #define HAVE_SYS_TYPES_H 1
| #define HAVE_SYS_STAT_H 1
| #define HAVE_STDLIB_H 1
| #define HAVE_STRING_H 1
| #define HAVE_MEMORY_H 1
| #define HAVE_STRINGS_H 1
| #define HAVE_INTTYPES_H 1
| #define HAVE_STDINT_H 1
| #define HAVE_UNISTD_H 1
| #define HAVE_DLFCN_H 1
| #define LT_OBJDIR ".libs/"
| #define SIZEOF_LONG 8
| /* end confdefs.h.  */
| 
| #ifndef _OPENMP
|  choke me
| #endif
| #include <omp.h>
| int main () { return omp_get_num_threads (); }
| 
configure:11433: gcc -o conftest -g -O2 -Wall -fno-strict-aliasing -fopenmp   conftest.c  >&5
configure:11433: $? = 0
configure:11447: result: -fopenmp
configure:11504: gcc -o conftest -fopenmp  -fopenmp conftest.c  >&5
conftest.c:27: sorry, unimplemented: threadprivate variables not supported in this target
configure:11504: $? = 1
configure: failed program was:
| /* confdefs.h */
| #define PACKAGE_NAME "pixman"
| #define PACKAGE_TARNAME "pixman"
| #define PACKAGE_VERSION "0.20.0"
| #define PACKAGE_STRING "pixman 0.20.0"
| #define PACKAGE_BUGREPORT ""pixman@lists.freedesktop.org""
| #define PACKAGE_URL ""
| #define PACKAGE "pixman"
| #define VERSION "0.20.0"
| #define STDC_HEADERS 1
| #define HAVE_SYS_TYPES_H 1
| #define HAVE_SYS_STAT_H 1
| #define HAVE_STDLIB_H 1
| #define HAVE_STRING_H 1
| #define HAVE_MEMORY_H 1
| #define HAVE_STRINGS_H 1
| #define HAVE_INTTYPES_H 1
| #define HAVE_STDINT_H 1
| #define HAVE_UNISTD_H 1
| #define HAVE_DLFCN_H 1
| #define LT_OBJDIR ".libs/"
| #define SIZEOF_LONG 8
| /* end confdefs.h.  */
| #include <stdio.h>
| 
| extern unsigned int lcg_seed;
| #pragma omp threadprivate(lcg_seed)
| unsigned int lcg_seed;
| 
| unsigned function(unsigned a, unsigned b)
| {
| 	lcg_seed ^= b;
| 	return ((a + b) ^ a ) + lcg_seed;
| }
| 
| int main(int argc, char **argv)
| {
| 	int i;
| 	int n1 = 0, n2 = argc;
| 	unsigned checksum = 0;
| 	int verbose = argv != NULL;
| 	unsigned (*test_function)(unsigned, unsigned);
| 	test_function = function;
|     #pragma omp parallel for reduction(+:checksum) default(none) 					shared(n1, n2, test_function, verbose)
| 	for (i = n1; i < n2; i++)
|     	{
| 		unsigned crc = test_function (i, 0);
| 		if (verbose)
| 			printf ("%d: %08X\n", i, crc);
| 		checksum += crc;
| 	}
| 	printf("%u\n", checksum);
| 	return 0;
| }
| 
configure:11537: checking whether the compiler supports -fvisibility=hidden
configure:11559: gcc -o conftest -Werror -fvisibility=hidden   conftest.c  >&5
configure:11559: $? = 0
configure:11585: result: yes
configure:11589: checking whether the compiler supports -xldscope=hidden
configure:11608: gcc -o conftest -Werror -xldscope=hidden   conftest.c  >&5
i686-apple-darwin10-gcc-4.2.1: language ldscope=hidden not recognized
i686-apple-darwin10-gcc-4.2.1: language ldscope=hidden not recognized
ld: warning: in conftest.c, file was built for unsupported file format which is not the architecture being linked (x86_64)
Undefined symbols:
  "_main", referenced from:
      start in crt1.10.6.o
ld: symbol(s) not found
collect2: ld returned 1 exit status
configure:11608: $? = 1
configure: failed program was:
| /* confdefs.h */
| #define PACKAGE_NAME "pixman"
| #define PACKAGE_TARNAME "pixman"
| #define PACKAGE_VERSION "0.20.0"
| #define PACKAGE_STRING "pixman 0.20.0"
| #define PACKAGE_BUGREPORT ""pixman@lists.freedesktop.org""
| #define PACKAGE_URL ""
| #define PACKAGE "pixman"
| #define VERSION "0.20.0"
| #define STDC_HEADERS 1
| #define HAVE_SYS_TYPES_H 1
| #define HAVE_SYS_STAT_H 1
| #define HAVE_STDLIB_H 1
| #define HAVE_STRING_H 1
| #define HAVE_MEMORY_H 1
| #define HAVE_STRINGS_H 1
| #define HAVE_INTTYPES_H 1
| #define HAVE_STDINT_H 1
| #define HAVE_UNISTD_H 1
| #define HAVE_DLFCN_H 1
| #define LT_OBJDIR ".libs/"
| #define SIZEOF_LONG 8
| /* end confdefs.h.  */
| #if defined(__SUNPRO_C) && (__SUNPRO_C >= 0x550)
| #else
| error Need Sun Studio 8 for visibility
| #endif
| 
| 		 int main(int c, char **v) { (void)c; (void)v; return 0; }
| 
configure:11634: result: no
configure:11653: checking whether to use MMX intrinsics
configure:11669: gcc -c -mmmx -Winline -g -O2 -Wall -fno-strict-aliasing -fvisibility=hidden  conftest.c >&5
configure:11669: $? = 0
configure:11695: result: yes
configure:11723: checking whether to use SSE2 intrinsics
configure:11745: gcc -c -mmmx -msse2 -Winline -g -O2 -Wall -fno-strict-aliasing -fvisibility=hidden  conftest.c >&5
configure:11745: $? = 0
configure:11769: result: yes
configure:11833: checking whether to use VMX/Altivec intrinsics
configure:11850: gcc -c -faltivec -g -O2 -Wall -fno-strict-aliasing -fvisibility=hidden  conftest.c >&5
conftest.c:30:21: error: altivec.h: No such file or directory
conftest.c: In function 'main':
conftest.c:32: error: 'vector' undeclared (first use in this function)
conftest.c:32: error: (Each undeclared identifier is reported only once
conftest.c:32: error: for each function it appears in.)
conftest.c:32: error: expected ';' before 'unsigned'
conftest.c:33: error: 'v' undeclared (first use in this function)
conftest.c:33: warning: implicit declaration of function 'vec_sub'
configure:11850: $? = 1
configure: failed program was:
| /* confdefs.h */
| #define PACKAGE_NAME "pixman"
| #define PACKAGE_TARNAME "pixman"
| #define PACKAGE_VERSION "0.20.0"
| #define PACKAGE_STRING "pixman 0.20.0"
| #define PACKAGE_BUGREPORT ""pixman@lists.freedesktop.org""
| #define PACKAGE_URL ""
| #define PACKAGE "pixman"
| #define VERSION "0.20.0"
| #define STDC_HEADERS 1
| #define HAVE_SYS_TYPES_H 1
| #define HAVE_SYS_STAT_H 1
| #define HAVE_STDLIB_H 1
| #define HAVE_STRING_H 1
| #define HAVE_MEMORY_H 1
| #define HAVE_STRINGS_H 1
| #define HAVE_INTTYPES_H 1
| #define HAVE_STDINT_H 1
| #define HAVE_UNISTD_H 1
| #define HAVE_DLFCN_H 1
| #define LT_OBJDIR ".libs/"
| #define SIZEOF_LONG 8
| #define USE_MMX 1
| #define USE_SSE2 1
| /* end confdefs.h.  */
| 
| #if defined(__GNUC__) && (__GNUC__ < 3 || (__GNUC__ == 3 && __GNUC_MINOR__ < 4))
| error "Need GCC >= 3.4 for sane altivec support"
| #endif
| #include <altivec.h>
| int main () {
|     vector unsigned int v = vec_splat_u32 (1);
|     v = vec_sub (v, v);
|     return 0;
| }
configure:11876: result: no
configure:11894: checking whether to use ARM SIMD assembler
configure:11912: gcc -c -x assembler-with-cpp -g -O2 -Wall -fno-strict-aliasing -fvisibility=hidden  conftest.c >&5
conftest.c:33:2: error: #error EABI is required (to be sure that calling conventions are compatible)
configure:11912: $? = 1
configure: failed program was:
| /* confdefs.h */
| #define PACKAGE_NAME "pixman"
| #define PACKAGE_TARNAME "pixman"
| #define PACKAGE_VERSION "0.20.0"
| #define PACKAGE_STRING "pixman 0.20.0"
| #define PACKAGE_BUGREPORT ""pixman@lists.freedesktop.org""
| #define PACKAGE_URL ""
| #define PACKAGE "pixman"
| #define VERSION "0.20.0"
| #define STDC_HEADERS 1
| #define HAVE_SYS_TYPES_H 1
| #define HAVE_SYS_STAT_H 1
| #define HAVE_STDLIB_H 1
| #define HAVE_STRING_H 1
| #define HAVE_MEMORY_H 1
| #define HAVE_STRINGS_H 1
| #define HAVE_INTTYPES_H 1
| #define HAVE_STDINT_H 1
| #define HAVE_UNISTD_H 1
| #define HAVE_DLFCN_H 1
| #define LT_OBJDIR ".libs/"
| #define SIZEOF_LONG 8
| #define USE_MMX 1
| #define USE_SSE2 1
| /* end confdefs.h.  */
| 
| .text
| .arch armv6
| .object_arch armv4
| .arm
| .altmacro
| #ifndef __ARM_EABI__
| #error EABI is required (to be sure that calling conventions are compatible)
| #endif
| pld [r0]
| uqadd8 r0, r0, r0
configure:11945: result: no
configure:11952: checking whether to use ARM NEON assembler
configure:11972: gcc -c -x assembler-with-cpp -g -O2 -Wall -fno-strict-aliasing -fvisibility=hidden  conftest.c >&5
conftest.c:35:2: error: #error EABI is required (to be sure that calling conventions are compatible)
configure:11972: $? = 1
configure: failed program was:
| /* confdefs.h */
| #define PACKAGE_NAME "pixman"
| #define PACKAGE_TARNAME "pixman"
| #define PACKAGE_VERSION "0.20.0"
| #define PACKAGE_STRING "pixman 0.20.0"
| #define PACKAGE_BUGREPORT ""pixman@lists.freedesktop.org""
| #define PACKAGE_URL ""
| #define PACKAGE "pixman"
| #define VERSION "0.20.0"
| #define STDC_HEADERS 1
| #define HAVE_SYS_TYPES_H 1
| #define HAVE_SYS_STAT_H 1
| #define HAVE_STDLIB_H 1
| #define HAVE_STRING_H 1
| #define HAVE_MEMORY_H 1
| #define HAVE_STRINGS_H 1
| #define HAVE_INTTYPES_H 1
| #define HAVE_STDINT_H 1
| #define HAVE_UNISTD_H 1
| #define HAVE_DLFCN_H 1
| #define LT_OBJDIR ".libs/"
| #define SIZEOF_LONG 8
| #define USE_MMX 1
| #define USE_SSE2 1
| /* end confdefs.h.  */
| 
| .text
| .fpu neon
| .arch armv7a
| .object_arch armv4
| .eabi_attribute 10, 0
| .arm
| .altmacro
| #ifndef __ARM_EABI__
| #error EABI is required (to be sure that calling conventions are compatible)
| #endif
| pld [r0]
| vmovn.u16 d0, q0
configure:12005: result: no
configure:12013: checking whether to use GNU-style inline assembler
configure:12024: gcc -c -g -O2 -Wall -fno-strict-aliasing -fvisibility=hidden  conftest.c >&5
configure:12024: $? = 0
configure:12047: result: yes
configure:12140: checking for pkg-config
configure:12158: found /usr/local/bin/pkg-config
configure:12170: result: /usr/local/bin/pkg-config
configure:12195: checking pkg-config is at least version 0.9.0
configure:12198: result: yes
configure:12345: checking for pixman_version_string in -lpixman-1
configure:12370: gcc -o conftest -g -O2 -Wall -fno-strict-aliasing -fvisibility=hidden   conftest.c -lpixman-1   >&5
configure:12370: $? = 0
configure:12379: result: yes
configure:12392: checking for GTK
configure:12399: $PKG_CONFIG --exists --print-errors "gtk+-2.0 pixman-1"
Package gtk+-2.0 was not found in the pkg-config search path.
Perhaps you should add the directory containing `gtk+-2.0.pc'
to the PKG_CONFIG_PATH environment variable
No package 'gtk+-2.0' found
configure:12402: $? = 1
configure:12415: $PKG_CONFIG --exists --print-errors "gtk+-2.0 pixman-1"
Package gtk+-2.0 was not found in the pkg-config search path.
Perhaps you should add the directory containing `gtk+-2.0.pc'
to the PKG_CONFIG_PATH environment variable
No package 'gtk+-2.0' found
configure:12418: $? = 1
configure:12431: result: no
No package 'gtk+-2.0' found
configure:12476: checking for posix_memalign
configure:12476: gcc -o conftest -g -O2 -Wall -fno-strict-aliasing -fvisibility=hidden   conftest.c  >&5
configure:12476: $? = 0
configure:12476: result: yes
configure:12489: checking for sigaction
configure:12489: gcc -o conftest -g -O2 -Wall -fno-strict-aliasing -fvisibility=hidden   conftest.c  >&5
configure:12489: $? = 0
configure:12489: result: yes
configure:12502: checking for alarm
configure:12502: gcc -o conftest -g -O2 -Wall -fno-strict-aliasing -fvisibility=hidden   conftest.c  >&5
configure:12502: $? = 0
configure:12502: result: yes
configure:12515: checking sys/mman.h usability
configure:12515: gcc -c -g -O2 -Wall -fno-strict-aliasing -fvisibility=hidden  conftest.c >&5
configure:12515: $? = 0
configure:12515: result: yes
configure:12515: checking sys/mman.h presence
configure:12515: gcc -E  conftest.c
configure:12515: $? = 0
configure:12515: result: yes
configure:12515: checking for sys/mman.h
configure:12515: result: yes
configure:12524: checking for mprotect
configure:12524: gcc -o conftest -g -O2 -Wall -fno-strict-aliasing -fvisibility=hidden   conftest.c  >&5
configure:12524: $? = 0
configure:12524: result: yes
configure:12537: checking for getpagesize
configure:12537: gcc -o conftest -g -O2 -Wall -fno-strict-aliasing -fvisibility=hidden   conftest.c  >&5
configure:12537: $? = 0
configure:12537: result: yes
configure:12550: checking for gettimeofday
configure:12550: gcc -o conftest -g -O2 -Wall -fno-strict-aliasing -fvisibility=hidden   conftest.c  >&5
configure:12550: $? = 0
configure:12550: result: yes
configure:12557: checking sys/time.h usability
configure:12557: gcc -c -g -O2 -Wall -fno-strict-aliasing -fvisibility=hidden  conftest.c >&5
configure:12557: $? = 0
configure:12557: result: yes
configure:12557: checking sys/time.h presence
configure:12557: gcc -E  conftest.c
configure:12557: $? = 0
configure:12557: result: yes
configure:12557: checking for sys/time.h
configure:12557: result: yes
configure:12574: checking for __thread
configure:12590: gcc -o conftest -g -O2 -Wall -fno-strict-aliasing -fvisibility=hidden   conftest.c  >&5
conftest.c:35:8: error: "defined" cannot be used as a macro name
conftest.c:38:2: error: #endif without #if
conftest.c:42: error: thread-local storage not supported for this target
configure:12590: $? = 1
configure: failed program was:
| /* confdefs.h */
| #define PACKAGE_NAME "pixman"
| #define PACKAGE_TARNAME "pixman"
| #define PACKAGE_VERSION "0.20.0"
| #define PACKAGE_STRING "pixman 0.20.0"
| #define PACKAGE_BUGREPORT ""pixman@lists.freedesktop.org""
| #define PACKAGE_URL ""
| #define PACKAGE "pixman"
| #define VERSION "0.20.0"
| #define STDC_HEADERS 1
| #define HAVE_SYS_TYPES_H 1
| #define HAVE_SYS_STAT_H 1
| #define HAVE_STDLIB_H 1
| #define HAVE_STRING_H 1
| #define HAVE_MEMORY_H 1
| #define HAVE_STRINGS_H 1
| #define HAVE_INTTYPES_H 1
| #define HAVE_STDINT_H 1
| #define HAVE_UNISTD_H 1
| #define HAVE_DLFCN_H 1
| #define LT_OBJDIR ".libs/"
| #define SIZEOF_LONG 8
| #define USE_MMX 1
| #define USE_SSE2 1
| #define USE_GCC_INLINE_ASM 1
| #define HAVE_POSIX_MEMALIGN 1
| #define HAVE_SIGACTION 1
| #define HAVE_ALARM 1
| #define HAVE_SYS_MMAN_H 1
| #define HAVE_MPROTECT 1
| #define HAVE_GETPAGESIZE 1
| #define HAVE_GETTIMEOFDAY 1
| /* end confdefs.h.  */
| 
| #ifdef defined __MINGW32__ && !(__GNUC__ > 4 || (__GNUC__ == 4 && __GNUC_MINOR__ >= 5))
| #error This MinGW version has broken __thread support
| #endif
| #endif
| #ifdef __OpenBSD__
| #error OpenBSD has broken __thread support
| #endif
| static __thread int x ;
| int main () { x = 123; return x; }
| 
configure:12602: result: no
configure:12613: checking for pthread_setspecific
configure:12660: gcc -o conftest -D_REENTRANT   conftest.c -lpthread >&5
configure:12660: $? = 0
configure:12840: result: yes
configure:13002: creating ./config.status

## ---------------------- ##
## Running config.status. ##
## ---------------------- ##

This file was extended by pixman config.status 0.20.0, which was
generated by GNU Autoconf 2.65.  Invocation command line was

  CONFIG_FILES    = 
  CONFIG_HEADERS  = 
  CONFIG_LINKS    = 
  CONFIG_COMMANDS = 
  $ ./config.status 

on Sara-Chippss-MacBook-Pro.local

config.status:1120: creating pixman-1.pc
config.status:1120: creating pixman-1-uninstalled.pc
config.status:1120: creating Makefile
config.status:1120: creating pixman/Makefile
config.status:1120: creating pixman/pixman-version.h
config.status:1120: creating test/Makefile
config.status:1120: creating config.h
config.status:1292: config.h is unchanged
config.status:1340: executing depfiles commands
config.status:1340: executing libtool commands

## ---------------- ##
## Cache variables. ##
## ---------------- ##

ac_cv_build=i386-apple-darwin10.8.0
ac_cv_c_bigendian=no
ac_cv_c_compiler_gnu=yes
ac_cv_c_inline=inline
ac_cv_env_CCASFLAGS_set=
ac_cv_env_CCASFLAGS_value=
ac_cv_env_CCAS_set=
ac_cv_env_CCAS_value=
ac_cv_env_CC_set=
ac_cv_env_CC_value=
ac_cv_env_CFLAGS_set=
ac_cv_env_CFLAGS_value=
ac_cv_env_CPPFLAGS_set=
ac_cv_env_CPPFLAGS_value=
ac_cv_env_CPP_set=
ac_cv_env_CPP_value=
ac_cv_env_GTK_CFLAGS_set=
ac_cv_env_GTK_CFLAGS_value=
ac_cv_env_GTK_LIBS_set=
ac_cv_env_GTK_LIBS_value=
ac_cv_env_LDFLAGS_set=
ac_cv_env_LDFLAGS_value=
ac_cv_env_LIBS_set=
ac_cv_env_LIBS_value=
ac_cv_env_PKG_CONFIG_LIBDIR_set=
ac_cv_env_PKG_CONFIG_LIBDIR_value=
ac_cv_env_PKG_CONFIG_PATH_set=
ac_cv_env_PKG_CONFIG_PATH_value=
ac_cv_env_PKG_CONFIG_set=
ac_cv_env_PKG_CONFIG_value=
ac_cv_env_build_alias_set=
ac_cv_env_build_alias_value=
ac_cv_env_host_alias_set=
ac_cv_env_host_alias_value=
ac_cv_env_target_alias_set=
ac_cv_env_target_alias_value=
ac_cv_func_alarm=yes
ac_cv_func_getisax=no
ac_cv_func_getpagesize=yes
ac_cv_func_gettimeofday=yes
ac_cv_func_mprotect=yes
ac_cv_func_posix_memalign=yes
ac_cv_func_sigaction=yes
ac_cv_have_decl___SUNPRO_C=no
ac_cv_have_decl___amd64=yes
ac_cv_header_dlfcn_h=yes
ac_cv_header_inttypes_h=yes
ac_cv_header_memory_h=yes
ac_cv_header_stdc=yes
ac_cv_header_stdint_h=yes
ac_cv_header_stdlib_h=yes
ac_cv_header_string_h=yes
ac_cv_header_strings_h=yes
ac_cv_header_sys_mman_h=yes
ac_cv_header_sys_stat_h=yes
ac_cv_header_sys_time_h=yes
ac_cv_header_sys_types_h=yes
ac_cv_header_unistd_h=yes
ac_cv_host=i386-apple-darwin10.8.0
ac_cv_lib_pixman_1_pixman_version_string=yes
ac_cv_objext=o
ac_cv_path_EGREP='/usr/bin/grep -E'
ac_cv_path_FGREP='/usr/bin/grep -F'
ac_cv_path_GREP=/usr/bin/grep
ac_cv_path_PERL=/usr/bin/perl
ac_cv_path_SED=/usr/bin/sed
ac_cv_path_ac_pt_PKG_CONFIG=/usr/local/bin/pkg-config
ac_cv_path_install='/usr/bin/install -c'
ac_cv_prog_AWK=awk
ac_cv_prog_CPP='gcc -E'
ac_cv_prog_ac_ct_AR=ar
ac_cv_prog_ac_ct_CC=gcc
ac_cv_prog_ac_ct_DSYMUTIL=dsymutil
ac_cv_prog_ac_ct_LIPO=lipo
ac_cv_prog_ac_ct_NMEDIT=nmedit
ac_cv_prog_ac_ct_OTOOL=otool
ac_cv_prog_ac_ct_RANLIB=ranlib
ac_cv_prog_ac_ct_STRIP=strip
ac_cv_prog_c_openmp=-fopenmp
ac_cv_prog_cc_c89=
ac_cv_prog_cc_g=yes
ac_cv_prog_make_make_set=yes
ac_cv_sizeof_long=8
am_cv_CCAS_dependencies_compiler_type=none
am_cv_CC_dependencies_compiler_type=none
lt_cv_apple_cc_single_mod=yes
lt_cv_deplibs_check_method=pass_all
lt_cv_file_magic_cmd='$MAGIC_CMD'
lt_cv_file_magic_test_file=
lt_cv_ld_exported_symbols_list=yes
lt_cv_ld_reload_flag=-r
lt_cv_nm_interface='BSD nm'
lt_cv_objdir=.libs
lt_cv_path_LD=/usr/libexec/gcc/i686-apple-darwin10/4.2.1/ld
lt_cv_path_NM=/usr/bin/nm
lt_cv_prog_compiler_c_o=yes
lt_cv_prog_compiler_pic_works=yes
lt_cv_prog_compiler_rtti_exceptions=no
lt_cv_prog_compiler_static_works=no
lt_cv_prog_gnu_ld=no
lt_cv_sys_global_symbol_pipe='sed -n -e '\''s/^.*[	 ]\([BCDEGRST][BCDEGRST]*\)[	 ][	 ]*_\([_A-Za-z][_A-Za-z0-9]*\)$/\1 _\2 \2/p'\'''
lt_cv_sys_global_symbol_to_c_name_address='sed -n -e '\''s/^: \([^ ]*\) $/  {\"\1\", (void *) 0},/p'\'' -e '\''s/^[BCDEGRST]* \([^ ]*\) \([^ ]*\)$/  {"\2", (void *) \&\2},/p'\'''
lt_cv_sys_global_symbol_to_c_name_address_lib_prefix='sed -n -e '\''s/^: \([^ ]*\) $/  {\"\1\", (void *) 0},/p'\'' -e '\''s/^[BCDEGRST]* \([^ ]*\) \(lib[^ ]*\)$/  {"\2", (void *) \&\2},/p'\'' -e '\''s/^[BCDEGRST]* \([^ ]*\) \([^ ]*\)$/  {"lib\2", (void *) \&\2},/p'\'''
lt_cv_sys_global_symbol_to_cdecl='sed -n -e '\''s/^T .* \(.*\)$/extern int \1();/p'\'' -e '\''s/^[BCDEGRST]* .* \(.*\)$/extern char \1;/p'\'''
lt_cv_sys_max_cmd_len=196608

## ----------------- ##
## Output variables. ##
## ----------------- ##

ACLOCAL='${SHELL} /Users/sarajchipps/Development/OctocatMe/backend/pkg-config-0.23/pixman-0.20.0/missing --run aclocal-1.11'
AMDEPBACKSLASH=''
AMDEP_FALSE=''
AMDEP_TRUE='#'
AMTAR='${SHELL} /Users/sarajchipps/Development/OctocatMe/backend/pkg-config-0.23/pixman-0.20.0/missing --run tar'
AM_BACKSLASH='\'
AM_DEFAULT_VERBOSITY='0'
AR='ar'
AUTOCONF='${SHELL} /Users/sarajchipps/Development/OctocatMe/backend/pkg-config-0.23/pixman-0.20.0/missing --run autoconf'
AUTOHEADER='${SHELL} /Users/sarajchipps/Development/OctocatMe/backend/pkg-config-0.23/pixman-0.20.0/missing --run autoheader'
AUTOMAKE='${SHELL} /Users/sarajchipps/Development/OctocatMe/backend/pkg-config-0.23/pixman-0.20.0/missing --run automake-1.11'
AWK='awk'
CC='gcc'
CCAS='gcc'
CCASDEPMODE='depmode=none'
CCASFLAGS='-g -O2'
CCDEPMODE='depmode=none'
CFLAGS='-g -O2 -Wall -fno-strict-aliasing -fvisibility=hidden -D_REENTRANT'
CPP='gcc -E'
CPPFLAGS=''
CYGPATH_W='echo'
DEFS='-DHAVE_CONFIG_H'
DEPDIR='.deps'
DEP_CFLAGS=''
DEP_LIBS=''
DSYMUTIL='dsymutil'
DUMPBIN=''
ECHO_C='\c'
ECHO_N=''
ECHO_T=''
EGREP='/usr/bin/grep -E'
EXEEXT=''
FGREP='/usr/bin/grep -F'
GREP='/usr/bin/grep'
GTK_CFLAGS=''
GTK_LIBS=''
HAVE_GTK_FALSE=''
HAVE_GTK_TRUE='#'
HAVE_PTHREAD_SETSPECIFIC=''
INSTALL_DATA='${INSTALL} -m 644'
INSTALL_PROGRAM='${INSTALL}'
INSTALL_SCRIPT='${INSTALL}'
INSTALL_STRIP_PROGRAM='$(install_sh) -c -s'
LD='/usr/libexec/gcc/i686-apple-darwin10/4.2.1/ld'
LDFLAGS=''
LIBOBJS=''
LIBS=''
LIBTOOL='$(SHELL) $(top_builddir)/libtool'
LIPO='lipo'
LN_S='ln -s'
LTLIBOBJS=''
LT_VERSION_INFO='20:0:20'
MAKEINFO='${SHELL} /Users/sarajchipps/Development/OctocatMe/backend/pkg-config-0.23/pixman-0.20.0/missing --run makeinfo'
MKDIR_P='./install-sh -c -d'
MMX_CFLAGS='-mmmx -Winline'
MMX_LDFLAGS=''
NM='/usr/bin/nm'
NMEDIT='nmedit'
OBJDUMP='false'
OBJEXT='o'
OPENMP_CFLAGS=''
OTOOL64=':'
OTOOL='otool'
PACKAGE='pixman'
PACKAGE_BUGREPORT='"pixman@lists.freedesktop.org"'
PACKAGE_NAME='pixman'
PACKAGE_STRING='pixman 0.20.0'
PACKAGE_TARNAME='pixman'
PACKAGE_URL=''
PACKAGE_VERSION='0.20.0'
PATH_SEPARATOR=':'
PERL='/usr/bin/perl'
PIXMAN_TIMERS=''
PIXMAN_VERSION_MAJOR='0'
PIXMAN_VERSION_MICRO='0'
PIXMAN_VERSION_MINOR='20'
PKG_CONFIG='/usr/local/bin/pkg-config'
PKG_CONFIG_LIBDIR=''
PKG_CONFIG_PATH=''
PTHREAD_LDFLAGS=''
PTHREAD_LIBS='-lpthread'
RANLIB='ranlib'
SED='/usr/bin/sed'
SET_MAKE=''
SHELL='/bin/sh'
SSE2_CFLAGS='-mmmx -msse2 -Winline'
SSE2_LDFLAGS=''
STRIP='strip'
TOOLCHAIN_SUPPORTS__THREAD=''
USE_ARM_NEON_FALSE=''
USE_ARM_NEON_TRUE='#'
USE_ARM_SIMD_FALSE=''
USE_ARM_SIMD_TRUE='#'
USE_GCC_INLINE_ASM_FALSE='#'
USE_GCC_INLINE_ASM_TRUE=''
USE_MMX_FALSE='#'
USE_MMX_TRUE=''
USE_SSE2_FALSE='#'
USE_SSE2_TRUE=''
USE_VMX_FALSE=''
USE_VMX_TRUE='#'
VERSION='0.20.0'
VMX_CFLAGS=''
ac_ct_CC='gcc'
ac_ct_DUMPBIN=''
am__EXEEXT_FALSE=''
am__EXEEXT_TRUE='#'
am__fastdepCCAS_FALSE=''
am__fastdepCCAS_TRUE='#'
am__fastdepCC_FALSE=''
am__fastdepCC_TRUE='#'
am__include='include'
am__isrc=''
am__leading_dot='.'
am__quote=''
am__tar='${AMTAR} chof - "$$tardir"'
am__untar='${AMTAR} xf -'
bindir='${exec_prefix}/bin'
build='i386-apple-darwin10.8.0'
build_alias=''
build_cpu='i386'
build_os='darwin10.8.0'
build_vendor='apple'
datadir='${datarootdir}'
datarootdir='${prefix}/share'
docdir='${datarootdir}/doc/${PACKAGE_TARNAME}'
dvidir='${docdir}'
exec_prefix='${prefix}'
host='i386-apple-darwin10.8.0'
host_alias=''
host_cpu='i386'
host_os='darwin10.8.0'
host_vendor='apple'
htmldir='${docdir}'
includedir='${prefix}/include'
infodir='${datarootdir}/info'
install_sh='${SHELL} /Users/sarajchipps/Development/OctocatMe/backend/pkg-config-0.23/pixman-0.20.0/install-sh'
libdir='${exec_prefix}/lib'
libexecdir='${exec_prefix}/libexec'
localedir='${datarootdir}/locale'
localstatedir='${prefix}/var'
lt_ECHO='/bin/echo'
mandir='${datarootdir}/man'
mkdir_p='$(top_builddir)/./install-sh -c -d'
oldincludedir='/usr/include'
pdfdir='${docdir}'
prefix='/usr/local'
program_transform_name='s,x,x,'
psdir='${docdir}'
sbindir='${exec_prefix}/sbin'
sharedstatedir='${prefix}/com'
sysconfdir='${prefix}/etc'
target_alias=''

## ----------- ##
## confdefs.h. ##
## ----------- ##

/* confdefs.h */
#define PACKAGE_NAME "pixman"
#define PACKAGE_TARNAME "pixman"
#define PACKAGE_VERSION "0.20.0"
#define PACKAGE_STRING "pixman 0.20.0"
#define PACKAGE_BUGREPORT ""pixman@lists.freedesktop.org""
#define PACKAGE_URL ""
#define PACKAGE "pixman"
#define VERSION "0.20.0"
#define STDC_HEADERS 1
#define HAVE_SYS_TYPES_H 1
#define HAVE_SYS_STAT_H 1
#define HAVE_STDLIB_H 1
#define HAVE_STRING_H 1
#define HAVE_MEMORY_H 1
#define HAVE_STRINGS_H 1
#define HAVE_INTTYPES_H 1
#define HAVE_STDINT_H 1
#define HAVE_UNISTD_H 1
#define HAVE_DLFCN_H 1
#define LT_OBJDIR ".libs/"
#define SIZEOF_LONG 8
#define USE_MMX 1
#define USE_SSE2 1
#define USE_GCC_INLINE_ASM 1
#define HAVE_POSIX_MEMALIGN 1
#define HAVE_SIGACTION 1
#define HAVE_ALARM 1
#define HAVE_SYS_MMAN_H 1
#define HAVE_MPROTECT 1
#define HAVE_GETPAGESIZE 1
#define HAVE_GETTIMEOFDAY 1
#define HAVE_PTHREAD_SETSPECIFIC /**/

configure: exit 0
