This file contains any messages produced by compilers while
running configure, to aid debugging if configure makes a mistake.

It was created by configure, which was
generated by GNU Autoconf 2.61.  Invocation command line was

  $ ./configure --prefix=/usr/local --cache-file=/dev/null --srcdir=.

## --------- ##
## Platform. ##
## --------- ##

hostname = Sara-Chippss-MacBook-Pro.local
uname -m = i386
uname -r = 10.8.0
uname -s = Darwin
uname -v = Darwin Kernel Version 10.8.0: Tue Jun  7 16:33:36 PDT 2011; root:xnu-1504.15.3~1/RELEASE_I386

/usr/bin/uname -p = i386
/bin/uname -X     = unknown

/bin/arch              = unknown
/usr/bin/arch -k       = unknown
/usr/convex/getsysinfo = unknown
/usr/bin/hostinfo      = Mach kernel version:
	 Darwin Kernel Version 10.8.0: Tue Jun  7 16:33:36 PDT 2011; root:xnu-1504.15.3~1/RELEASE_I386
Kernel configured for up to 4 processors.
2 processors are physically available.
4 processors are logically available.
Processor type: i486 (Intel 80486)
Processors active: 0 1 2 3
Primary memory available: 4.00 gigabytes
Default processor set: 121 tasks, 671 threads, 4 processors
Load average: 1.59, Mach factor: 2.40
/bin/machine           = unknown
/usr/bin/oslevel       = unknown
/bin/universe          = unknown

PATH: /Library/PostgreSQL/9.0/bin
PATH: /Users/sarajchipps/bin
PATH: /usr/local/bin
PATH: /usr/local/sbin
PATH: /opt/local/lib/postgresql84/bin
PATH: /Library/PostgreSQL/9.0/bin
PATH: /Users/sarajchipps/bin
PATH: /usr/local/bin
PATH: /usr/local/sbin
PATH: /opt/local/lib/postgresql84/bin
PATH: /Users/sarajchipps/.rvm/gems/ruby-1.8.7-p352/bin
PATH: /Users/sarajchipps/.rvm/gems/ruby-1.8.7-p352@global/bin
PATH: /Users/sarajchipps/.rvm/rubies/ruby-1.8.7-p352/bin
PATH: /Users/sarajchipps/.rvm/bin
PATH: /usr/bin
PATH: /bin
PATH: /usr/sbin
PATH: /sbin
PATH: /usr/local/bin
PATH: /usr/local/mongodb/bin
PATH: /usr/X11/bin
PATH: /opt/local/bin
PATH: /usr/local/git/bin


## ----------- ##
## Core tests. ##
## ----------- ##

configure:2051: checking for a BSD-compatible install
configure:2107: result: /usr/bin/install -c
configure:2118: checking whether build environment is sane
configure:2161: result: yes
configure:2194: checking for gawk
configure:2224: result: no
configure:2194: checking for mawk
configure:2224: result: no
configure:2194: checking for nawk
configure:2224: result: no
configure:2194: checking for awk
configure:2210: found /usr/bin/awk
configure:2221: result: awk
configure:2232: checking whether make sets $(MAKE)
configure:2253: result: yes
configure:2528: checking build system type
configure:2546: result: i386-apple-darwin10.8.0
configure:2568: checking host system type
configure:2583: result: i386-apple-darwin10.8.0
configure:2617: checking for style of include used by make
configure:2645: result: GNU
configure:2718: checking for gcc
configure:2734: found /usr/bin/gcc
configure:2745: result: gcc
configure:2983: checking for C compiler version
configure:2990: gcc --version >&5
i686-apple-darwin10-gcc-4.2.1 (GCC) 4.2.1 (Apple Inc. build 5664)
Copyright (C) 2007 Free Software Foundation, Inc.
This is free software; see the source for copying conditions.  There is NO
warranty; not even for MERCHANTABILITY or FITNESS FOR A PARTICULAR PURPOSE.

configure:2993: $? = 0
configure:3000: gcc -v >&5
Using built-in specs.
Target: i686-apple-darwin10
Configured with: /var/tmp/gcc/gcc-5664~89/src/configure --disable-checking --enable-werror --prefix=/usr --mandir=/share/man --enable-languages=c,objc,c++,obj-c++ --program-transform-name=/^[cg][^.-]*$/s/$/-4.2/ --with-slibdir=/usr/lib --build=i686-apple-darwin10 --program-prefix=i686-apple-darwin10- --host=x86_64-apple-darwin10 --target=i686-apple-darwin10 --with-gxx-include-dir=/include/c++/4.2.1
Thread model: posix
gcc version 4.2.1 (Apple Inc. build 5664)
configure:3003: $? = 0
configure:3010: gcc -V >&5
gcc-4.2: argument to `-V' is missing
configure:3013: $? = 1
configure:3036: checking for C compiler default output file name
configure:3063: gcc    conftest.c  >&5
configure:3066: $? = 0
configure:3104: result: a.out
configure:3121: checking whether the C compiler works
configure:3131: ./a.out
configure:3134: $? = 0
configure:3151: result: yes
configure:3158: checking whether we are cross compiling
configure:3160: result: no
configure:3163: checking for suffix of executables
configure:3170: gcc -o conftest    conftest.c  >&5
configure:3173: $? = 0
configure:3197: result: 
configure:3203: checking for suffix of object files
configure:3229: gcc -c   conftest.c >&5
configure:3232: $? = 0
configure:3255: result: o
configure:3259: checking whether we are using the GNU C compiler
configure:3288: gcc -c   conftest.c >&5
configure:3294: $? = 0
configure:3311: result: yes
configure:3316: checking whether gcc accepts -g
configure:3346: gcc -c -g  conftest.c >&5
configure:3352: $? = 0
configure:3451: result: yes
configure:3468: checking for gcc option to accept ISO C89
configure:3542: gcc  -c -g -O2  conftest.c >&5
configure:3548: $? = 0
configure:3571: result: none needed
configure:3591: checking dependency style of gcc
configure:3674: result: gcc3
configure:3691: checking for a sed that does not truncate output
configure:3747: result: /usr/bin/sed
configure:3750: checking for grep that handles long lines and -e
configure:3824: result: /usr/bin/grep
configure:3829: checking for egrep
configure:3907: result: /usr/bin/grep -E
configure:3923: checking for ld used by gcc
configure:3990: result: /usr/libexec/gcc/i686-apple-darwin10/4.2.1/ld
configure:3999: checking if the linker (/usr/libexec/gcc/i686-apple-darwin10/4.2.1/ld) is GNU ld
configure:4014: result: no
configure:4019: checking for /usr/libexec/gcc/i686-apple-darwin10/4.2.1/ld option to reload object files
configure:4026: result: -r
configure:4044: checking for BSD-compatible nm
configure:4093: result: /usr/bin/nm
configure:4097: checking whether ln -s works
configure:4101: result: yes
configure:4108: checking how to recognize dependent libraries
configure:4294: result: pass_all
configure:4535: checking how to run the C preprocessor
configure:4575: gcc -E  conftest.c
configure:4581: $? = 0
configure:4612: gcc -E  conftest.c
conftest.c:13:28: error: ac_nonexistent.h: No such file or directory
configure:4618: $? = 1
configure: failed program was:
| /* confdefs.h.  */
| #define PACKAGE_NAME ""
| #define PACKAGE_TARNAME ""
| #define PACKAGE_VERSION ""
| #define PACKAGE_STRING ""
| #define PACKAGE_BUGREPORT ""
| #define GLIB_MAJOR_VERSION 1
| #define GLIB_MINOR_VERSION 2
| #define GLIB_MICRO_VERSION 10
| #define GLIB_INTERFACE_AGE 10
| #define GLIB_BINARY_AGE 10
| /* end confdefs.h.  */
| #include <ac_nonexistent.h>
configure:4651: result: gcc -E
configure:4680: gcc -E  conftest.c
configure:4686: $? = 0
configure:4717: gcc -E  conftest.c
conftest.c:13:28: error: ac_nonexistent.h: No such file or directory
configure:4723: $? = 1
configure: failed program was:
| /* confdefs.h.  */
| #define PACKAGE_NAME ""
| #define PACKAGE_TARNAME ""
| #define PACKAGE_VERSION ""
| #define PACKAGE_STRING ""
| #define PACKAGE_BUGREPORT ""
| #define GLIB_MAJOR_VERSION 1
| #define GLIB_MINOR_VERSION 2
| #define GLIB_MICRO_VERSION 10
| #define GLIB_INTERFACE_AGE 10
| #define GLIB_BINARY_AGE 10
| /* end confdefs.h.  */
| #include <ac_nonexistent.h>
configure:4761: checking for ANSI C header files
configure:4791: gcc -c -g -O2  conftest.c >&5
configure:4797: $? = 0
configure:4896: gcc -o conftest -g -O2   conftest.c  >&5
configure:4899: $? = 0
configure:4905: ./conftest
configure:4908: $? = 0
configure:4925: result: yes
configure:4949: checking for sys/types.h
configure:4970: gcc -c -g -O2  conftest.c >&5
configure:4976: $? = 0
configure:4992: result: yes
configure:4949: checking for sys/stat.h
configure:4970: gcc -c -g -O2  conftest.c >&5
configure:4976: $? = 0
configure:4992: result: yes
configure:4949: checking for stdlib.h
configure:4970: gcc -c -g -O2  conftest.c >&5
configure:4976: $? = 0
configure:4992: result: yes
configure:4949: checking for string.h
configure:4970: gcc -c -g -O2  conftest.c >&5
configure:4976: $? = 0
configure:4992: result: yes
configure:4949: checking for memory.h
configure:4970: gcc -c -g -O2  conftest.c >&5
configure:4976: $? = 0
configure:4992: result: yes
configure:4949: checking for strings.h
configure:4970: gcc -c -g -O2  conftest.c >&5
configure:4976: $? = 0
configure:4992: result: yes
configure:4949: checking for inttypes.h
configure:4970: gcc -c -g -O2  conftest.c >&5
configure:4976: $? = 0
configure:4992: result: yes
configure:4949: checking for stdint.h
configure:4970: gcc -c -g -O2  conftest.c >&5
configure:4976: $? = 0
configure:4992: result: yes
configure:4949: checking for unistd.h
configure:4970: gcc -c -g -O2  conftest.c >&5
configure:4976: $? = 0
configure:4992: result: yes
configure:5019: checking dlfcn.h usability
configure:5036: gcc -c -g -O2  conftest.c >&5
configure:5042: $? = 0
configure:5056: result: yes
configure:5060: checking dlfcn.h presence
configure:5075: gcc -E  conftest.c
configure:5081: $? = 0
configure:5095: result: yes
configure:5123: checking for dlfcn.h
configure:5131: result: yes
configure:5202: checking for g++
configure:5218: found /usr/bin/g++
configure:5229: result: g++
configure:5260: checking for C++ compiler version
configure:5267: g++ --version >&5
i686-apple-darwin10-g++-4.2.1 (GCC) 4.2.1 (Apple Inc. build 5664)
Copyright (C) 2007 Free Software Foundation, Inc.
This is free software; see the source for copying conditions.  There is NO
warranty; not even for MERCHANTABILITY or FITNESS FOR A PARTICULAR PURPOSE.

configure:5270: $? = 0
configure:5277: g++ -v >&5
Using built-in specs.
Target: i686-apple-darwin10
Configured with: /var/tmp/gcc/gcc-5664~89/src/configure --disable-checking --enable-werror --prefix=/usr --mandir=/share/man --enable-languages=c,objc,c++,obj-c++ --program-transform-name=/^[cg][^.-]*$/s/$/-4.2/ --with-slibdir=/usr/lib --build=i686-apple-darwin10 --program-prefix=i686-apple-darwin10- --host=x86_64-apple-darwin10 --target=i686-apple-darwin10 --with-gxx-include-dir=/include/c++/4.2.1
Thread model: posix
gcc version 4.2.1 (Apple Inc. build 5664)
configure:5280: $? = 0
configure:5287: g++ -V >&5
g++-4.2: argument to `-V' is missing
configure:5290: $? = 1
configure:5293: checking whether we are using the GNU C++ compiler
configure:5322: g++ -c   conftest.cpp >&5
configure:5328: $? = 0
configure:5345: result: yes
configure:5350: checking whether g++ accepts -g
configure:5380: g++ -c -g  conftest.cpp >&5
configure:5386: $? = 0
configure:5485: result: yes
configure:5510: checking dependency style of g++
configure:5593: result: gcc3
configure:5620: checking how to run the C++ preprocessor
configure:5656: g++ -E  conftest.cpp
configure:5662: $? = 0
configure:5693: g++ -E  conftest.cpp
conftest.cpp:24:28: error: ac_nonexistent.h: No such file or directory
configure:5699: $? = 1
configure: failed program was:
| /* confdefs.h.  */
| #define PACKAGE_NAME ""
| #define PACKAGE_TARNAME ""
| #define PACKAGE_VERSION ""
| #define PACKAGE_STRING ""
| #define PACKAGE_BUGREPORT ""
| #define GLIB_MAJOR_VERSION 1
| #define GLIB_MINOR_VERSION 2
| #define GLIB_MICRO_VERSION 10
| #define GLIB_INTERFACE_AGE 10
| #define GLIB_BINARY_AGE 10
| #define STDC_HEADERS 1
| #define HAVE_SYS_TYPES_H 1
| #define HAVE_SYS_STAT_H 1
| #define HAVE_STDLIB_H 1
| #define HAVE_STRING_H 1
| #define HAVE_MEMORY_H 1
| #define HAVE_STRINGS_H 1
| #define HAVE_INTTYPES_H 1
| #define HAVE_STDINT_H 1
| #define HAVE_UNISTD_H 1
| #define HAVE_DLFCN_H 1
| /* end confdefs.h.  */
| #include <ac_nonexistent.h>
configure:5732: result: g++ -E
configure:5761: g++ -E  conftest.cpp
configure:5767: $? = 0
configure:5798: g++ -E  conftest.cpp
conftest.cpp:24:28: error: ac_nonexistent.h: No such file or directory
configure:5804: $? = 1
configure: failed program was:
| /* confdefs.h.  */
| #define PACKAGE_NAME ""
| #define PACKAGE_TARNAME ""
| #define PACKAGE_VERSION ""
| #define PACKAGE_STRING ""
| #define PACKAGE_BUGREPORT ""
| #define GLIB_MAJOR_VERSION 1
| #define GLIB_MINOR_VERSION 2
| #define GLIB_MICRO_VERSION 10
| #define GLIB_INTERFACE_AGE 10
| #define GLIB_BINARY_AGE 10
| #define STDC_HEADERS 1
| #define HAVE_SYS_TYPES_H 1
| #define HAVE_SYS_STAT_H 1
| #define HAVE_STDLIB_H 1
| #define HAVE_STRING_H 1
| #define HAVE_MEMORY_H 1
| #define HAVE_STRINGS_H 1
| #define HAVE_INTTYPES_H 1
| #define HAVE_STDINT_H 1
| #define HAVE_UNISTD_H 1
| #define HAVE_DLFCN_H 1
| /* end confdefs.h.  */
| #include <ac_nonexistent.h>
configure:5897: checking for g77
configure:5927: result: no
configure:5897: checking for xlf
configure:5927: result: no
configure:5897: checking for f77
configure:5927: result: no
configure:5897: checking for frt
configure:5927: result: no
configure:5897: checking for pgf77
configure:5927: result: no
configure:5897: checking for cf77
configure:5927: result: no
configure:5897: checking for fort77
configure:5927: result: no
configure:5897: checking for fl32
configure:5927: result: no
configure:5897: checking for af77
configure:5927: result: no
configure:5897: checking for xlf90
configure:5927: result: no
configure:5897: checking for f90
configure:5927: result: no
configure:5897: checking for pgf90
configure:5927: result: no
configure:5897: checking for pghpf
configure:5927: result: no
configure:5897: checking for epcf90
configure:5927: result: no
configure:5897: checking for gfortran
configure:5927: result: no
configure:5897: checking for g95
configure:5927: result: no
configure:5897: checking for xlf95
configure:5927: result: no
configure:5897: checking for f95
configure:5927: result: no
configure:5897: checking for fort
configure:5927: result: no
configure:5897: checking for ifort
configure:5927: result: no
configure:5897: checking for ifc
configure:5927: result: no
configure:5897: checking for efc
configure:5927: result: no
configure:5897: checking for pgf95
configure:5927: result: no
configure:5897: checking for lf95
configure:5927: result: no
configure:5897: checking for ftn
configure:5927: result: no
configure:5954: checking for Fortran 77 compiler version
configure:5961:  --version >&5
./configure: line 5962: --version: command not found
configure:5964: $? = 127
configure:5971:  -v >&5
./configure: line 5972: -v: command not found
configure:5974: $? = 127
configure:5981:  -V >&5
./configure: line 5982: -V: command not found
configure:5984: $? = 127
configure:5992: checking whether we are using the GNU Fortran 77 compiler
configure:6011:  -c  conftest.F >&5
./configure: line 6012: -c: command not found
configure:6017: $? = 127
configure: failed program was:
|       program main
| #ifndef __GNUC__
|        choke me
| #endif
| 
|       end
configure:6034: result: no
configure:6040: checking whether  accepts -g
configure:6057:  -c -g conftest.f >&5
./configure: line 6058: -c: command not found
configure:6063: $? = 127
configure: failed program was:
|       program main
| 
|       end
configure:6079: result: no
configure:6109: checking the maximum length of command line arguments
configure:6221: result: 196608
configure:6233: checking command to parse /usr/bin/nm output from gcc object
configure:6338: gcc -c -g -O2  conftest.c >&5
configure:6341: $? = 0
configure:6345: /usr/bin/nm conftest.o \| sed -n -e 's/^.*[ 	]\([BCDEGRST][BCDEGRST]*\)[ 	][ 	]*\([_A-Za-z][_A-Za-z0-9]*\)$/\1 \2 \2/p' \> conftest.nm
configure:6348: $? = 0
cannot find nm_test_var in conftest.nm
configure:6338: gcc -c -g -O2  conftest.c >&5
configure:6341: $? = 0
configure:6345: /usr/bin/nm conftest.o \| sed -n -e 's/^.*[ 	]\([BCDEGRST][BCDEGRST]*\)[ 	][ 	]*_\([_A-Za-z][_A-Za-z0-9]*\)$/\1 _\2 \2/p' \> conftest.nm
configure:6348: $? = 0
configure:6400: gcc -o conftest -g -O2   conftest.c conftstm.o >&5
configure:6403: $? = 0
configure:6441: result: ok
configure:6445: checking for objdir
configure:6460: result: .libs
configure:6552: checking for ar
configure:6568: found /usr/bin/ar
configure:6579: result: ar
configure:6648: checking for ranlib
configure:6664: found /usr/bin/ranlib
configure:6675: result: ranlib
configure:6744: checking for strip
configure:6760: found /usr/bin/strip
configure:6771: result: strip
configure:7057: checking if gcc supports -fno-rtti -fno-exceptions
configure:7075: gcc -c -g -O2  -fno-rtti -fno-exceptions conftest.c >&5
cc1: warning: command line option "-fno-rtti" is valid for C++/ObjC++ but not for C
configure:7079: $? = 0
configure:7092: result: no
configure:7107: checking for gcc option to produce PIC
configure:7339: result: -fno-common
configure:7347: checking if gcc PIC flag -fno-common works
configure:7365: gcc -c -g -O2  -fno-common -DPIC conftest.c >&5
configure:7369: $? = 0
configure:7382: result: yes
configure:7410: checking if gcc static flag -static works
configure:7438: result: no
configure:7448: checking if gcc supports -c -o file.o
configure:7469: gcc -c -g -O2  -o out/conftest2.o conftest.c >&5
configure:7473: $? = 0
configure:7495: result: yes
configure:7521: checking whether the gcc linker (/usr/libexec/gcc/i686-apple-darwin10/4.2.1/ld) supports shared libraries
configure:8502: result: yes
configure:8569: checking dynamic linker characteristics
configure:9183: result: darwin10.8.0 dyld
configure:9192: checking how to hardcode library paths into programs
configure:9217: result: immediate
configure:9231: checking whether stripping libraries is possible
configure:9245: result: yes
configure:10038: checking if libtool supports shared libraries
configure:10040: result: yes
configure:10043: checking whether to build shared libraries
configure:10064: result: yes
configure:10067: checking whether to build static libraries
configure:10071: result: yes
configure:10164: creating libtool
configure:10752: checking for ld used by g++
configure:10819: result: /usr/libexec/gcc/i686-apple-darwin10/4.2.1/ld
configure:10828: checking if the linker (/usr/libexec/gcc/i686-apple-darwin10/4.2.1/ld) is GNU ld
configure:10843: result: no
configure:10894: checking whether the g++ linker (/usr/libexec/gcc/i686-apple-darwin10/4.2.1/ld) supports shared libraries
configure:11868: result: yes
configure:11886: g++ -c -g -O2  conftest.cpp >&5
configure:11889: $? = 0
configure:12041: checking for g++ option to produce PIC
configure:12325: result: -fno-common
configure:12333: checking if g++ PIC flag -fno-common works
configure:12351: g++ -c -g -O2  -fno-common -DPIC conftest.cpp >&5
configure:12355: $? = 0
configure:12368: result: yes
configure:12396: checking if g++ static flag -static works
configure:12424: result: no
configure:12434: checking if g++ supports -c -o file.o
configure:12455: g++ -c -g -O2  -o out/conftest2.o conftest.cpp >&5
configure:12459: $? = 0
configure:12481: result: yes
configure:12507: checking whether the g++ linker (/usr/libexec/gcc/i686-apple-darwin10/4.2.1/ld) supports shared libraries
configure:12535: result: yes
configure:12602: checking dynamic linker characteristics
configure:13164: result: darwin10.8.0 dyld
configure:13173: checking how to hardcode library paths into programs
configure:13198: result: immediate
configure:19396: checking whether to enable maintainer-specific portions of Makefiles
configure:19405: result: no
configure:19421: checking host system type
configure:19436: result: i386-apple-darwin10.8.0
configure:19502: checking whether to enable memory checking
configure:19514: result: no
configure:19518: checking whether to enable memory profiling
configure:19530: result: no
configure:19626: checking for gcc
configure:19653: result: gcc
configure:19891: checking for C compiler version
configure:19898: gcc --version >&5
i686-apple-darwin10-gcc-4.2.1 (GCC) 4.2.1 (Apple Inc. build 5664)
Copyright (C) 2007 Free Software Foundation, Inc.
This is free software; see the source for copying conditions.  There is NO
warranty; not even for MERCHANTABILITY or FITNESS FOR A PARTICULAR PURPOSE.

configure:19901: $? = 0
configure:19908: gcc -v >&5
Using built-in specs.
Target: i686-apple-darwin10
Configured with: /var/tmp/gcc/gcc-5664~89/src/configure --disable-checking --enable-werror --prefix=/usr --mandir=/share/man --enable-languages=c,objc,c++,obj-c++ --program-transform-name=/^[cg][^.-]*$/s/$/-4.2/ --with-slibdir=/usr/lib --build=i686-apple-darwin10 --program-prefix=i686-apple-darwin10- --host=x86_64-apple-darwin10 --target=i686-apple-darwin10 --with-gxx-include-dir=/include/c++/4.2.1
Thread model: posix
gcc version 4.2.1 (Apple Inc. build 5664)
configure:19911: $? = 0
configure:19918: gcc -V >&5
gcc-4.2: argument to `-V' is missing
configure:19921: $? = 1
configure:19924: checking whether we are using the GNU C compiler
configure:19976: result: yes
configure:19981: checking whether gcc accepts -g
configure:20116: result: yes
configure:20133: checking for gcc option to accept ISO C89
configure:20236: result: none needed
configure:20256: checking dependency style of gcc
configure:20339: result: gcc3
configure:20359: checking for gcc option to accept ANSI C
configure:20427: gcc  -c -g -O2  conftest.c >&5
configure:20433: $? = 0
configure:20453: result: none needed
configure:20477: checking for a BSD-compatible install
configure:20533: result: /usr/bin/install -c
configure:20564: checking for extra flags to get ANSI library prototypes
configure:20590: gcc -o conftest -g -O2 -Wall   conftest.c  -lm >&5
configure:20593: $? = 0
configure:20599: ./conftest
configure:20602: $? = 0
configure:20604: result: none needed
configure:20677: checking for extra flags for POSIX compliance
configure:20700: gcc -c -g -O2 -Wall  conftest.c >&5
conftest.c: In function 'main':
conftest.c:29: warning: unused variable 'dir'
configure:20706: $? = 0
configure:20711: result: none needed
configure:20770: checking for ANSI C header files
configure:20934: result: yes
configure:20950: checking for vprintf
configure:21006: gcc -o conftest -g -O2 -Wall   conftest.c  >&5
conftest.c:49: warning: conflicting types for built-in function 'vprintf'
configure:21012: $? = 0
configure:21030: result: yes
configure:21037: checking for _doprnt
configure:21093: gcc -o conftest -g -O2 -Wall   conftest.c  >&5
Undefined symbols:
  "__doprnt", referenced from:
      _main in ccAJ5RJZ.o
ld: symbol(s) not found
collect2: ld returned 1 exit status
configure:21099: $? = 1
configure: failed program was:
| /* confdefs.h.  */
| #define PACKAGE_NAME ""
| #define PACKAGE_TARNAME ""
| #define PACKAGE_VERSION ""
| #define PACKAGE_STRING ""
| #define PACKAGE_BUGREPORT ""
| #define GLIB_MAJOR_VERSION 1
| #define GLIB_MINOR_VERSION 2
| #define GLIB_MICRO_VERSION 10
| #define GLIB_INTERFACE_AGE 10
| #define GLIB_BINARY_AGE 10
| #define STDC_HEADERS 1
| #define HAVE_SYS_TYPES_H 1
| #define HAVE_SYS_STAT_H 1
| #define HAVE_STDLIB_H 1
| #define HAVE_STRING_H 1
| #define HAVE_MEMORY_H 1
| #define HAVE_STRINGS_H 1
| #define HAVE_INTTYPES_H 1
| #define HAVE_STDINT_H 1
| #define HAVE_UNISTD_H 1
| #define HAVE_DLFCN_H 1
| #define G_COMPILED_WITH_DEBUGGING "minimum"
| #define STDC_HEADERS 1
| #define HAVE_VPRINTF 1
| /* end confdefs.h.  */
| /* Define _doprnt to an innocuous variant, in case <limits.h> declares _doprnt.
|    For example, HP-UX 11i <limits.h> declares gettimeofday.  */
| #define _doprnt innocuous__doprnt
| 
| /* System header to define __stub macros and hopefully few prototypes,
|     which can conflict with char _doprnt (); below.
|     Prefer <limits.h> to <assert.h> if __STDC__ is defined, since
|     <limits.h> exists even on freestanding compilers.  */
| 
| #ifdef __STDC__
| # include <limits.h>
| #else
| # include <assert.h>
| #endif
| 
| #undef _doprnt
| 
| /* Override any GCC internal prototype to avoid an error.
|    Use char because int might match the return type of a GCC
|    builtin and then its argument prototype would still apply.  */
| #ifdef __cplusplus
| extern "C"
| #endif
| char _doprnt ();
| /* The GNU C library defines this for functions which it implements
|     to always fail with ENOSYS.  Some functions are actually named
|     something starting with __ and the normal name is an alias.  */
| #if defined __stub__doprnt || defined __stub____doprnt
| choke me
| #endif
| 
| int
| main ()
| {
| return _doprnt ();
|   ;
|   return 0;
| }
configure:21116: result: no
configure:21136: checking for atexit
configure:21192: gcc -o conftest -g -O2 -Wall   conftest.c  >&5
configure:21198: $? = 0
configure:21216: result: yes
configure:21136: checking for on_exit
configure:21192: gcc -o conftest -g -O2 -Wall   conftest.c  >&5
Undefined symbols:
  "_on_exit", referenced from:
      _main in cckaXYEs.o
ld: symbol(s) not found
collect2: ld returned 1 exit status
configure:21198: $? = 1
configure: failed program was:
| /* confdefs.h.  */
| #define PACKAGE_NAME ""
| #define PACKAGE_TARNAME ""
| #define PACKAGE_VERSION ""
| #define PACKAGE_STRING ""
| #define PACKAGE_BUGREPORT ""
| #define GLIB_MAJOR_VERSION 1
| #define GLIB_MINOR_VERSION 2
| #define GLIB_MICRO_VERSION 10
| #define GLIB_INTERFACE_AGE 10
| #define GLIB_BINARY_AGE 10
| #define STDC_HEADERS 1
| #define HAVE_SYS_TYPES_H 1
| #define HAVE_SYS_STAT_H 1
| #define HAVE_STDLIB_H 1
| #define HAVE_STRING_H 1
| #define HAVE_MEMORY_H 1
| #define HAVE_STRINGS_H 1
| #define HAVE_INTTYPES_H 1
| #define HAVE_STDINT_H 1
| #define HAVE_UNISTD_H 1
| #define HAVE_DLFCN_H 1
| #define G_COMPILED_WITH_DEBUGGING "minimum"
| #define STDC_HEADERS 1
| #define HAVE_VPRINTF 1
| #define HAVE_ATEXIT 1
| /* end confdefs.h.  */
| /* Define on_exit to an innocuous variant, in case <limits.h> declares on_exit.
|    For example, HP-UX 11i <limits.h> declares gettimeofday.  */
| #define on_exit innocuous_on_exit
| 
| /* System header to define __stub macros and hopefully few prototypes,
|     which can conflict with char on_exit (); below.
|     Prefer <limits.h> to <assert.h> if __STDC__ is defined, since
|     <limits.h> exists even on freestanding compilers.  */
| 
| #ifdef __STDC__
| # include <limits.h>
| #else
| # include <assert.h>
| #endif
| 
| #undef on_exit
| 
| /* Override any GCC internal prototype to avoid an error.
|    Use char because int might match the return type of a GCC
|    builtin and then its argument prototype would still apply.  */
| #ifdef __cplusplus
| extern "C"
| #endif
| char on_exit ();
| /* The GNU C library defines this for functions which it implements
|     to always fail with ENOSYS.  Some functions are actually named
|     something starting with __ and the normal name is an alias.  */
| #if defined __stub_on_exit || defined __stub___on_exit
| choke me
| #endif
| 
| int
| main ()
| {
| return on_exit ();
|   ;
|   return 0;
| }
configure:21216: result: no
configure:21227: checking for char
configure:21257: gcc -c -g -O2 -Wall  conftest.c >&5
configure:21263: $? = 0
configure:21278: result: yes
configure:21285: checking size of char
configure:21587: gcc -o conftest -g -O2 -Wall   conftest.c  >&5
configure:21590: $? = 0
configure:21596: ./conftest
configure:21599: $? = 0
configure:21622: result: 1
configure:21632: checking for short
configure:21662: gcc -c -g -O2 -Wall  conftest.c >&5
configure:21668: $? = 0
configure:21683: result: yes
configure:21690: checking size of short
configure:21992: gcc -o conftest -g -O2 -Wall   conftest.c  >&5
configure:21995: $? = 0
configure:22001: ./conftest
configure:22004: $? = 0
configure:22027: result: 2
configure:22037: checking for long
configure:22067: gcc -c -g -O2 -Wall  conftest.c >&5
configure:22073: $? = 0
configure:22088: result: yes
configure:22095: checking size of long
configure:22397: gcc -o conftest -g -O2 -Wall   conftest.c  >&5
configure:22400: $? = 0
configure:22406: ./conftest
configure:22409: $? = 0
configure:22432: result: 8
configure:22442: checking for int
configure:22472: gcc -c -g -O2 -Wall  conftest.c >&5
configure:22478: $? = 0
configure:22493: result: yes
configure:22500: checking size of int
configure:22802: gcc -o conftest -g -O2 -Wall   conftest.c  >&5
configure:22805: $? = 0
configure:22811: ./conftest
configure:22814: $? = 0
configure:22837: result: 4
configure:22847: checking for void *
configure:22877: gcc -c -g -O2 -Wall  conftest.c >&5
configure:22883: $? = 0
configure:22898: result: yes
configure:22905: checking size of void *
configure:23207: gcc -o conftest -g -O2 -Wall   conftest.c  >&5
configure:23210: $? = 0
configure:23216: ./conftest
configure:23219: $? = 0
configure:23242: result: 8
configure:23252: checking for long long
configure:23282: gcc -c -g -O2 -Wall  conftest.c >&5
configure:23288: $? = 0
configure:23303: result: yes
configure:23310: checking size of long long
configure:23612: gcc -o conftest -g -O2 -Wall   conftest.c  >&5
configure:23615: $? = 0
configure:23621: ./conftest
configure:23624: $? = 0
configure:23647: result: 8
configure:23658: checking for an ANSI C-conforming const
configure:23733: gcc -c -g -O2 -Wall  conftest.c >&5
conftest.c: In function 'main':
conftest.c:63: warning: 't' is used uninitialized in this function
conftest.c:79: warning: 'b' is used uninitialized in this function
conftest.c:85: warning: 'cs[0]' is used uninitialized in this function
configure:23739: $? = 0
configure:23754: result: yes
configure:23765: checking for __inline
configure:23795: gcc -o conftest -g -O2 -Wall   conftest.c  >&5
configure:23798: $? = 0
configure:23804: ./conftest
configure:23807: $? = 0
configure:23827: result: yes
configure:23835: checking for __inline__
configure:23865: gcc -o conftest -g -O2 -Wall   conftest.c  >&5
configure:23868: $? = 0
configure:23874: ./conftest
configure:23877: $? = 0
configure:23897: result: yes
configure:23905: checking for inline
configure:23935: gcc -o conftest -g -O2 -Wall   conftest.c  >&5
configure:23938: $? = 0
configure:23944: ./conftest
configure:23947: $? = 0
configure:23967: result: yes
configure:23976: checking whether byte ordering is bigendian
configure:24009: gcc -c -g -O2 -Wall  conftest.c >&5
configure:24015: $? = 0
configure:24047: gcc -c -g -O2 -Wall  conftest.c >&5
conftest.c: In function 'main':
conftest.c:44: error: 'not' undeclared (first use in this function)
conftest.c:44: error: (Each undeclared identifier is reported only once
conftest.c:44: error: for each function it appears in.)
conftest.c:44: error: expected ';' before 'big'
configure:24053: $? = 1
configure: failed program was:
| /* confdefs.h.  */
| #define PACKAGE_NAME ""
| #define PACKAGE_TARNAME ""
| #define PACKAGE_VERSION ""
| #define PACKAGE_STRING ""
| #define PACKAGE_BUGREPORT ""
| #define GLIB_MAJOR_VERSION 1
| #define GLIB_MINOR_VERSION 2
| #define GLIB_MICRO_VERSION 10
| #define GLIB_INTERFACE_AGE 10
| #define GLIB_BINARY_AGE 10
| #define STDC_HEADERS 1
| #define HAVE_SYS_TYPES_H 1
| #define HAVE_SYS_STAT_H 1
| #define HAVE_STDLIB_H 1
| #define HAVE_STRING_H 1
| #define HAVE_MEMORY_H 1
| #define HAVE_STRINGS_H 1
| #define HAVE_INTTYPES_H 1
| #define HAVE_STDINT_H 1
| #define HAVE_UNISTD_H 1
| #define HAVE_DLFCN_H 1
| #define G_COMPILED_WITH_DEBUGGING "minimum"
| #define STDC_HEADERS 1
| #define HAVE_VPRINTF 1
| #define HAVE_ATEXIT 1
| #define SIZEOF_CHAR 1
| #define SIZEOF_SHORT 2
| #define SIZEOF_LONG 8
| #define SIZEOF_INT 4
| #define SIZEOF_VOID_P 8
| #define SIZEOF_LONG_LONG 8
| #define G_HAVE___INLINE 1
| #define G_HAVE___INLINE__ 1
| #define G_HAVE_INLINE 1
| /* end confdefs.h.  */
| #include <sys/types.h>
| #include <sys/param.h>
| 
| int
| main ()
| {
| #if BYTE_ORDER != BIG_ENDIAN
|  not big endian
| #endif
| 
|   ;
|   return 0;
| }
configure:24193: result: no
configure:24228: checking float.h usability
configure:24245: gcc -c -g -O2 -Wall  conftest.c >&5
configure:24251: $? = 0
configure:24265: result: yes
configure:24269: checking float.h presence
configure:24284: gcc -E  conftest.c
configure:24290: $? = 0
configure:24304: result: yes
configure:24332: checking for float.h
configure:24340: result: yes
configure:24371: checking limits.h usability
configure:24388: gcc -c -g -O2 -Wall  conftest.c >&5
configure:24394: $? = 0
configure:24408: result: yes
configure:24412: checking limits.h presence
configure:24427: gcc -E  conftest.c
configure:24433: $? = 0
configure:24447: result: yes
configure:24475: checking for limits.h
configure:24483: result: yes
configure:24514: checking pwd.h usability
configure:24531: gcc -c -g -O2 -Wall  conftest.c >&5
configure:24537: $? = 0
configure:24551: result: yes
configure:24555: checking pwd.h presence
configure:24570: gcc -E  conftest.c
configure:24576: $? = 0
configure:24590: result: yes
configure:24618: checking for pwd.h
configure:24626: result: yes
configure:24657: checking sys/param.h usability
configure:24674: gcc -c -g -O2 -Wall  conftest.c >&5
configure:24680: $? = 0
configure:24694: result: yes
configure:24698: checking sys/param.h presence
configure:24713: gcc -E  conftest.c
configure:24719: $? = 0
configure:24733: result: yes
configure:24761: checking for sys/param.h
configure:24769: result: yes
configure:24800: checking sys/poll.h usability
configure:24817: gcc -c -g -O2 -Wall  conftest.c >&5
configure:24823: $? = 0
configure:24837: result: yes
configure:24841: checking sys/poll.h presence
configure:24856: gcc -E  conftest.c
configure:24862: $? = 0
configure:24876: result: yes
configure:24904: checking for sys/poll.h
configure:24912: result: yes
configure:24943: checking sys/select.h usability
configure:24960: gcc -c -g -O2 -Wall  conftest.c >&5
configure:24966: $? = 0
configure:24980: result: yes
configure:24984: checking sys/select.h presence
configure:24999: gcc -E  conftest.c
configure:25005: $? = 0
configure:25019: result: yes
configure:25047: checking for sys/select.h
configure:25055: result: yes
configure:25086: checking sys/time.h usability
configure:25103: gcc -c -g -O2 -Wall  conftest.c >&5
configure:25109: $? = 0
configure:25123: result: yes
configure:25127: checking sys/time.h presence
configure:25142: gcc -E  conftest.c
configure:25148: $? = 0
configure:25162: result: yes
configure:25190: checking for sys/time.h
configure:25198: result: yes
configure:25229: checking sys/times.h usability
configure:25246: gcc -c -g -O2 -Wall  conftest.c >&5
configure:25252: $? = 0
configure:25266: result: yes
configure:25270: checking sys/times.h presence
configure:25285: gcc -E  conftest.c
configure:25291: $? = 0
configure:25305: result: yes
configure:25333: checking for sys/times.h
configure:25341: result: yes
configure:25362: checking for unistd.h
configure:25368: result: yes
configure:25515: checking values.h usability
configure:25532: gcc -c -g -O2 -Wall  conftest.c >&5
conftest.c:88:20: error: values.h: No such file or directory
configure:25538: $? = 1
configure: failed program was:
| /* confdefs.h.  */
| #define PACKAGE_NAME ""
| #define PACKAGE_TARNAME ""
| #define PACKAGE_VERSION ""
| #define PACKAGE_STRING ""
| #define PACKAGE_BUGREPORT ""
| #define GLIB_MAJOR_VERSION 1
| #define GLIB_MINOR_VERSION 2
| #define GLIB_MICRO_VERSION 10
| #define GLIB_INTERFACE_AGE 10
| #define GLIB_BINARY_AGE 10
| #define STDC_HEADERS 1
| #define HAVE_SYS_TYPES_H 1
| #define HAVE_SYS_STAT_H 1
| #define HAVE_STDLIB_H 1
| #define HAVE_STRING_H 1
| #define HAVE_MEMORY_H 1
| #define HAVE_STRINGS_H 1
| #define HAVE_INTTYPES_H 1
| #define HAVE_STDINT_H 1
| #define HAVE_UNISTD_H 1
| #define HAVE_DLFCN_H 1
| #define G_COMPILED_WITH_DEBUGGING "minimum"
| #define STDC_HEADERS 1
| #define HAVE_VPRINTF 1
| #define HAVE_ATEXIT 1
| #define SIZEOF_CHAR 1
| #define SIZEOF_SHORT 2
| #define SIZEOF_LONG 8
| #define SIZEOF_INT 4
| #define SIZEOF_VOID_P 8
| #define SIZEOF_LONG_LONG 8
| #define G_HAVE___INLINE 1
| #define G_HAVE___INLINE__ 1
| #define G_HAVE_INLINE 1
| #define HAVE_FLOAT_H 1
| #define HAVE_FLOAT_H 1
| #define HAVE_LIMITS_H 1
| #define HAVE_LIMITS_H 1
| #define HAVE_PWD_H 1
| #define HAVE_PWD_H 1
| #define HAVE_SYS_PARAM_H 1
| #define HAVE_SYS_PARAM_H 1
| #define HAVE_SYS_POLL_H 1
| #define HAVE_SYS_POLL_H 1
| #define HAVE_SYS_SELECT_H 1
| #define HAVE_SYS_SELECT_H 1
| #define HAVE_SYS_TIME_H 1
| #define HAVE_SYS_TIME_H 1
| #define HAVE_SYS_TIMES_H 1
| #define HAVE_SYS_TIMES_H 1
| #define HAVE_UNISTD_H 1
| #define HAVE_UNISTD_H 1
| /* end confdefs.h.  */
| #include <stdio.h>
| #ifdef HAVE_SYS_TYPES_H
| # include <sys/types.h>
| #endif
| #ifdef HAVE_SYS_STAT_H
| # include <sys/stat.h>
| #endif
| #ifdef STDC_HEADERS
| # include <stdlib.h>
| # include <stddef.h>
| #else
| # ifdef HAVE_STDLIB_H
| #  include <stdlib.h>
| # endif
| #endif
| #ifdef HAVE_STRING_H
| # if !defined STDC_HEADERS && defined HAVE_MEMORY_H
| #  include <memory.h>
| # endif
| # include <string.h>
| #endif
| #ifdef HAVE_STRINGS_H
| # include <strings.h>
| #endif
| #ifdef HAVE_INTTYPES_H
| # include <inttypes.h>
| #endif
| #ifdef HAVE_STDINT_H
| # include <stdint.h>
| #endif
| #ifdef HAVE_UNISTD_H
| # include <unistd.h>
| #endif
| #include <values.h>
configure:25552: result: no
configure:25556: checking values.h presence
configure:25571: gcc -E  conftest.c
conftest.c:55:20: error: values.h: No such file or directory
configure:25577: $? = 1
configure: failed program was:
| /* confdefs.h.  */
| #define PACKAGE_NAME ""
| #define PACKAGE_TARNAME ""
| #define PACKAGE_VERSION ""
| #define PACKAGE_STRING ""
| #define PACKAGE_BUGREPORT ""
| #define GLIB_MAJOR_VERSION 1
| #define GLIB_MINOR_VERSION 2
| #define GLIB_MICRO_VERSION 10
| #define GLIB_INTERFACE_AGE 10
| #define GLIB_BINARY_AGE 10
| #define STDC_HEADERS 1
| #define HAVE_SYS_TYPES_H 1
| #define HAVE_SYS_STAT_H 1
| #define HAVE_STDLIB_H 1
| #define HAVE_STRING_H 1
| #define HAVE_MEMORY_H 1
| #define HAVE_STRINGS_H 1
| #define HAVE_INTTYPES_H 1
| #define HAVE_STDINT_H 1
| #define HAVE_UNISTD_H 1
| #define HAVE_DLFCN_H 1
| #define G_COMPILED_WITH_DEBUGGING "minimum"
| #define STDC_HEADERS 1
| #define HAVE_VPRINTF 1
| #define HAVE_ATEXIT 1
| #define SIZEOF_CHAR 1
| #define SIZEOF_SHORT 2
| #define SIZEOF_LONG 8
| #define SIZEOF_INT 4
| #define SIZEOF_VOID_P 8
| #define SIZEOF_LONG_LONG 8
| #define G_HAVE___INLINE 1
| #define G_HAVE___INLINE__ 1
| #define G_HAVE_INLINE 1
| #define HAVE_FLOAT_H 1
| #define HAVE_FLOAT_H 1
| #define HAVE_LIMITS_H 1
| #define HAVE_LIMITS_H 1
| #define HAVE_PWD_H 1
| #define HAVE_PWD_H 1
| #define HAVE_SYS_PARAM_H 1
| #define HAVE_SYS_PARAM_H 1
| #define HAVE_SYS_POLL_H 1
| #define HAVE_SYS_POLL_H 1
| #define HAVE_SYS_SELECT_H 1
| #define HAVE_SYS_SELECT_H 1
| #define HAVE_SYS_TIME_H 1
| #define HAVE_SYS_TIME_H 1
| #define HAVE_SYS_TIMES_H 1
| #define HAVE_SYS_TIMES_H 1
| #define HAVE_UNISTD_H 1
| #define HAVE_UNISTD_H 1
| /* end confdefs.h.  */
| #include <values.h>
configure:25591: result: no
configure:25619: checking for values.h
configure:25627: result: no
configure:25656: checking for lstat
configure:25712: gcc -o conftest -g -O2 -Wall   conftest.c  >&5
configure:25718: $? = 0
configure:25736: result: yes
configure:25656: checking for strerror
configure:25712: gcc -o conftest -g -O2 -Wall   conftest.c  >&5
configure:25718: $? = 0
configure:25736: result: yes
configure:25656: checking for strsignal
configure:25712: gcc -o conftest -g -O2 -Wall   conftest.c  >&5
configure:25718: $? = 0
configure:25736: result: yes
configure:25656: checking for memmove
configure:25712: gcc -o conftest -g -O2 -Wall   conftest.c  >&5
conftest.c:81: warning: conflicting types for built-in function 'memmove'
configure:25718: $? = 0
configure:25736: result: yes
configure:25656: checking for vsnprintf
configure:25712: gcc -o conftest -g -O2 -Wall   conftest.c  >&5
conftest.c:82: warning: conflicting types for built-in function 'vsnprintf'
configure:25718: $? = 0
configure:25736: result: yes
configure:25656: checking for strcasecmp
configure:25712: gcc -o conftest -g -O2 -Wall   conftest.c  >&5
conftest.c:83: warning: conflicting types for built-in function 'strcasecmp'
configure:25718: $? = 0
configure:25736: result: yes
configure:25656: checking for strncasecmp
configure:25712: gcc -o conftest -g -O2 -Wall   conftest.c  >&5
conftest.c:84: warning: conflicting types for built-in function 'strncasecmp'
configure:25718: $? = 0
configure:25736: result: yes
configure:25656: checking for poll
configure:25712: gcc -o conftest -g -O2 -Wall   conftest.c  >&5
configure:25718: $? = 0
configure:25736: result: yes
configure:25748: checking for sys_errlist
configure:25775: gcc -o conftest -g -O2 -Wall   conftest.c  >&5
configure:25781: $? = 0
configure:25797: result: yes
configure:25807: checking for sys_siglist
configure:25833: gcc -o conftest -g -O2 -Wall   conftest.c  >&5
conftest.c: In function 'main':
conftest.c:69: warning: implicit declaration of function 'exit'
conftest.c:69: warning: incompatible implicit declaration of built-in function 'exit'
conftest.c:69: warning: passing argument 1 of 'exit' makes integer from pointer without a cast
configure:25839: $? = 0
configure:25855: result: yes
configure:25865: checking for sys_siglist declaration
configure:25890: gcc -c -g -O2 -Wall  conftest.c >&5
conftest.c: In function 'main':
conftest.c:68: warning: implicit declaration of function 'strlen'
conftest.c:68: warning: incompatible implicit declaration of built-in function 'strlen'
conftest.c:68: warning: statement with no effect
configure:25896: $? = 0
configure:25910: result: yes
configure:25920: checking for fd_set
configure:25943: gcc -c -g -O2 -Wall  conftest.c >&5
conftest.c: In function 'main':
conftest.c:67: warning: unused variable 'writeMask'
conftest.c:67: warning: unused variable 'readMask'
configure:25949: $? = 0
configure:25964: result: yes, found in sys/types.h
configure:26006: checking for wchar.h
configure:26021: gcc -E  conftest.c
configure:26027: $? = 0
configure:26047: result: yes
configure:26052: checking for wctype.h
configure:26067: gcc -E  conftest.c
configure:26073: $? = 0
configure:26093: result: yes
configure:26098: checking for iswalnum
configure:26154: gcc -o conftest -g -O2 -Wall   conftest.c  >&5
conftest.c:88: warning: conflicting types for built-in function 'iswalnum'
configure:26160: $? = 0
configure:26177: result: yes
configure:26257: checking if iswalnum() and friends are properly defined
configure:26293: gcc -o conftest -g -O2 -Wall   conftest.c  >&5
In file included from /usr/include/_wctype.h:63,
                 from /usr/include/wctype.h:53,
                 from conftest.c:72:
/usr/include/ctype.h: In function 'main':
/usr/include/ctype.h:153: error: nested functions are disabled, use -fnested-functions to re-enable
/usr/include/ctype.h:153: error: invalid storage class for function 'isascii'
/usr/include/ctype.h:171: error: nested functions are disabled, use -fnested-functions to re-enable
/usr/include/ctype.h:171: error: invalid storage class for function '__istype'
/usr/include/ctype.h:182: error: nested functions are disabled, use -fnested-functions to re-enable
/usr/include/ctype.h:182: error: invalid storage class for function '__isctype'
/usr/include/ctype.h:212: error: nested functions are disabled, use -fnested-functions to re-enable
/usr/include/ctype.h:212: error: invalid storage class for function '__wcwidth'
/usr/include/ctype.h:230: error: nested functions are disabled, use -fnested-functions to re-enable
/usr/include/ctype.h:230: error: invalid storage class for function 'isalnum'
/usr/include/ctype.h:236: error: nested functions are disabled, use -fnested-functions to re-enable
/usr/include/ctype.h:236: error: invalid storage class for function 'isalpha'
/usr/include/ctype.h:242: error: nested functions are disabled, use -fnested-functions to re-enable
/usr/include/ctype.h:242: error: invalid storage class for function 'isblank'
/usr/include/ctype.h:248: error: nested functions are disabled, use -fnested-functions to re-enable
/usr/include/ctype.h:248: error: invalid storage class for function 'iscntrl'
/usr/include/ctype.h:255: error: nested functions are disabled, use -fnested-functions to re-enable
/usr/include/ctype.h:255: error: invalid storage class for function 'isdigit'
/usr/include/ctype.h:261: error: nested functions are disabled, use -fnested-functions to re-enable
/usr/include/ctype.h:261: error: invalid storage class for function 'isgraph'
/usr/include/ctype.h:267: error: nested functions are disabled, use -fnested-functions to re-enable
/usr/include/ctype.h:267: error: invalid storage class for function 'islower'
/usr/include/ctype.h:273: error: nested functions are disabled, use -fnested-functions to re-enable
/usr/include/ctype.h:273: error: invalid storage class for function 'isprint'
/usr/include/ctype.h:279: error: nested functions are disabled, use -fnested-functions to re-enable
/usr/include/ctype.h:279: error: invalid storage class for function 'ispunct'
/usr/include/ctype.h:285: error: nested functions are disabled, use -fnested-functions to re-enable
/usr/include/ctype.h:285: error: invalid storage class for function 'isspace'
/usr/include/ctype.h:291: error: nested functions are disabled, use -fnested-functions to re-enable
/usr/include/ctype.h:291: error: invalid storage class for function 'isupper'
/usr/include/ctype.h:298: error: nested functions are disabled, use -fnested-functions to re-enable
/usr/include/ctype.h:298: error: invalid storage class for function 'isxdigit'
/usr/include/ctype.h:304: error: nested functions are disabled, use -fnested-functions to re-enable
/usr/include/ctype.h:304: error: invalid storage class for function 'toascii'
/usr/include/ctype.h:310: error: nested functions are disabled, use -fnested-functions to re-enable
/usr/include/ctype.h:310: error: invalid storage class for function 'tolower'
/usr/include/ctype.h:316: error: nested functions are disabled, use -fnested-functions to re-enable
/usr/include/ctype.h:316: error: invalid storage class for function 'toupper'
/usr/include/ctype.h:323: error: nested functions are disabled, use -fnested-functions to re-enable
/usr/include/ctype.h:323: error: invalid storage class for function 'digittoint'
/usr/include/ctype.h:329: error: nested functions are disabled, use -fnested-functions to re-enable
/usr/include/ctype.h:329: error: invalid storage class for function 'ishexnumber'
/usr/include/ctype.h:335: error: nested functions are disabled, use -fnested-functions to re-enable
/usr/include/ctype.h:335: error: invalid storage class for function 'isideogram'
/usr/include/ctype.h:341: error: nested functions are disabled, use -fnested-functions to re-enable
/usr/include/ctype.h:341: error: invalid storage class for function 'isnumber'
/usr/include/ctype.h:347: error: nested functions are disabled, use -fnested-functions to re-enable
/usr/include/ctype.h:347: error: invalid storage class for function 'isphonogram'
/usr/include/ctype.h:353: error: nested functions are disabled, use -fnested-functions to re-enable
/usr/include/ctype.h:353: error: invalid storage class for function 'isrune'
/usr/include/ctype.h:359: error: nested functions are disabled, use -fnested-functions to re-enable
/usr/include/ctype.h:359: error: invalid storage class for function 'isspecial'
In file included from /usr/include/wctype.h:53,
                 from conftest.c:72:
/usr/include/_wctype.h:73: error: nested functions are disabled, use -fnested-functions to re-enable
/usr/include/_wctype.h:73: error: invalid storage class for function 'iswalnum'
/usr/include/_wctype.h:79: error: nested functions are disabled, use -fnested-functions to re-enable
/usr/include/_wctype.h:79: error: invalid storage class for function 'iswalpha'
/usr/include/_wctype.h:85: error: nested functions are disabled, use -fnested-functions to re-enable
/usr/include/_wctype.h:85: error: invalid storage class for function 'iswcntrl'
/usr/include/_wctype.h:91: error: nested functions are disabled, use -fnested-functions to re-enable
/usr/include/_wctype.h:91: error: invalid storage class for function 'iswctype'
/usr/include/_wctype.h:97: error: nested functions are disabled, use -fnested-functions to re-enable
/usr/include/_wctype.h:97: error: invalid storage class for function 'iswdigit'
/usr/include/_wctype.h:103: error: nested functions are disabled, use -fnested-functions to re-enable
/usr/include/_wctype.h:103: error: invalid storage class for function 'iswgraph'
/usr/include/_wctype.h:109: error: nested functions are disabled, use -fnested-functions to re-enable
/usr/include/_wctype.h:109: error: invalid storage class for function 'iswlower'
/usr/include/_wctype.h:115: error: nested functions are disabled, use -fnested-functions to re-enable
/usr/include/_wctype.h:115: error: invalid storage class for function 'iswprint'
/usr/include/_wctype.h:121: error: nested functions are disabled, use -fnested-functions to re-enable
/usr/include/_wctype.h:121: error: invalid storage class for function 'iswpunct'
/usr/include/_wctype.h:127: error: nested functions are disabled, use -fnested-functions to re-enable
/usr/include/_wctype.h:127: error: invalid storage class for function 'iswspace'
/usr/include/_wctype.h:133: error: nested functions are disabled, use -fnested-functions to re-enable
/usr/include/_wctype.h:133: error: invalid storage class for function 'iswupper'
/usr/include/_wctype.h:139: error: nested functions are disabled, use -fnested-functions to re-enable
/usr/include/_wctype.h:139: error: invalid storage class for function 'iswxdigit'
/usr/include/_wctype.h:145: error: nested functions are disabled, use -fnested-functions to re-enable
/usr/include/_wctype.h:145: error: invalid storage class for function 'towlower'
/usr/include/_wctype.h:151: error: nested functions are disabled, use -fnested-functions to re-enable
/usr/include/_wctype.h:151: error: invalid storage class for function 'towupper'
In file included from conftest.c:72:
/usr/include/wctype.h:64: error: nested functions are disabled, use -fnested-functions to re-enable
/usr/include/wctype.h:64: error: invalid storage class for function 'iswblank'
/usr/include/wctype.h:71: error: nested functions are disabled, use -fnested-functions to re-enable
/usr/include/wctype.h:71: error: invalid storage class for function 'iswascii'
/usr/include/wctype.h:77: error: nested functions are disabled, use -fnested-functions to re-enable
/usr/include/wctype.h:77: error: invalid storage class for function 'iswhexnumber'
/usr/include/wctype.h:83: error: nested functions are disabled, use -fnested-functions to re-enable
/usr/include/wctype.h:83: error: invalid storage class for function 'iswideogram'
/usr/include/wctype.h:89: error: nested functions are disabled, use -fnested-functions to re-enable
/usr/include/wctype.h:89: error: invalid storage class for function 'iswnumber'
/usr/include/wctype.h:95: error: nested functions are disabled, use -fnested-functions to re-enable
/usr/include/wctype.h:95: error: invalid storage class for function 'iswphonogram'
/usr/include/wctype.h:101: error: nested functions are disabled, use -fnested-functions to re-enable
/usr/include/wctype.h:101: error: invalid storage class for function 'iswrune'
/usr/include/wctype.h:107: error: nested functions are disabled, use -fnested-functions to re-enable
/usr/include/wctype.h:107: error: invalid storage class for function 'iswspecial'
configure:26299: $? = 1
configure: failed program was:
| /* confdefs.h.  */
| #define PACKAGE_NAME ""
| #define PACKAGE_TARNAME ""
| #define PACKAGE_VERSION ""
| #define PACKAGE_STRING ""
| #define PACKAGE_BUGREPORT ""
| #define GLIB_MAJOR_VERSION 1
| #define GLIB_MINOR_VERSION 2
| #define GLIB_MICRO_VERSION 10
| #define GLIB_INTERFACE_AGE 10
| #define GLIB_BINARY_AGE 10
| #define STDC_HEADERS 1
| #define HAVE_SYS_TYPES_H 1
| #define HAVE_SYS_STAT_H 1
| #define HAVE_STDLIB_H 1
| #define HAVE_STRING_H 1
| #define HAVE_MEMORY_H 1
| #define HAVE_STRINGS_H 1
| #define HAVE_INTTYPES_H 1
| #define HAVE_STDINT_H 1
| #define HAVE_UNISTD_H 1
| #define HAVE_DLFCN_H 1
| #define G_COMPILED_WITH_DEBUGGING "minimum"
| #define STDC_HEADERS 1
| #define HAVE_VPRINTF 1
| #define HAVE_ATEXIT 1
| #define SIZEOF_CHAR 1
| #define SIZEOF_SHORT 2
| #define SIZEOF_LONG 8
| #define SIZEOF_INT 4
| #define SIZEOF_VOID_P 8
| #define SIZEOF_LONG_LONG 8
| #define G_HAVE___INLINE 1
| #define G_HAVE___INLINE__ 1
| #define G_HAVE_INLINE 1
| #define HAVE_FLOAT_H 1
| #define HAVE_FLOAT_H 1
| #define HAVE_LIMITS_H 1
| #define HAVE_LIMITS_H 1
| #define HAVE_PWD_H 1
| #define HAVE_PWD_H 1
| #define HAVE_SYS_PARAM_H 1
| #define HAVE_SYS_PARAM_H 1
| #define HAVE_SYS_POLL_H 1
| #define HAVE_SYS_POLL_H 1
| #define HAVE_SYS_SELECT_H 1
| #define HAVE_SYS_SELECT_H 1
| #define HAVE_SYS_TIME_H 1
| #define HAVE_SYS_TIME_H 1
| #define HAVE_SYS_TIMES_H 1
| #define HAVE_SYS_TIMES_H 1
| #define HAVE_UNISTD_H 1
| #define HAVE_UNISTD_H 1
| #define HAVE_LSTAT 1
| #define HAVE_STRERROR 1
| #define HAVE_STRSIGNAL 1
| #define HAVE_MEMMOVE 1
| #define HAVE_VSNPRINTF 1
| #define HAVE_STRCASECMP 1
| #define HAVE_STRNCASECMP 1
| #define HAVE_POLL 1
| #define HAVE_WCHAR_H 1
| #define HAVE_WCTYPE_H 1
| /* end confdefs.h.  */
| #include <stdlib.h>
| int
| main ()
| {
| 
| #if (defined(HAVE_WCTYPE_H) || defined(HAVE_WCHAR_H))
| #  ifdef HAVE_WCTYPE_H
| #    include <wctype.h>
| #  else
| #    ifdef HAVE_WCHAR_H
| #      include <wchar.h>
| #    endif
| #  endif
| #else
| #  define iswalnum(c) ((wchar_t)(c) <= 0xFF && isalnum(c))
| #endif
| iswalnum((wchar_t) 0);
| 
|   ;
|   return 0;
| }
configure:26323: result: no
configure:26326: checking whether realloc (NULL,) will work
configure:26357: gcc -o conftest -g -O2 -Wall   conftest.c  >&5
configure:26360: $? = 0
configure:26366: ./conftest
configure:26369: $? = 0
configure:26395: result: yes
configure:26399: checking for an implementation of va_copy()
configure:26439: gcc -o conftest -g -O2 -Wall   conftest.c  >&5
conftest.c: In function 'f':
conftest.c:74: warning: implicit declaration of function 'exit'
conftest.c:74: warning: incompatible implicit declaration of built-in function 'exit'
configure:26442: $? = 0
configure:26448: ./conftest
configure:26451: $? = 0
configure:26471: result: yes
configure:26473: checking for an implementation of __va_copy()
configure:26513: gcc -o conftest -g -O2 -Wall   conftest.c  >&5
conftest.c: In function 'f':
conftest.c:74: warning: implicit declaration of function 'exit'
conftest.c:74: warning: incompatible implicit declaration of built-in function 'exit'
configure:26516: $? = 0
configure:26522: ./conftest
configure:26525: $? = 0
configure:26545: result: yes
configure:26547: checking whether va_lists can be copied by value
configure:26587: gcc -o conftest -g -O2 -Wall   conftest.c  >&5
conftest.c: In function 'f':
conftest.c:72: error: incompatible types in assignment
conftest.c:74: warning: implicit declaration of function 'exit'
conftest.c:74: warning: incompatible implicit declaration of built-in function 'exit'
configure:26590: $? = 1
configure: program exited with status 1
configure: failed program was:
| /* confdefs.h.  */
| #define PACKAGE_NAME ""
| #define PACKAGE_TARNAME ""
| #define PACKAGE_VERSION ""
| #define PACKAGE_STRING ""
| #define PACKAGE_BUGREPORT ""
| #define GLIB_MAJOR_VERSION 1
| #define GLIB_MINOR_VERSION 2
| #define GLIB_MICRO_VERSION 10
| #define GLIB_INTERFACE_AGE 10
| #define GLIB_BINARY_AGE 10
| #define STDC_HEADERS 1
| #define HAVE_SYS_TYPES_H 1
| #define HAVE_SYS_STAT_H 1
| #define HAVE_STDLIB_H 1
| #define HAVE_STRING_H 1
| #define HAVE_MEMORY_H 1
| #define HAVE_STRINGS_H 1
| #define HAVE_INTTYPES_H 1
| #define HAVE_STDINT_H 1
| #define HAVE_UNISTD_H 1
| #define HAVE_DLFCN_H 1
| #define G_COMPILED_WITH_DEBUGGING "minimum"
| #define STDC_HEADERS 1
| #define HAVE_VPRINTF 1
| #define HAVE_ATEXIT 1
| #define SIZEOF_CHAR 1
| #define SIZEOF_SHORT 2
| #define SIZEOF_LONG 8
| #define SIZEOF_INT 4
| #define SIZEOF_VOID_P 8
| #define SIZEOF_LONG_LONG 8
| #define G_HAVE___INLINE 1
| #define G_HAVE___INLINE__ 1
| #define G_HAVE_INLINE 1
| #define HAVE_FLOAT_H 1
| #define HAVE_FLOAT_H 1
| #define HAVE_LIMITS_H 1
| #define HAVE_LIMITS_H 1
| #define HAVE_PWD_H 1
| #define HAVE_PWD_H 1
| #define HAVE_SYS_PARAM_H 1
| #define HAVE_SYS_PARAM_H 1
| #define HAVE_SYS_POLL_H 1
| #define HAVE_SYS_POLL_H 1
| #define HAVE_SYS_SELECT_H 1
| #define HAVE_SYS_SELECT_H 1
| #define HAVE_SYS_TIME_H 1
| #define HAVE_SYS_TIME_H 1
| #define HAVE_SYS_TIMES_H 1
| #define HAVE_SYS_TIMES_H 1
| #define HAVE_UNISTD_H 1
| #define HAVE_UNISTD_H 1
| #define HAVE_LSTAT 1
| #define HAVE_STRERROR 1
| #define HAVE_STRSIGNAL 1
| #define HAVE_MEMMOVE 1
| #define HAVE_VSNPRINTF 1
| #define HAVE_STRCASECMP 1
| #define HAVE_STRNCASECMP 1
| #define HAVE_POLL 1
| #define HAVE_WCHAR_H 1
| #define HAVE_WCTYPE_H 1
| #define HAVE_BROKEN_WCTYPE 1
| #define REALLOC_0_WORKS 1
| /* end confdefs.h.  */
| 
| 	#include <stdarg.h>
| 	void f (int i, ...) {
| 	va_list args1, args2;
| 	va_start (args1, i);
| 	args2 = args1;
| 	if (va_arg (args2, int) != 42 || va_arg (args1, int) != 42)
| 	  exit (1);
| 	va_end (args1); va_end (args2);
| 	}
| 	int main() {
| 	  f (0, 42);
| 	  return 0;
| 	}
configure:26637: result: no
configure:26647: checking for dlopen
configure:26703: gcc -o conftest -g -O2 -Wall   conftest.c  >&5
configure:26709: $? = 0
configure:26726: result: yes
configure:26729: checking for dlsym
configure:26785: gcc -o conftest -g -O2 -Wall   conftest.c  >&5
configure:26791: $? = 0
configure:26808: result: yes
configure:27133: checking for RTLD_GLOBAL brokenness
configure:27176: gcc -o conftest -g -O2 -Wall    conftest.c   >&5
configure:27179: $? = 0
configure:27185: ./conftest
configure:27188: $? = 0
configure:27206: result: no
configure:27213: checking for preceeding underscore in symbols
configure:27250: gcc -o conftest -g -O2 -Wall    conftest.c   >&5
configure:27253: $? = 0
configure:27259: ./conftest
configure:27262: $? = 1
configure: program exited with status 1
configure: failed program was:
| /* confdefs.h.  */
| #define PACKAGE_NAME ""
| #define PACKAGE_TARNAME ""
| #define PACKAGE_VERSION ""
| #define PACKAGE_STRING ""
| #define PACKAGE_BUGREPORT ""
| #define GLIB_MAJOR_VERSION 1
| #define GLIB_MINOR_VERSION 2
| #define GLIB_MICRO_VERSION 10
| #define GLIB_INTERFACE_AGE 10
| #define GLIB_BINARY_AGE 10
| #define STDC_HEADERS 1
| #define HAVE_SYS_TYPES_H 1
| #define HAVE_SYS_STAT_H 1
| #define HAVE_STDLIB_H 1
| #define HAVE_STRING_H 1
| #define HAVE_MEMORY_H 1
| #define HAVE_STRINGS_H 1
| #define HAVE_INTTYPES_H 1
| #define HAVE_STDINT_H 1
| #define HAVE_UNISTD_H 1
| #define HAVE_DLFCN_H 1
| #define G_COMPILED_WITH_DEBUGGING "minimum"
| #define STDC_HEADERS 1
| #define HAVE_VPRINTF 1
| #define HAVE_ATEXIT 1
| #define SIZEOF_CHAR 1
| #define SIZEOF_SHORT 2
| #define SIZEOF_LONG 8
| #define SIZEOF_INT 4
| #define SIZEOF_VOID_P 8
| #define SIZEOF_LONG_LONG 8
| #define G_HAVE___INLINE 1
| #define G_HAVE___INLINE__ 1
| #define G_HAVE_INLINE 1
| #define HAVE_FLOAT_H 1
| #define HAVE_FLOAT_H 1
| #define HAVE_LIMITS_H 1
| #define HAVE_LIMITS_H 1
| #define HAVE_PWD_H 1
| #define HAVE_PWD_H 1
| #define HAVE_SYS_PARAM_H 1
| #define HAVE_SYS_PARAM_H 1
| #define HAVE_SYS_POLL_H 1
| #define HAVE_SYS_POLL_H 1
| #define HAVE_SYS_SELECT_H 1
| #define HAVE_SYS_SELECT_H 1
| #define HAVE_SYS_TIME_H 1
| #define HAVE_SYS_TIME_H 1
| #define HAVE_SYS_TIMES_H 1
| #define HAVE_SYS_TIMES_H 1
| #define HAVE_UNISTD_H 1
| #define HAVE_UNISTD_H 1
| #define HAVE_LSTAT 1
| #define HAVE_STRERROR 1
| #define HAVE_STRSIGNAL 1
| #define HAVE_MEMMOVE 1
| #define HAVE_VSNPRINTF 1
| #define HAVE_STRCASECMP 1
| #define HAVE_STRNCASECMP 1
| #define HAVE_POLL 1
| #define HAVE_WCHAR_H 1
| #define HAVE_WCTYPE_H 1
| #define HAVE_BROKEN_WCTYPE 1
| #define REALLOC_0_WORKS 1
| #define G_VA_COPY va_copy
| #define G_VA_COPY_AS_ARRAY 1
| /* end confdefs.h.  */
| 
| 		#include <dlfcn.h>
|                 int glib_underscore_test (void) { return 42; }
| 		int main() {
| 		  void *f1 = (void*)0, *f2 = (void*)0, *handle;
| 		  handle = dlopen ((void*)0, 0);
| 		  if (handle) {
| 		    f1 = dlsym (handle, "glib_underscore_test");
| 		    f2 = dlsym (handle, "_glib_underscore_test");
| 		  } return (!f2 || f1);
| 		}
configure:27281: result: no
configure:27290: checking for dlerror
configure:27346: gcc -o conftest -g -O2 -Wall   conftest.c   >&5
configure:27352: $? = 0
configure:27369: result: yes
configure:27520: checking pthread.h usability
configure:27537: gcc -c -g -O2 -Wall  conftest.c >&5
configure:27543: $? = 0
configure:27557: result: yes
configure:27561: checking pthread.h presence
configure:27576: gcc -E  conftest.c
configure:27582: $? = 0
configure:27596: result: yes
configure:27624: checking for pthread.h
configure:27631: result: yes
configure:27712: checking for thread implementation
configure:27721: result: posix
configure:27734: checking for pthread_attr_init in -lpthread
configure:27769: gcc -o conftest -g -O2 -Wall   conftest.c -lpthread   >&5
configure:27775: $? = 0
configure:27793: result: yes
configure:28384: checking necessary linker options
configure:28386: result: -lpthread
configure:28434: checking necessary compiler options
configure:28437: result:  -D_REENTRANT
configure:28456: checking for localtime_r
configure:28512: gcc -o conftest -g -O2 -Wall  -D_REENTRANT   conftest.c  >&5
configure:28518: $? = 0
configure:28536: result: yes
configure:28456: checking for rand_r
configure:28512: gcc -o conftest -g -O2 -Wall  -D_REENTRANT   conftest.c  >&5
configure:28518: $? = 0
configure:28536: result: yes
configure:28547: checking for getpwuid_r
configure:28581: gcc -o conftest -g -O2 -Wall  -D_REENTRANT   conftest.c  >&5
configure:28584: $? = 0
configure:28590: ./conftest
configure:28593: $? = 0
configure:28611: result: yes
configure:28622: checking whether getpwuid_r is posix like
configure:28649: gcc -c -g -O2 -Wall  -D_REENTRANT  conftest.c >&5
configure:28655: $? = 0
configure:28664: result: yes
configure:28679: checking whether pthread_getspecific is posix like
configure:28703: gcc -c -g -O2 -Wall  -D_REENTRANT  conftest.c >&5
conftest.c: In function 'main':
conftest.c:77: error: too many arguments to function 'pthread_getspecific'
configure:28709: $? = 1
configure: failed program was:
| /* confdefs.h.  */
| #define PACKAGE_NAME ""
| #define PACKAGE_TARNAME ""
| #define PACKAGE_VERSION ""
| #define PACKAGE_STRING ""
| #define PACKAGE_BUGREPORT ""
| #define GLIB_MAJOR_VERSION 1
| #define GLIB_MINOR_VERSION 2
| #define GLIB_MICRO_VERSION 10
| #define GLIB_INTERFACE_AGE 10
| #define GLIB_BINARY_AGE 10
| #define STDC_HEADERS 1
| #define HAVE_SYS_TYPES_H 1
| #define HAVE_SYS_STAT_H 1
| #define HAVE_STDLIB_H 1
| #define HAVE_STRING_H 1
| #define HAVE_MEMORY_H 1
| #define HAVE_STRINGS_H 1
| #define HAVE_INTTYPES_H 1
| #define HAVE_STDINT_H 1
| #define HAVE_UNISTD_H 1
| #define HAVE_DLFCN_H 1
| #define G_COMPILED_WITH_DEBUGGING "minimum"
| #define STDC_HEADERS 1
| #define HAVE_VPRINTF 1
| #define HAVE_ATEXIT 1
| #define SIZEOF_CHAR 1
| #define SIZEOF_SHORT 2
| #define SIZEOF_LONG 8
| #define SIZEOF_INT 4
| #define SIZEOF_VOID_P 8
| #define SIZEOF_LONG_LONG 8
| #define G_HAVE___INLINE 1
| #define G_HAVE___INLINE__ 1
| #define G_HAVE_INLINE 1
| #define HAVE_FLOAT_H 1
| #define HAVE_FLOAT_H 1
| #define HAVE_LIMITS_H 1
| #define HAVE_LIMITS_H 1
| #define HAVE_PWD_H 1
| #define HAVE_PWD_H 1
| #define HAVE_SYS_PARAM_H 1
| #define HAVE_SYS_PARAM_H 1
| #define HAVE_SYS_POLL_H 1
| #define HAVE_SYS_POLL_H 1
| #define HAVE_SYS_SELECT_H 1
| #define HAVE_SYS_SELECT_H 1
| #define HAVE_SYS_TIME_H 1
| #define HAVE_SYS_TIME_H 1
| #define HAVE_SYS_TIMES_H 1
| #define HAVE_SYS_TIMES_H 1
| #define HAVE_UNISTD_H 1
| #define HAVE_UNISTD_H 1
| #define HAVE_LSTAT 1
| #define HAVE_STRERROR 1
| #define HAVE_STRSIGNAL 1
| #define HAVE_MEMMOVE 1
| #define HAVE_VSNPRINTF 1
| #define HAVE_STRCASECMP 1
| #define HAVE_STRNCASECMP 1
| #define HAVE_POLL 1
| #define HAVE_WCHAR_H 1
| #define HAVE_WCTYPE_H 1
| #define HAVE_BROKEN_WCTYPE 1
| #define REALLOC_0_WORKS 1
| #define G_VA_COPY va_copy
| #define G_VA_COPY_AS_ARRAY 1
| #define HAVE_LOCALTIME_R 1
| #define HAVE_RAND_R 1
| #define HAVE_GETPWUID_R 1
| #define HAVE_GETPWUID_R_POSIX 1
| /* end confdefs.h.  */
| #include <pthread.h>
| int
| main ()
| {
| pthread_getspecific(0,NULL);
|   ;
|   return 0;
| }
configure:28720: result: yes
configure:28729: checking whether pthread_mutex_trylock is posix like
configure:28756: gcc -o conftest -g -O2 -Wall  -D_REENTRANT   conftest.c  -lpthread >&5
configure:28759: $? = 0
configure:28765: ./conftest
configure:28768: $? = 1
configure: program exited with status 1
configure: failed program was:
| /* confdefs.h.  */
| #define PACKAGE_NAME ""
| #define PACKAGE_TARNAME ""
| #define PACKAGE_VERSION ""
| #define PACKAGE_STRING ""
| #define PACKAGE_BUGREPORT ""
| #define GLIB_MAJOR_VERSION 1
| #define GLIB_MINOR_VERSION 2
| #define GLIB_MICRO_VERSION 10
| #define GLIB_INTERFACE_AGE 10
| #define GLIB_BINARY_AGE 10
| #define STDC_HEADERS 1
| #define HAVE_SYS_TYPES_H 1
| #define HAVE_SYS_STAT_H 1
| #define HAVE_STDLIB_H 1
| #define HAVE_STRING_H 1
| #define HAVE_MEMORY_H 1
| #define HAVE_STRINGS_H 1
| #define HAVE_INTTYPES_H 1
| #define HAVE_STDINT_H 1
| #define HAVE_UNISTD_H 1
| #define HAVE_DLFCN_H 1
| #define G_COMPILED_WITH_DEBUGGING "minimum"
| #define STDC_HEADERS 1
| #define HAVE_VPRINTF 1
| #define HAVE_ATEXIT 1
| #define SIZEOF_CHAR 1
| #define SIZEOF_SHORT 2
| #define SIZEOF_LONG 8
| #define SIZEOF_INT 4
| #define SIZEOF_VOID_P 8
| #define SIZEOF_LONG_LONG 8
| #define G_HAVE___INLINE 1
| #define G_HAVE___INLINE__ 1
| #define G_HAVE_INLINE 1
| #define HAVE_FLOAT_H 1
| #define HAVE_FLOAT_H 1
| #define HAVE_LIMITS_H 1
| #define HAVE_LIMITS_H 1
| #define HAVE_PWD_H 1
| #define HAVE_PWD_H 1
| #define HAVE_SYS_PARAM_H 1
| #define HAVE_SYS_PARAM_H 1
| #define HAVE_SYS_POLL_H 1
| #define HAVE_SYS_POLL_H 1
| #define HAVE_SYS_SELECT_H 1
| #define HAVE_SYS_SELECT_H 1
| #define HAVE_SYS_TIME_H 1
| #define HAVE_SYS_TIME_H 1
| #define HAVE_SYS_TIMES_H 1
| #define HAVE_SYS_TIMES_H 1
| #define HAVE_UNISTD_H 1
| #define HAVE_UNISTD_H 1
| #define HAVE_LSTAT 1
| #define HAVE_STRERROR 1
| #define HAVE_STRSIGNAL 1
| #define HAVE_MEMMOVE 1
| #define HAVE_VSNPRINTF 1
| #define HAVE_STRCASECMP 1
| #define HAVE_STRNCASECMP 1
| #define HAVE_POLL 1
| #define HAVE_WCHAR_H 1
| #define HAVE_WCTYPE_H 1
| #define HAVE_BROKEN_WCTYPE 1
| #define REALLOC_0_WORKS 1
| #define G_VA_COPY va_copy
| #define G_VA_COPY_AS_ARRAY 1
| #define HAVE_LOCALTIME_R 1
| #define HAVE_RAND_R 1
| #define HAVE_GETPWUID_R 1
| #define HAVE_GETPWUID_R_POSIX 1
| #define HAVE_PTHREAD_GETSPECIFIC_POSIX 1
| /* end confdefs.h.  */
| #include <pthread.h>
| 			pthread_mutex_t mutex = PTHREAD_MUTEX_INITIALIZER;
| 			int main () {
| 			return !pthread_mutex_trylock (&mutex); }
configure:28778: result: yes
configure:28789: checking whether pthread_cond_timedwait is posix like
configure:28825: gcc -o conftest -g -O2 -Wall  -D_REENTRANT   conftest.c  -lpthread >&5
configure:28828: $? = 0
configure:28834: ./conftest
configure:28837: $? = 1
configure: program exited with status 1
configure: failed program was:
| /* confdefs.h.  */
| #define PACKAGE_NAME ""
| #define PACKAGE_TARNAME ""
| #define PACKAGE_VERSION ""
| #define PACKAGE_STRING ""
| #define PACKAGE_BUGREPORT ""
| #define GLIB_MAJOR_VERSION 1
| #define GLIB_MINOR_VERSION 2
| #define GLIB_MICRO_VERSION 10
| #define GLIB_INTERFACE_AGE 10
| #define GLIB_BINARY_AGE 10
| #define STDC_HEADERS 1
| #define HAVE_SYS_TYPES_H 1
| #define HAVE_SYS_STAT_H 1
| #define HAVE_STDLIB_H 1
| #define HAVE_STRING_H 1
| #define HAVE_MEMORY_H 1
| #define HAVE_STRINGS_H 1
| #define HAVE_INTTYPES_H 1
| #define HAVE_STDINT_H 1
| #define HAVE_UNISTD_H 1
| #define HAVE_DLFCN_H 1
| #define G_COMPILED_WITH_DEBUGGING "minimum"
| #define STDC_HEADERS 1
| #define HAVE_VPRINTF 1
| #define HAVE_ATEXIT 1
| #define SIZEOF_CHAR 1
| #define SIZEOF_SHORT 2
| #define SIZEOF_LONG 8
| #define SIZEOF_INT 4
| #define SIZEOF_VOID_P 8
| #define SIZEOF_LONG_LONG 8
| #define G_HAVE___INLINE 1
| #define G_HAVE___INLINE__ 1
| #define G_HAVE_INLINE 1
| #define HAVE_FLOAT_H 1
| #define HAVE_FLOAT_H 1
| #define HAVE_LIMITS_H 1
| #define HAVE_LIMITS_H 1
| #define HAVE_PWD_H 1
| #define HAVE_PWD_H 1
| #define HAVE_SYS_PARAM_H 1
| #define HAVE_SYS_PARAM_H 1
| #define HAVE_SYS_POLL_H 1
| #define HAVE_SYS_POLL_H 1
| #define HAVE_SYS_SELECT_H 1
| #define HAVE_SYS_SELECT_H 1
| #define HAVE_SYS_TIME_H 1
| #define HAVE_SYS_TIME_H 1
| #define HAVE_SYS_TIMES_H 1
| #define HAVE_SYS_TIMES_H 1
| #define HAVE_UNISTD_H 1
| #define HAVE_UNISTD_H 1
| #define HAVE_LSTAT 1
| #define HAVE_STRERROR 1
| #define HAVE_STRSIGNAL 1
| #define HAVE_MEMMOVE 1
| #define HAVE_VSNPRINTF 1
| #define HAVE_STRCASECMP 1
| #define HAVE_STRNCASECMP 1
| #define HAVE_POLL 1
| #define HAVE_WCHAR_H 1
| #define HAVE_WCTYPE_H 1
| #define HAVE_BROKEN_WCTYPE 1
| #define REALLOC_0_WORKS 1
| #define G_VA_COPY va_copy
| #define G_VA_COPY_AS_ARRAY 1
| #define HAVE_LOCALTIME_R 1
| #define HAVE_RAND_R 1
| #define HAVE_GETPWUID_R 1
| #define HAVE_GETPWUID_R_POSIX 1
| #define HAVE_PTHREAD_GETSPECIFIC_POSIX 1
| #define HAVE_PTHREAD_MUTEX_TRYLOCK_POSIX 1
| /* end confdefs.h.  */
| #include <pthread.h>
| 			#include <sys/time.h>
| 			int main () {
| 			pthread_mutex_t mutex = PTHREAD_MUTEX_INITIALIZER;
| 			pthread_cond_t cond = PTHREAD_COND_INITIALIZER;
| 			struct timeval tval;
| 			struct timespec tspec;
| 			gettimeofday (&tval, NULL);
| 			tspec.tv_sec = tval.tv_sec;
| 			tspec.tv_nsec = 0;
| 			pthread_mutex_lock (&mutex);
| 			return pthread_cond_timedwait (&cond,&mutex,&tspec)
| 				!= -1;}
configure:28847: result: yes
configure:28886: checking size of pthread_mutex_t
configure:28920: gcc -o conftest -g -O2 -Wall  -D_REENTRANT   conftest.c  >&5
conftest.c:80: warning: return type defaults to 'int'
conftest.c: In function 'main':
conftest.c:82: warning: implicit declaration of function 'exit'
conftest.c:82: warning: incompatible implicit declaration of built-in function 'exit'
conftest.c:83: warning: format '%d' expects type 'int', but argument 3 has type 'long unsigned int'
configure:28923: $? = 0
configure:28929: ./conftest
configure:28932: $? = 0
configure:28948: result: 64
configure:28955: checking byte contents of pthread_mutex_t
configure:28990: gcc -o conftest -g -O2 -Wall  -D_REENTRANT   conftest.c  >&5
conftest.c:81: warning: return type defaults to 'int'
conftest.c: In function 'main':
conftest.c:86: warning: implicit declaration of function 'exit'
conftest.c:86: warning: incompatible implicit declaration of built-in function 'exit'
configure:28993: $? = 0
configure:28999: ./conftest
configure:29002: $? = 0
configure:29018: result: -89,-85,-86,50,0,0,0,0,0,0,0,0,0,0,0,0,0,0,0,0,0,0,0,0,0,0,0,0,0,0,0,0,0,0,0,0,0,0,0,0,0,0,0,0,0,0,0,0,0,0,0,0,0,0,0,0,0,0,0,0,0,0,0,0
configure:29041: checking system definitions for POLLIN POLLOUT POLLPRI POLLERR POLLHUP POLLNVAL
configure:29086: gcc -o conftest -g -O2 -Wall  -D_REENTRANT   conftest.c  >&5
configure:29089: $? = 0
configure:29095: ./conftest
configure:29098: $? = 0
configure:29100: result: done
configure:29272: creating ./config.status

## ---------------------- ##
## Running config.status. ##
## ---------------------- ##

This file was extended by config.status, which was
generated by GNU Autoconf 2.61.  Invocation command line was

  CONFIG_FILES    = 
  CONFIG_HEADERS  = 
  CONFIG_LINKS    = 
  CONFIG_COMMANDS = 
  $ ./config.status 

on Sara-Chippss-MacBook-Pro.local

config.status:876: creating glib.spec
config.status:876: creating Makefile
config.status:876: creating glib-config
config.status:876: creating gmodule/gmoduleconf.h
config.status:876: creating gmodule/Makefile
config.status:876: creating gthread/Makefile
config.status:876: creating docs/Makefile
config.status:876: creating docs/glib-config.1
config.status:876: creating tests/Makefile
config.status:876: creating glib.pc
config.status:876: creating gmodule.pc
config.status:876: creating gthread.pc
config.status:876: creating config.h
config.status:1200: executing depfiles commands
config.status:1200: executing default-1 commands
config.status:1200: executing default commands

## ---------------- ##
## Cache variables. ##
## ---------------- ##

ac_cv_build=i386-apple-darwin10.8.0
ac_cv_c_bigendian=no
ac_cv_c_compiler_gnu=yes
ac_cv_c_const=yes
ac_cv_cxx_compiler_gnu=yes
ac_cv_env_CCC_set=
ac_cv_env_CCC_value=
ac_cv_env_CC_set=
ac_cv_env_CC_value=
ac_cv_env_CFLAGS_set=
ac_cv_env_CFLAGS_value=
ac_cv_env_CPPFLAGS_set=
ac_cv_env_CPPFLAGS_value=
ac_cv_env_CPP_set=
ac_cv_env_CPP_value=
ac_cv_env_CXXCPP_set=
ac_cv_env_CXXCPP_value=
ac_cv_env_CXXFLAGS_set=
ac_cv_env_CXXFLAGS_value=
ac_cv_env_CXX_set=
ac_cv_env_CXX_value=
ac_cv_env_F77_set=
ac_cv_env_F77_value=
ac_cv_env_FFLAGS_set=
ac_cv_env_FFLAGS_value=
ac_cv_env_LDFLAGS_set=
ac_cv_env_LDFLAGS_value=
ac_cv_env_LIBS_set=
ac_cv_env_LIBS_value=
ac_cv_env_build_alias_set=
ac_cv_env_build_alias_value=
ac_cv_env_host_alias_set=
ac_cv_env_host_alias_value=
ac_cv_env_target_alias_set=
ac_cv_env_target_alias_value=
ac_cv_f77_compiler_gnu=no
ac_cv_func__doprnt=no
ac_cv_func_atexit=yes
ac_cv_func_dlerror=yes
ac_cv_func_dlopen=yes
ac_cv_func_dlsym=yes
ac_cv_func_getpwuid_r=yes
ac_cv_func_iswalnum=yes
ac_cv_func_localtime_r=yes
ac_cv_func_lstat=yes
ac_cv_func_memmove=yes
ac_cv_func_on_exit=no
ac_cv_func_poll=yes
ac_cv_func_rand_r=yes
ac_cv_func_strcasecmp=yes
ac_cv_func_strerror=yes
ac_cv_func_strncasecmp=yes
ac_cv_func_strsignal=yes
ac_cv_func_vprintf=yes
ac_cv_func_vsnprintf=yes
ac_cv_header_dlfcn_h=yes
ac_cv_header_float_h=yes
ac_cv_header_inttypes_h=yes
ac_cv_header_limits_h=yes
ac_cv_header_memory_h=yes
ac_cv_header_pthread_h=yes
ac_cv_header_pwd_h=yes
ac_cv_header_stdc=yes
ac_cv_header_stdint_h=yes
ac_cv_header_stdlib_h=yes
ac_cv_header_string_h=yes
ac_cv_header_strings_h=yes
ac_cv_header_sys_param_h=yes
ac_cv_header_sys_poll_h=yes
ac_cv_header_sys_select_h=yes
ac_cv_header_sys_stat_h=yes
ac_cv_header_sys_time_h=yes
ac_cv_header_sys_times_h=yes
ac_cv_header_sys_types_h=yes
ac_cv_header_unistd_h=yes
ac_cv_header_values_h=no
ac_cv_host=i386-apple-darwin10.8.0
ac_cv_lib_pthread_pthread_attr_init=yes
ac_cv_objext=o
ac_cv_path_EGREP='/usr/bin/grep -E'
ac_cv_path_GREP=/usr/bin/grep
ac_cv_path_install='/usr/bin/install -c'
ac_cv_prog_AWK=awk
ac_cv_prog_CPP='gcc -E'
ac_cv_prog_CXXCPP='g++ -E'
ac_cv_prog_ac_ct_AR=ar
ac_cv_prog_ac_ct_CC=gcc
ac_cv_prog_ac_ct_CXX=g++
ac_cv_prog_ac_ct_RANLIB=ranlib
ac_cv_prog_ac_ct_STRIP=strip
ac_cv_prog_cc_c89=
ac_cv_prog_cc_g=yes
ac_cv_prog_cxx_g=yes
ac_cv_prog_f77_g=no
ac_cv_prog_make_make_set=yes
ac_cv_sizeof_char=1
ac_cv_sizeof_int=4
ac_cv_sizeof_long=8
ac_cv_sizeof_long_long=8
ac_cv_sizeof_short=2
ac_cv_sizeof_void_p=8
ac_cv_type_char=yes
ac_cv_type_int=yes
ac_cv_type_long=yes
ac_cv_type_long_long=yes
ac_cv_type_short=yes
ac_cv_type_void_p=yes
am_cv_CC_dependencies_compiler_type=gcc3
am_cv_CXX_dependencies_compiler_type=gcc3
am_cv_prog_cc_stdc=
glib_cv___va_copy=yes
glib_cv_byte_contents_gmutex=-89,-85,-86,50,0,0,0,0,0,0,0,0,0,0,0,0,0,0,0,0,0,0,0,0,0,0,0,0,0,0,0,0,0,0,0,0,0,0,0,0,0,0,0,0,0,0,0,0,0,0,0,0,0,0,0,0,0,0,0,0,0,0,0,0
glib_cv_has__inline=yes
glib_cv_has__inline__=yes
glib_cv_hasinline=yes
glib_cv_rtldglobal_broken=no
glib_cv_sane_realloc=yes
glib_cv_sizeof_gmutex=64
glib_cv_uscore=no
glib_cv_va_copy=yes
glib_cv_va_val_copy=no
lt_cv_deplibs_check_method=pass_all
lt_cv_file_magic_cmd='$MAGIC_CMD'
lt_cv_file_magic_test_file=
lt_cv_ld_reload_flag=-r
lt_cv_objdir=.libs
lt_cv_path_LD=/usr/libexec/gcc/i686-apple-darwin10/4.2.1/ld
lt_cv_path_LDCXX=/usr/libexec/gcc/i686-apple-darwin10/4.2.1/ld
lt_cv_path_NM=/usr/bin/nm
lt_cv_path_SED=/usr/bin/sed
lt_cv_prog_compiler_c_o=yes
lt_cv_prog_compiler_c_o_CXX=yes
lt_cv_prog_compiler_rtti_exceptions=no
lt_cv_prog_gnu_ld=no
lt_cv_prog_gnu_ldcxx=no
lt_cv_sys_global_symbol_pipe='sed -n -e '\''s/^.*[ 	]\([BCDEGRST][BCDEGRST]*\)[ 	][ 	]*_\([_A-Za-z][_A-Za-z0-9]*\)$/\1 _\2 \2/p'\'''
lt_cv_sys_global_symbol_to_c_name_address='sed -n -e '\''s/^: \([^ ]*\) $/  {\"\1\", (lt_ptr) 0},/p'\'' -e '\''s/^[BCDEGRST] \([^ ]*\) \([^ ]*\)$/  {"\2", (lt_ptr) \&\2},/p'\'''
lt_cv_sys_global_symbol_to_cdecl='sed -n -e '\''s/^. .* \(.*\)$/extern int \1;/p'\'''
lt_cv_sys_max_cmd_len=196608
lt_lt_cv_prog_compiler_c_o='"yes"'
lt_lt_cv_prog_compiler_c_o_CXX='"yes"'
lt_lt_cv_sys_global_symbol_pipe='"sed -n -e '\''s/^.*[ 	]\\([BCDEGRST][BCDEGRST]*\\)[ 	][ 	]*_\\([_A-Za-z][_A-Za-z0-9]*\\)\$/\\1 _\\2 \\2/p'\''"'
lt_lt_cv_sys_global_symbol_to_c_name_address='"sed -n -e '\''s/^: \\([^ ]*\\) \$/  {\\\"\\1\\\", (lt_ptr) 0},/p'\'' -e '\''s/^[BCDEGRST] \\([^ ]*\\) \\([^ ]*\\)\$/  {\"\\2\", (lt_ptr) \\&\\2},/p'\''"'
lt_lt_cv_sys_global_symbol_to_cdecl='"sed -n -e '\''s/^. .* \\(.*\\)\$/extern int \\1;/p'\''"'

## ----------------- ##
## Output variables. ##
## ----------------- ##

ACLOCAL='${SHELL} /Users/sarajchipps/Development/OctocatMe/backend/pkg-config-0.23/glib-1.2.10/missing --run aclocal-1.7'
AMDEPBACKSLASH='\'
AMDEP_FALSE='#'
AMDEP_TRUE=''
AMTAR='${SHELL} /Users/sarajchipps/Development/OctocatMe/backend/pkg-config-0.23/glib-1.2.10/missing --run tar'
AR='ar'
AUTOCONF='${SHELL} /Users/sarajchipps/Development/OctocatMe/backend/pkg-config-0.23/glib-1.2.10/missing --run autoconf'
AUTOHEADER='${SHELL} /Users/sarajchipps/Development/OctocatMe/backend/pkg-config-0.23/glib-1.2.10/missing --run autoheader'
AUTOMAKE='${SHELL} /Users/sarajchipps/Development/OctocatMe/backend/pkg-config-0.23/glib-1.2.10/missing --run automake-1.7'
AWK='awk'
CC='gcc'
CCDEPMODE='depmode=gcc3'
CFLAGS='-g -O2 -Wall  -D_REENTRANT'
CPP='gcc -E'
CPPFLAGS=''
CXX='g++'
CXXCPP='g++ -E'
CXXDEPMODE='depmode=gcc3'
CXXFLAGS='-g -O2'
CYGPATH_W='echo'
DEFS='-DHAVE_CONFIG_H'
DEPDIR='.deps'
ECHO='/bin/echo'
ECHO_C='ECHO_N=''
ECHO_T=''
EGREP='/usr/bin/grep -E'
ENABLE_MEM_CHECK=''
ENABLE_MEM_PROFILE=''
EXEEXT=''
F77=''
FFLAGS=''
GLIB_BINARY_AGE='10'
GLIB_DEBUG_FLAGS=''
GLIB_INTERFACE_AGE='10'
GLIB_MAJOR_VERSION='1'
GLIB_MICRO_VERSION='10'
GLIB_MINOR_VERSION='2'
GLIB_VERSION='1.2.10'
GREP='/usr/bin/grep'
G_MODULE_BROKEN_RTLD_GLOBAL='0'
G_MODULE_HAVE_DLERROR='1'
G_MODULE_IMPL='G_MODULE_IMPL_DL'
G_MODULE_LDFLAGS=''
G_MODULE_LIBS=''
G_MODULE_NEED_USCORE='0'
G_THREAD_CFLAGS=' -D_REENTRANT'
G_THREAD_LIBS='-lpthread'
INSTALL_DATA='${INSTALL} -m 644'
INSTALL_PROGRAM='${INSTALL}'
INSTALL_SCRIPT='${INSTALL}'
INSTALL_STRIP_PROGRAM='${SHELL} $(install_sh) -c -s'
LDFLAGS=''
LIBOBJS=''
LIBS=''
LIBTOOL='$(SHELL) $(top_builddir)/libtool'
LN_S='ln -s'
LTLIBOBJS=''
LT_AGE='0'
LT_CURRENT='0'
LT_RELEASE='1.2'
LT_REVISION='10'
MAINT='#'
MAINTAINER_MODE_FALSE=''
MAINTAINER_MODE_TRUE='#'
MAKEINFO='${SHELL} /Users/sarajchipps/Development/OctocatMe/backend/pkg-config-0.23/glib-1.2.10/missing --run makeinfo'
OBJEXT='o'
PACKAGE='glib'
PACKAGE_BUGREPORT=''
PACKAGE_NAME=''
PACKAGE_STRING=''
PACKAGE_TARNAME=''
PACKAGE_VERSION=''
PATH_SEPARATOR=':'
RANLIB='ranlib'
SED='/usr/bin/sed'
SET_MAKE=''
SHELL='/bin/sh'
STRIP='strip'
VERSION='1.2.10'
ac_ct_CC='gcc'
ac_ct_CXX='g++'
ac_ct_F77=''
am__fastdepCC_FALSE='#'
am__fastdepCC_TRUE=''
am__fastdepCXX_FALSE='#'
am__fastdepCXX_TRUE=''
am__include='include'
am__leading_dot='.'
am__quote=''
bindir='${exec_prefix}/bin'
build='i386-apple-darwin10.8.0'
build_alias=''
build_cpu='i386'
build_os='darwin10.8.0'
build_vendor='apple'
datadir='${datarootdir}'
datarootdir='${prefix}/share'
docdir='${datarootdir}/doc/${PACKAGE}'
dvidir='${docdir}'
exec_prefix='${prefix}'
host='i386-apple-darwin10.8.0'
host_alias=''
host_cpu='i386'
host_os='darwin10.8.0'
host_vendor='apple'
htmldir='${docdir}'
includedir='${prefix}/include'
infodir='${datarootdir}/info'
install_sh='/Users/sarajchipps/Development/OctocatMe/backend/pkg-config-0.23/glib-1.2.10/install-sh'
libdir='${exec_prefix}/lib'
libexecdir='${exec_prefix}/libexec'
localedir='${datarootdir}/locale'
localstatedir='${prefix}/var'
mandir='${datarootdir}/man'
oldincludedir='/usr/include'
pdfdir='${docdir}'
prefix='/usr/local'
program_transform_name='s,x,x,'
psdir='${docdir}'
sbindir='${exec_prefix}/sbin'
sharedstatedir='${prefix}/com'
sysconfdir='${prefix}/etc'
target_alias=''

## ----------- ##
## confdefs.h. ##
## ----------- ##

#define PACKAGE_NAME ""
#define PACKAGE_TARNAME ""
#define PACKAGE_VERSION ""
#define PACKAGE_STRING ""
#define PACKAGE_BUGREPORT ""
#define GLIB_MAJOR_VERSION 1
#define GLIB_MINOR_VERSION 2
#define GLIB_MICRO_VERSION 10
#define GLIB_INTERFACE_AGE 10
#define GLIB_BINARY_AGE 10
#define STDC_HEADERS 1
#define HAVE_SYS_TYPES_H 1
#define HAVE_SYS_STAT_H 1
#define HAVE_STDLIB_H 1
#define HAVE_STRING_H 1
#define HAVE_MEMORY_H 1
#define HAVE_STRINGS_H 1
#define HAVE_INTTYPES_H 1
#define HAVE_STDINT_H 1
#define HAVE_UNISTD_H 1
#define HAVE_DLFCN_H 1
#define G_COMPILED_WITH_DEBUGGING "minimum"
#define STDC_HEADERS 1
#define HAVE_VPRINTF 1
#define HAVE_ATEXIT 1
#define SIZEOF_CHAR 1
#define SIZEOF_SHORT 2
#define SIZEOF_LONG 8
#define SIZEOF_INT 4
#define SIZEOF_VOID_P 8
#define SIZEOF_LONG_LONG 8
#define G_HAVE___INLINE 1
#define G_HAVE___INLINE__ 1
#define G_HAVE_INLINE 1
#define HAVE_FLOAT_H 1
#define HAVE_FLOAT_H 1
#define HAVE_LIMITS_H 1
#define HAVE_LIMITS_H 1
#define HAVE_PWD_H 1
#define HAVE_PWD_H 1
#define HAVE_SYS_PARAM_H 1
#define HAVE_SYS_PARAM_H 1
#define HAVE_SYS_POLL_H 1
#define HAVE_SYS_POLL_H 1
#define HAVE_SYS_SELECT_H 1
#define HAVE_SYS_SELECT_H 1
#define HAVE_SYS_TIME_H 1
#define HAVE_SYS_TIME_H 1
#define HAVE_SYS_TIMES_H 1
#define HAVE_SYS_TIMES_H 1
#define HAVE_UNISTD_H 1
#define HAVE_UNISTD_H 1
#define HAVE_LSTAT 1
#define HAVE_STRERROR 1
#define HAVE_STRSIGNAL 1
#define HAVE_MEMMOVE 1
#define HAVE_VSNPRINTF 1
#define HAVE_STRCASECMP 1
#define HAVE_STRNCASECMP 1
#define HAVE_POLL 1
#define HAVE_WCHAR_H 1
#define HAVE_WCTYPE_H 1
#define HAVE_BROKEN_WCTYPE 1
#define REALLOC_0_WORKS 1
#define G_VA_COPY va_copy
#define G_VA_COPY_AS_ARRAY 1
#define HAVE_LOCALTIME_R 1
#define HAVE_RAND_R 1
#define HAVE_GETPWUID_R 1
#define HAVE_GETPWUID_R_POSIX 1
#define HAVE_PTHREAD_GETSPECIFIC_POSIX 1
#define HAVE_PTHREAD_MUTEX_TRYLOCK_POSIX 1
#define HAVE_PTHREAD_COND_TIMEDWAIT_POSIX 1
#define G_THREAD_SOURCE "gthread-posix.c"
#define GLIB_SIZEOF_GMUTEX 64
#define GLIB_BYTE_CONTENTS_GMUTEX -89,-85,-86,50,0,0,0,0,0,0,0,0,0,0,0,0,0,0,0,0,0,0,0,0,0,0,0,0,0,0,0,0,0,0,0,0,0,0,0,0,0,0,0,0,0,0,0,0,0,0,0,0,0,0,0,0,0,0,0,0,0,0,0,0

configure: exit 0

## ---------------------- ##
## Running config.status. ##
## ---------------------- ##

This file was extended by config.status, which was
generated by GNU Autoconf 2.61.  Invocation command line was

  CONFIG_FILES    = 
  CONFIG_HEADERS  = 
  CONFIG_LINKS    = 
  CONFIG_COMMANDS = 
  $ ./config.status 

on Sara-Chippss-MacBook-Pro.local

config.status:1200: executing depfiles commands
config.status:1200: executing default-1 commands
config.status:1200: executing default commands
